running develop
Removing /home/user/fprobocon/install/joystick_controller/lib/python3.10/site-packages/joystick-controller.egg-link (link to .)
running egg_info
writing ../../build/joystick_controller/joystick_controller.egg-info/PKG-INFO
writing dependency_links to ../../build/joystick_controller/joystick_controller.egg-info/dependency_links.txt
writing entry points to ../../build/joystick_controller/joystick_controller.egg-info/entry_points.txt
writing requirements to ../../build/joystick_controller/joystick_controller.egg-info/requires.txt
writing top-level names to ../../build/joystick_controller/joystick_controller.egg-info/top_level.txt
reading manifest file '../../build/joystick_controller/joystick_controller.egg-info/SOURCES.txt'
adding license file 'LICENSE'
writing manifest file '../../build/joystick_controller/joystick_controller.egg-info/SOURCES.txt'
running build
running build_py
running install
running install_lib
creating /home/user/fprobocon/install/joystick_controller/lib/python3.10/site-packages/joystick_controller
copying /home/user/fprobocon/build/joystick_controller/build/lib/joystick_controller/joystick_controller.py -> /home/user/fprobocon/install/joystick_controller/lib/python3.10/site-packages/joystick_controller
copying /home/user/fprobocon/build/joystick_controller/build/lib/joystick_controller/__init__.py -> /home/user/fprobocon/install/joystick_controller/lib/python3.10/site-packages/joystick_controller
byte-compiling /home/user/fprobocon/install/joystick_controller/lib/python3.10/site-packages/joystick_controller/joystick_controller.py to joystick_controller.cpython-310.pyc
byte-compiling /home/user/fprobocon/install/joystick_controller/lib/python3.10/site-packages/joystick_controller/__init__.py to __init__.cpython-310.pyc
running install_data
copying resource/joystick_controller -> /home/user/fprobocon/install/joystick_controller/share/ament_index/resource_index/packages
copying package.xml -> /home/user/fprobocon/install/joystick_controller/share/joystick_controller
running install_egg_info
Copying ../../build/joystick_controller/joystick_controller.egg-info to /home/user/fprobocon/install/joystick_controller/lib/python3.10/site-packages/joystick_controller-0.0.0-py3.10.egg-info
running install_scripts
writing list of installed files to '/home/user/fprobocon/build/joystick_controller/install.log'
