[0.938s] Invoking command in '/home/user/fprobocon/build/joystick_controller': PYTHONPATH=/home/user/fprobocon/build/joystick_controller/prefix_override:/usr/lib/python3/dist-packages/colcon_core/task/python/colcon_distutils_commands:/home/user/fprobocon/install/joystick_controller/lib/python3.10/site-packages:${PYTHONPATH} /usr/bin/python3 -W ignore:setup.py install is deprecated setup.py develop --uninstall --editable --build-directory /home/user/fprobocon/build/joystick_controller/build
[1.133s] running develop
[1.133s] /usr/lib/python3/dist-packages/setuptools/command/easy_install.py:158: EasyInstallDeprecationWarning: easy_install command is deprecated. Use build and pip and other standards-based tools.
[1.133s]   warnings.warn(
[1.260s] Removing /home/user/fprobocon/install/joystick_controller/lib/python3.10/site-packages/joystick-controller.egg-link (link to .)
[1.284s] Invoked command in '/home/user/fprobocon/build/joystick_controller' returned '0': PYTHONPATH=/home/user/fprobocon/build/joystick_controller/prefix_override:/usr/lib/python3/dist-packages/colcon_core/task/python/colcon_distutils_commands:/home/user/fprobocon/install/joystick_controller/lib/python3.10/site-packages:${PYTHONPATH} /usr/bin/python3 -W ignore:setup.py install is deprecated setup.py develop --uninstall --editable --build-directory /home/user/fprobocon/build/joystick_controller/build
[1.285s] Invoking command in '/home/user/fprobocon/src/joystick_controller': PYTHONPATH=/home/user/fprobocon/build/joystick_controller/prefix_override:/usr/lib/python3/dist-packages/colcon_core/task/python/colcon_distutils_commands:/home/user/fprobocon/install/joystick_controller/lib/python3.10/site-packages:${PYTHONPATH} /usr/bin/python3 -W ignore:setup.py install is deprecated setup.py egg_info --egg-base ../../build/joystick_controller build --build-base /home/user/fprobocon/build/joystick_controller/build install --record /home/user/fprobocon/build/joystick_controller/install.log --single-version-externally-managed install_data --force
[1.460s] running egg_info
[1.461s] writing ../../build/joystick_controller/joystick_controller.egg-info/PKG-INFO
[1.461s] writing dependency_links to ../../build/joystick_controller/joystick_controller.egg-info/dependency_links.txt
[1.461s] writing entry points to ../../build/joystick_controller/joystick_controller.egg-info/entry_points.txt
[1.461s] writing requirements to ../../build/joystick_controller/joystick_controller.egg-info/requires.txt
[1.461s] writing top-level names to ../../build/joystick_controller/joystick_controller.egg-info/top_level.txt
[1.462s] reading manifest file '../../build/joystick_controller/joystick_controller.egg-info/SOURCES.txt'
[1.463s] adding license file 'LICENSE'
[1.463s] writing manifest file '../../build/joystick_controller/joystick_controller.egg-info/SOURCES.txt'
[1.463s] running build
[1.463s] running build_py
[1.463s] running install
[1.464s] running install_lib
[1.464s] creating /home/user/fprobocon/install/joystick_controller/lib/python3.10/site-packages/joystick_controller
[1.464s] copying /home/user/fprobocon/build/joystick_controller/build/lib/joystick_controller/joystick_controller.py -> /home/user/fprobocon/install/joystick_controller/lib/python3.10/site-packages/joystick_controller
[1.464s] copying /home/user/fprobocon/build/joystick_controller/build/lib/joystick_controller/__init__.py -> /home/user/fprobocon/install/joystick_controller/lib/python3.10/site-packages/joystick_controller
[1.465s] byte-compiling /home/user/fprobocon/install/joystick_controller/lib/python3.10/site-packages/joystick_controller/joystick_controller.py to joystick_controller.cpython-310.pyc
[1.465s] byte-compiling /home/user/fprobocon/install/joystick_controller/lib/python3.10/site-packages/joystick_controller/__init__.py to __init__.cpython-310.pyc
[1.465s] running install_data
[1.466s] copying resource/joystick_controller -> /home/user/fprobocon/install/joystick_controller/share/ament_index/resource_index/packages
[1.466s] copying package.xml -> /home/user/fprobocon/install/joystick_controller/share/joystick_controller
[1.466s] running install_egg_info
[1.469s] Copying ../../build/joystick_controller/joystick_controller.egg-info to /home/user/fprobocon/install/joystick_controller/lib/python3.10/site-packages/joystick_controller-0.0.0-py3.10.egg-info
[1.470s] running install_scripts
[1.486s] writing list of installed files to '/home/user/fprobocon/build/joystick_controller/install.log'
[1.511s] Invoked command in '/home/user/fprobocon/src/joystick_controller' returned '0': PYTHONPATH=/home/user/fprobocon/build/joystick_controller/prefix_override:/usr/lib/python3/dist-packages/colcon_core/task/python/colcon_distutils_commands:/home/user/fprobocon/install/joystick_controller/lib/python3.10/site-packages:${PYTHONPATH} /usr/bin/python3 -W ignore:setup.py install is deprecated setup.py egg_info --egg-base ../../build/joystick_controller build --build-base /home/user/fprobocon/build/joystick_controller/build install --record /home/user/fprobocon/build/joystick_controller/install.log --single-version-externally-managed install_data --force
