[0.938s] Invoking command in '/home/user/fprobocon/src/keyboard_controller': PYTHONPATH=/home/user/fprobocon/build/keyboard_controller/prefix_override:/usr/lib/python3/dist-packages/colcon_core/task/python/colcon_distutils_commands:/home/user/fprobocon/install/keyboard_controller/lib/python3.10/site-packages:${PYTHONPATH} /usr/bin/python3 -W ignore:setup.py install is deprecated setup.py egg_info --egg-base ../../build/keyboard_controller build --build-base /home/user/fprobocon/build/keyboard_controller/build install --record /home/user/fprobocon/build/keyboard_controller/install.log --single-version-externally-managed install_data
[1.256s] running egg_info
[1.257s] writing ../../build/keyboard_controller/keyboard_controller.egg-info/PKG-INFO
[1.258s] writing dependency_links to ../../build/keyboard_controller/keyboard_controller.egg-info/dependency_links.txt
[1.258s] writing entry points to ../../build/keyboard_controller/keyboard_controller.egg-info/entry_points.txt
[1.258s] writing requirements to ../../build/keyboard_controller/keyboard_controller.egg-info/requires.txt
[1.259s] writing top-level names to ../../build/keyboard_controller/keyboard_controller.egg-info/top_level.txt
[1.261s] reading manifest file '../../build/keyboard_controller/keyboard_controller.egg-info/SOURCES.txt'
[1.262s] adding license file 'LICENSE'
[1.263s] writing manifest file '../../build/keyboard_controller/keyboard_controller.egg-info/SOURCES.txt'
[1.263s] running build
[1.263s] running build_py
[1.266s] running install
[1.266s] running install_lib
[1.268s] running install_data
[1.268s] running install_egg_info
[1.270s] removing '/home/user/fprobocon/install/keyboard_controller/lib/python3.10/site-packages/keyboard_controller-0.0.0-py3.10.egg-info' (and everything under it)
[1.271s] Copying ../../build/keyboard_controller/keyboard_controller.egg-info to /home/user/fprobocon/install/keyboard_controller/lib/python3.10/site-packages/keyboard_controller-0.0.0-py3.10.egg-info
[1.272s] running install_scripts
[1.301s] Installing keyboard_controller script to /home/user/fprobocon/install/keyboard_controller/lib/keyboard_controller
[1.301s] writing list of installed files to '/home/user/fprobocon/build/keyboard_controller/install.log'
[1.352s] Invoked command in '/home/user/fprobocon/src/keyboard_controller' returned '0': PYTHONPATH=/home/user/fprobocon/build/keyboard_controller/prefix_override:/usr/lib/python3/dist-packages/colcon_core/task/python/colcon_distutils_commands:/home/user/fprobocon/install/keyboard_controller/lib/python3.10/site-packages:${PYTHONPATH} /usr/bin/python3 -W ignore:setup.py install is deprecated setup.py egg_info --egg-base ../../build/keyboard_controller build --build-base /home/user/fprobocon/build/keyboard_controller/build install --record /home/user/fprobocon/build/keyboard_controller/install.log --single-version-externally-managed install_data
