[0.683s] Invoking command in '/home/user/fprobocon/src/build/move_to_target': CMAKE_PREFIX_PATH=${CMAKE_PREFIX_PATH}:/home/user/fprobocon/install/sim2025_key:/home/user/fprobocon/install/keyboard_controller:/opt/ros/humble /usr/bin/cmake /home/user/fprobocon/src/move_to_target -DAMENT_CMAKE_SYMLINK_INSTALL=1 -DCMAKE_INSTALL_PREFIX=/home/user/fprobocon/src/install/move_to_target
[0.785s] -- The C compiler identification is GNU 11.4.0
[0.872s] -- The CXX compiler identification is GNU 11.4.0
[0.884s] -- Detecting C compiler ABI info
[0.979s] -- Detecting C compiler ABI info - done
[0.987s] -- Check for working C compiler: /usr/bin/cc - skipped
[0.987s] -- Detecting C compile features
[0.988s] -- Detecting C compile features - done
[0.992s] -- Detecting CXX compiler ABI info
[1.106s] -- Detecting CXX compiler ABI info - done
[1.115s] -- Check for working CXX compiler: /usr/bin/c++ - skipped
[1.115s] -- Detecting CXX compile features
[1.115s] -- Detecting CXX compile features - done
[1.120s] -- Found ament_cmake: 1.3.10 (/opt/ros/humble/share/ament_cmake/cmake)
[1.314s] -- Found Python3: /usr/bin/python3 (found version "3.10.12") found components: Interpreter 
[1.392s] -- Override CMake install command with custom implementation using symlinks instead of copying resources
[1.501s] -- Found rclcpp: 16.0.10 (/opt/ros/humble/share/rclcpp/cmake)
[1.580s] -- Found rosidl_generator_c: 3.1.5 (/opt/ros/humble/share/rosidl_generator_c/cmake)
[1.588s] -- Found rosidl_adapter: 3.1.5 (/opt/ros/humble/share/rosidl_adapter/cmake)
[1.602s] -- Found rosidl_generator_cpp: 3.1.5 (/opt/ros/humble/share/rosidl_generator_cpp/cmake)
[1.641s] -- Using all available rosidl_typesupport_c: rosidl_typesupport_fastrtps_c;rosidl_typesupport_introspection_c
[1.684s] -- Using all available rosidl_typesupport_cpp: rosidl_typesupport_fastrtps_cpp;rosidl_typesupport_introspection_cpp
[1.753s] -- Found rmw_implementation_cmake: 6.1.2 (/opt/ros/humble/share/rmw_implementation_cmake/cmake)
[1.760s] -- Found rmw_fastrtps_cpp: 6.2.7 (/opt/ros/humble/share/rmw_fastrtps_cpp/cmake)
[1.897s] -- Found OpenSSL: /usr/lib/x86_64-linux-gnu/libcrypto.so (found version "3.0.2")  
[1.934s] -- Found FastRTPS: /opt/ros/humble/include  
[1.990s] -- Using RMW implementation 'rmw_fastrtps_cpp' as default
[2.004s] -- Looking for pthread.h
[2.103s] -- Looking for pthread.h - found
[2.104s] -- Performing Test CMAKE_HAVE_LIBC_PTHREAD
[2.217s] -- Performing Test CMAKE_HAVE_LIBC_PTHREAD - Success
[2.218s] -- Found Threads: TRUE  
[2.283s] -- Found geometry_msgs: 4.2.4 (/opt/ros/humble/share/geometry_msgs/cmake)
[2.299s] -- Found ament_lint_auto: 0.12.11 (/opt/ros/humble/share/ament_lint_auto/cmake)
[2.394s] -- Added test 'cppcheck' to perform static code analysis on C / C++ code
[2.394s] -- Configured cppcheck include dirs: 
[2.394s] -- Configured cppcheck exclude dirs and/or files: 
[2.395s] -- Added test 'lint_cmake' to check CMake code style
[2.396s] -- Added test 'uncrustify' to check C / C++ code style
[2.396s] -- Configured uncrustify additional arguments: 
[2.397s] -- Added test 'xmllint' to check XML markup files
[2.399s] -- Configuring done
[2.410s] -- Generating done
[2.412s] -- Build files have been written to: /home/user/fprobocon/src/build/move_to_target
[2.422s] Invoked command in '/home/user/fprobocon/src/build/move_to_target' returned '0': CMAKE_PREFIX_PATH=${CMAKE_PREFIX_PATH}:/home/user/fprobocon/install/sim2025_key:/home/user/fprobocon/install/keyboard_controller:/opt/ros/humble /usr/bin/cmake /home/user/fprobocon/src/move_to_target -DAMENT_CMAKE_SYMLINK_INSTALL=1 -DCMAKE_INSTALL_PREFIX=/home/user/fprobocon/src/install/move_to_target
[2.424s] Invoking command in '/home/user/fprobocon/src/build/move_to_target': CMAKE_PREFIX_PATH=${CMAKE_PREFIX_PATH}:/home/user/fprobocon/install/sim2025_key:/home/user/fprobocon/install/keyboard_controller:/opt/ros/humble /usr/bin/cmake --build /home/user/fprobocon/src/build/move_to_target -- -j16 -l16
[2.485s] [ 50%] [32mBuilding CXX object CMakeFiles/move_to_target_node.dir/src/move_to_target_node.cpp.o[0m
[6.828s] [100%] [32m[1mLinking CXX executable move_to_target_node[0m
[7.039s] [100%] Built target move_to_target_node
[7.053s] Invoked command in '/home/user/fprobocon/src/build/move_to_target' returned '0': CMAKE_PREFIX_PATH=${CMAKE_PREFIX_PATH}:/home/user/fprobocon/install/sim2025_key:/home/user/fprobocon/install/keyboard_controller:/opt/ros/humble /usr/bin/cmake --build /home/user/fprobocon/src/build/move_to_target -- -j16 -l16
[7.092s] Invoking command in '/home/user/fprobocon/src/build/move_to_target': CMAKE_PREFIX_PATH=${CMAKE_PREFIX_PATH}:/home/user/fprobocon/install/sim2025_key:/home/user/fprobocon/install/keyboard_controller:/opt/ros/humble /usr/bin/cmake --install /home/user/fprobocon/src/build/move_to_target
[7.101s] -- Install configuration: ""
[7.101s] -- Execute custom install script
[7.102s] -- Symlinking: /home/user/fprobocon/src/install/move_to_target/lib/move_to_target/move_to_target_node
[7.113s] -- Symlinking: /home/user/fprobocon/src/install/move_to_target/share/ament_index/resource_index/package_run_dependencies/move_to_target
[7.124s] -- Symlinking: /home/user/fprobocon/src/install/move_to_target/share/ament_index/resource_index/parent_prefix_path/move_to_target
[7.136s] -- Symlinking: /home/user/fprobocon/src/install/move_to_target/share/move_to_target/environment/ament_prefix_path.sh
[7.148s] -- Symlinking: /home/user/fprobocon/src/install/move_to_target/share/move_to_target/environment/ament_prefix_path.dsv
[7.159s] -- Symlinking: /home/user/fprobocon/src/install/move_to_target/share/move_to_target/environment/path.sh
[7.170s] -- Symlinking: /home/user/fprobocon/src/install/move_to_target/share/move_to_target/environment/path.dsv
[7.181s] -- Symlinking: /home/user/fprobocon/src/install/move_to_target/share/move_to_target/local_setup.bash
[7.192s] -- Symlinking: /home/user/fprobocon/src/install/move_to_target/share/move_to_target/local_setup.sh
[7.204s] -- Symlinking: /home/user/fprobocon/src/install/move_to_target/share/move_to_target/local_setup.zsh
[7.214s] -- Symlinking: /home/user/fprobocon/src/install/move_to_target/share/move_to_target/local_setup.dsv
[7.225s] -- Symlinking: /home/user/fprobocon/src/install/move_to_target/share/move_to_target/package.dsv
[7.237s] -- Symlinking: /home/user/fprobocon/src/install/move_to_target/share/ament_index/resource_index/packages/move_to_target
[7.248s] -- Symlinking: /home/user/fprobocon/src/install/move_to_target/share/move_to_target/cmake/move_to_targetConfig.cmake
[7.259s] -- Symlinking: /home/user/fprobocon/src/install/move_to_target/share/move_to_target/cmake/move_to_targetConfig-version.cmake
[7.271s] -- Symlinking: /home/user/fprobocon/src/install/move_to_target/share/move_to_target/package.xml
[7.286s] Invoked command in '/home/user/fprobocon/src/build/move_to_target' returned '0': CMAKE_PREFIX_PATH=${CMAKE_PREFIX_PATH}:/home/user/fprobocon/install/sim2025_key:/home/user/fprobocon/install/keyboard_controller:/opt/ros/humble /usr/bin/cmake --install /home/user/fprobocon/src/build/move_to_target
