[0.891s] Invoking command in '/home/user/fprobocon/src/keyboard_controller': PYTHONPATH=/home/user/fprobocon/build/keyboard_controller/prefix_override:/usr/lib/python3/dist-packages/colcon_core/task/python/colcon_distutils_commands:/home/user/fprobocon/install/keyboard_controller/lib/python3.10/site-packages:${PYTHONPATH} /usr/bin/python3 -W ignore:setup.py install is deprecated setup.py egg_info --egg-base ../../build/keyboard_controller build --build-base /home/user/fprobocon/build/keyboard_controller/build install --record /home/user/fprobocon/build/keyboard_controller/install.log --single-version-externally-managed install_data
[1.213s] running egg_info
[1.214s] writing ../../build/keyboard_controller/keyboard_controller.egg-info/PKG-INFO
[1.214s] writing dependency_links to ../../build/keyboard_controller/keyboard_controller.egg-info/dependency_links.txt
[1.215s] writing entry points to ../../build/keyboard_controller/keyboard_controller.egg-info/entry_points.txt
[1.215s] writing requirements to ../../build/keyboard_controller/keyboard_controller.egg-info/requires.txt
[1.215s] writing top-level names to ../../build/keyboard_controller/keyboard_controller.egg-info/top_level.txt
[1.217s] reading manifest file '../../build/keyboard_controller/keyboard_controller.egg-info/SOURCES.txt'
[1.217s] adding license file 'LICENSE'
[1.218s] writing manifest file '../../build/keyboard_controller/keyboard_controller.egg-info/SOURCES.txt'
[1.218s] running build
[1.218s] running build_py
[1.219s] copying keyboard_controller/keyboard_controller.py -> /home/user/fprobocon/build/keyboard_controller/build/lib/keyboard_controller
[1.220s] running install
[1.220s] running install_lib
[1.221s] copying /home/user/fprobocon/build/keyboard_controller/build/lib/keyboard_controller/keyboard_controller.py -> /home/user/fprobocon/install/keyboard_controller/lib/python3.10/site-packages/keyboard_controller
[1.222s] byte-compiling /home/user/fprobocon/install/keyboard_controller/lib/python3.10/site-packages/keyboard_controller/keyboard_controller.py to keyboard_controller.cpython-310.pyc
[1.224s] running install_data
[1.224s] running install_egg_info
[1.226s] removing '/home/user/fprobocon/install/keyboard_controller/lib/python3.10/site-packages/keyboard_controller-0.0.0-py3.10.egg-info' (and everything under it)
[1.227s] Copying ../../build/keyboard_controller/keyboard_controller.egg-info to /home/user/fprobocon/install/keyboard_controller/lib/python3.10/site-packages/keyboard_controller-0.0.0-py3.10.egg-info
[1.228s] running install_scripts
[1.257s] Installing keyboard_controller script to /home/user/fprobocon/install/keyboard_controller/lib/keyboard_controller
[1.257s] writing list of installed files to '/home/user/fprobocon/build/keyboard_controller/install.log'
[1.298s] Invoked command in '/home/user/fprobocon/src/keyboard_controller' returned '0': PYTHONPATH=/home/user/fprobocon/build/keyboard_controller/prefix_override:/usr/lib/python3/dist-packages/colcon_core/task/python/colcon_distutils_commands:/home/user/fprobocon/install/keyboard_controller/lib/python3.10/site-packages:${PYTHONPATH} /usr/bin/python3 -W ignore:setup.py install is deprecated setup.py egg_info --egg-base ../../build/keyboard_controller build --build-base /home/user/fprobocon/build/keyboard_controller/build install --record /home/user/fprobocon/build/keyboard_controller/install.log --single-version-externally-managed install_data
