running egg_info
writing ../../build/joystick_controller/joystick_controller.egg-info/PKG-INFO
writing dependency_links to ../../build/joystick_controller/joystick_controller.egg-info/dependency_links.txt
writing entry points to ../../build/joystick_controller/joystick_controller.egg-info/entry_points.txt
writing requirements to ../../build/joystick_controller/joystick_controller.egg-info/requires.txt
writing top-level names to ../../build/joystick_controller/joystick_controller.egg-info/top_level.txt
reading manifest file '../../build/joystick_controller/joystick_controller.egg-info/SOURCES.txt'
adding license file 'LICENSE'
writing manifest file '../../build/joystick_controller/joystick_controller.egg-info/SOURCES.txt'
running build
running build_py
running install
running install_lib
running install_data
running install_egg_info
removing '/home/user/fprobocon/install/joystick_controller/lib/python3.10/site-packages/joystick_controller-0.0.0-py3.10.egg-info' (and everything under it)
Copying ../../build/joystick_controller/joystick_controller.egg-info to /home/user/fprobocon/install/joystick_controller/lib/python3.10/site-packages/joystick_controller-0.0.0-py3.10.egg-info
running install_scripts
Installing joystick_controller_node script to /home/user/fprobocon/install/joystick_controller/lib/joystick_controller
writing list of installed files to '/home/user/fprobocon/build/joystick_controller/install.log'
