[0.086s] DEBUG:colcon:Command line arguments: ['/usr/bin/colcon', 'build', '--symlink-install']
[0.086s] DEBUG:colcon:Parsed command line arguments: Namespace(log_base=None, log_level=None, verb_name='build', build_base='build', install_base='install', merge_install=False, symlink_install=True, test_result_base=None, continue_on_error=False, executor='parallel', parallel_workers=16, event_handlers=None, ignore_user_meta=False, metas=['./colcon.meta'], base_paths=['.'], packages_ignore=None, packages_ignore_regex=None, paths=None, packages_up_to=None, packages_up_to_regex=None, packages_above=None, packages_above_and_dependencies=None, packages_above_depth=None, packages_select_by_dep=None, packages_skip_by_dep=None, packages_skip_up_to=None, packages_select_build_failed=False, packages_skip_build_finished=False, packages_select_test_failures=False, packages_skip_test_passed=False, packages_select=None, packages_skip=None, packages_select_regex=None, packages_skip_regex=None, packages_start=None, packages_end=None, allow_overriding=[], cmake_args=None, cmake_target=None, cmake_target_skip_unavailable=False, cmake_clean_cache=False, cmake_clean_first=False, cmake_force_configure=False, ament_cmake_args=None, catkin_cmake_args=None, catkin_skip_building_tests=False, verb_parser=<colcon_defaults.argument_parser.defaults.DefaultArgumentsDecorator object at 0x75e2d4429ff0>, verb_extension=<colcon_core.verb.build.BuildVerb object at 0x75e2d4429ae0>, main=<bound method BuildVerb.main of <colcon_core.verb.build.BuildVerb object at 0x75e2d4429ae0>>)
[0.229s] Level 1:colcon.colcon_core.package_discovery:discover_packages(colcon_meta) check parameters
[0.229s] Level 1:colcon.colcon_core.package_discovery:discover_packages(recursive) check parameters
[0.229s] Level 1:colcon.colcon_core.package_discovery:discover_packages(ignore) check parameters
[0.229s] Level 1:colcon.colcon_core.package_discovery:discover_packages(path) check parameters
[0.229s] Level 1:colcon.colcon_core.package_discovery:discover_packages(colcon_meta) discover
[0.230s] Level 1:colcon.colcon_core.package_discovery:discover_packages(recursive) discover
[0.230s] INFO:colcon.colcon_core.package_discovery:Crawling recursively for packages in '/home/user/fprobocon'
[0.230s] Level 1:colcon.colcon_core.package_identification:_identify(.) by extensions ['ignore', 'ignore_ament_install']
[0.230s] Level 1:colcon.colcon_core.package_identification:_identify(.) by extension 'ignore'
[0.230s] Level 1:colcon.colcon_core.package_identification:_identify(.) by extension 'ignore_ament_install'
[0.230s] Level 1:colcon.colcon_core.package_identification:_identify(.) by extensions ['colcon_pkg']
[0.230s] Level 1:colcon.colcon_core.package_identification:_identify(.) by extension 'colcon_pkg'
[0.230s] Level 1:colcon.colcon_core.package_identification:_identify(.) by extensions ['colcon_meta']
[0.230s] Level 1:colcon.colcon_core.package_identification:_identify(.) by extension 'colcon_meta'
[0.230s] Level 1:colcon.colcon_core.package_identification:_identify(.) by extensions ['ros']
[0.230s] Level 1:colcon.colcon_core.package_identification:_identify(.) by extension 'ros'
[0.240s] Level 1:colcon.colcon_core.package_identification:_identify(.) by extensions ['cmake', 'python']
[0.240s] Level 1:colcon.colcon_core.package_identification:_identify(.) by extension 'cmake'
[0.240s] Level 1:colcon.colcon_core.package_identification:_identify(.) by extension 'python'
[0.240s] Level 1:colcon.colcon_core.package_identification:_identify(.) by extensions ['python_setup_py']
[0.240s] Level 1:colcon.colcon_core.package_identification:_identify(.) by extension 'python_setup_py'
[0.240s] Level 1:colcon.colcon_core.package_identification:_identify(build) by extensions ['ignore', 'ignore_ament_install']
[0.240s] Level 1:colcon.colcon_core.package_identification:_identify(build) by extension 'ignore'
[0.240s] Level 1:colcon.colcon_core.package_identification:_identify(build) ignored
[0.241s] Level 1:colcon.colcon_core.package_identification:_identify(install) by extensions ['ignore', 'ignore_ament_install']
[0.241s] Level 1:colcon.colcon_core.package_identification:_identify(install) by extension 'ignore'
[0.241s] Level 1:colcon.colcon_core.package_identification:_identify(install) ignored
[0.241s] Level 1:colcon.colcon_core.package_identification:_identify(log) by extensions ['ignore', 'ignore_ament_install']
[0.241s] Level 1:colcon.colcon_core.package_identification:_identify(log) by extension 'ignore'
[0.241s] Level 1:colcon.colcon_core.package_identification:_identify(log) ignored
[0.241s] Level 1:colcon.colcon_core.package_identification:_identify(src) by extensions ['ignore', 'ignore_ament_install']
[0.241s] Level 1:colcon.colcon_core.package_identification:_identify(src) by extension 'ignore'
[0.241s] Level 1:colcon.colcon_core.package_identification:_identify(src) by extension 'ignore_ament_install'
[0.241s] Level 1:colcon.colcon_core.package_identification:_identify(src) by extensions ['colcon_pkg']
[0.241s] Level 1:colcon.colcon_core.package_identification:_identify(src) by extension 'colcon_pkg'
[0.241s] Level 1:colcon.colcon_core.package_identification:_identify(src) by extensions ['colcon_meta']
[0.241s] Level 1:colcon.colcon_core.package_identification:_identify(src) by extension 'colcon_meta'
[0.241s] Level 1:colcon.colcon_core.package_identification:_identify(src) by extensions ['ros']
[0.241s] Level 1:colcon.colcon_core.package_identification:_identify(src) by extension 'ros'
[0.241s] Level 1:colcon.colcon_core.package_identification:_identify(src) by extensions ['cmake', 'python']
[0.241s] Level 1:colcon.colcon_core.package_identification:_identify(src) by extension 'cmake'
[0.241s] Level 1:colcon.colcon_core.package_identification:_identify(src) by extension 'python'
[0.241s] Level 1:colcon.colcon_core.package_identification:_identify(src) by extensions ['python_setup_py']
[0.241s] Level 1:colcon.colcon_core.package_identification:_identify(src) by extension 'python_setup_py'
[0.241s] Level 1:colcon.colcon_core.package_identification:_identify(src/build) by extensions ['ignore', 'ignore_ament_install']
[0.241s] Level 1:colcon.colcon_core.package_identification:_identify(src/build) by extension 'ignore'
[0.242s] Level 1:colcon.colcon_core.package_identification:_identify(src/build) ignored
[0.242s] Level 1:colcon.colcon_core.package_identification:_identify(src/install) by extensions ['ignore', 'ignore_ament_install']
[0.242s] Level 1:colcon.colcon_core.package_identification:_identify(src/install) by extension 'ignore'
[0.242s] Level 1:colcon.colcon_core.package_identification:_identify(src/install) ignored
[0.242s] Level 1:colcon.colcon_core.package_identification:_identify(src/joystick_controller) by extensions ['ignore', 'ignore_ament_install']
[0.242s] Level 1:colcon.colcon_core.package_identification:_identify(src/joystick_controller) by extension 'ignore'
[0.242s] Level 1:colcon.colcon_core.package_identification:_identify(src/joystick_controller) by extension 'ignore_ament_install'
[0.242s] Level 1:colcon.colcon_core.package_identification:_identify(src/joystick_controller) by extensions ['colcon_pkg']
[0.242s] Level 1:colcon.colcon_core.package_identification:_identify(src/joystick_controller) by extension 'colcon_pkg'
[0.242s] Level 1:colcon.colcon_core.package_identification:_identify(src/joystick_controller) by extensions ['colcon_meta']
[0.242s] Level 1:colcon.colcon_core.package_identification:_identify(src/joystick_controller) by extension 'colcon_meta'
[0.242s] Level 1:colcon.colcon_core.package_identification:_identify(src/joystick_controller) by extensions ['ros']
[0.242s] Level 1:colcon.colcon_core.package_identification:_identify(src/joystick_controller) by extension 'ros'
[0.244s] DEBUG:colcon.colcon_core.package_identification:Package 'src/joystick_controller' with type 'ros.ament_python' and name 'joystick_controller'
[0.244s] Level 1:colcon.colcon_core.package_identification:_identify(src/keyboard_controller) by extensions ['ignore', 'ignore_ament_install']
[0.244s] Level 1:colcon.colcon_core.package_identification:_identify(src/keyboard_controller) by extension 'ignore'
[0.244s] Level 1:colcon.colcon_core.package_identification:_identify(src/keyboard_controller) by extension 'ignore_ament_install'
[0.244s] Level 1:colcon.colcon_core.package_identification:_identify(src/keyboard_controller) by extensions ['colcon_pkg']
[0.244s] Level 1:colcon.colcon_core.package_identification:_identify(src/keyboard_controller) by extension 'colcon_pkg'
[0.245s] Level 1:colcon.colcon_core.package_identification:_identify(src/keyboard_controller) by extensions ['colcon_meta']
[0.245s] Level 1:colcon.colcon_core.package_identification:_identify(src/keyboard_controller) by extension 'colcon_meta'
[0.245s] Level 1:colcon.colcon_core.package_identification:_identify(src/keyboard_controller) by extensions ['ros']
[0.245s] Level 1:colcon.colcon_core.package_identification:_identify(src/keyboard_controller) by extension 'ros'
[0.245s] DEBUG:colcon.colcon_core.package_identification:Package 'src/keyboard_controller' with type 'ros.ament_python' and name 'keyboard_controller'
[0.245s] Level 1:colcon.colcon_core.package_identification:_identify(src/log) by extensions ['ignore', 'ignore_ament_install']
[0.245s] Level 1:colcon.colcon_core.package_identification:_identify(src/log) by extension 'ignore'
[0.245s] Level 1:colcon.colcon_core.package_identification:_identify(src/log) ignored
[0.245s] Level 1:colcon.colcon_core.package_identification:_identify(src/move_to_target) by extensions ['ignore', 'ignore_ament_install']
[0.245s] Level 1:colcon.colcon_core.package_identification:_identify(src/move_to_target) by extension 'ignore'
[0.245s] Level 1:colcon.colcon_core.package_identification:_identify(src/move_to_target) by extension 'ignore_ament_install'
[0.246s] Level 1:colcon.colcon_core.package_identification:_identify(src/move_to_target) by extensions ['colcon_pkg']
[0.246s] Level 1:colcon.colcon_core.package_identification:_identify(src/move_to_target) by extension 'colcon_pkg'
[0.246s] Level 1:colcon.colcon_core.package_identification:_identify(src/move_to_target) by extensions ['colcon_meta']
[0.246s] Level 1:colcon.colcon_core.package_identification:_identify(src/move_to_target) by extension 'colcon_meta'
[0.246s] Level 1:colcon.colcon_core.package_identification:_identify(src/move_to_target) by extensions ['ros']
[0.246s] Level 1:colcon.colcon_core.package_identification:_identify(src/move_to_target) by extension 'ros'
[0.246s] DEBUG:colcon.colcon_core.package_identification:Package 'src/move_to_target' with type 'ros.ament_cmake' and name 'move_to_target'
[0.246s] Level 1:colcon.colcon_core.package_identification:_identify(src/simulasi-2025) by extensions ['ignore', 'ignore_ament_install']
[0.246s] Level 1:colcon.colcon_core.package_identification:_identify(src/simulasi-2025) by extension 'ignore'
[0.246s] Level 1:colcon.colcon_core.package_identification:_identify(src/simulasi-2025) by extension 'ignore_ament_install'
[0.246s] Level 1:colcon.colcon_core.package_identification:_identify(src/simulasi-2025) by extensions ['colcon_pkg']
[0.246s] Level 1:colcon.colcon_core.package_identification:_identify(src/simulasi-2025) by extension 'colcon_pkg'
[0.246s] Level 1:colcon.colcon_core.package_identification:_identify(src/simulasi-2025) by extensions ['colcon_meta']
[0.246s] Level 1:colcon.colcon_core.package_identification:_identify(src/simulasi-2025) by extension 'colcon_meta'
[0.247s] Level 1:colcon.colcon_core.package_identification:_identify(src/simulasi-2025) by extensions ['ros']
[0.247s] Level 1:colcon.colcon_core.package_identification:_identify(src/simulasi-2025) by extension 'ros'
[0.247s] DEBUG:colcon.colcon_core.package_identification:Package 'src/simulasi-2025' with type 'ros.ament_cmake' and name 'simulasi-2025'
[0.247s] Level 1:colcon.colcon_core.package_discovery:discover_packages(recursive) using defaults
[0.247s] Level 1:colcon.colcon_core.package_discovery:discover_packages(ignore) discover
[0.247s] Level 1:colcon.colcon_core.package_discovery:discover_packages(ignore) using defaults
[0.247s] Level 1:colcon.colcon_core.package_discovery:discover_packages(path) discover
[0.247s] Level 1:colcon.colcon_core.package_discovery:discover_packages(path) using defaults
[0.286s] Level 1:colcon.colcon_core.package_discovery:discover_packages(prefix_path) check parameters
[0.286s] Level 1:colcon.colcon_core.package_discovery:discover_packages(prefix_path) discover
[0.288s] DEBUG:colcon.colcon_installed_package_information.package_discovery:Found 5 installed packages in /home/user/fprobocon/install
[0.289s] DEBUG:colcon.colcon_installed_package_information.package_discovery:Found 403 installed packages in /opt/ros/humble
[0.291s] Level 1:colcon.colcon_core.package_discovery:discover_packages(prefix_path) using defaults
[0.336s] Level 5:colcon.colcon_core.verb:set package 'joystick_controller' build argument 'cmake_args' from command line to 'None'
[0.336s] Level 5:colcon.colcon_core.verb:set package 'joystick_controller' build argument 'cmake_target' from command line to 'None'
[0.336s] Level 5:colcon.colcon_core.verb:set package 'joystick_controller' build argument 'cmake_target_skip_unavailable' from command line to 'False'
[0.336s] Level 5:colcon.colcon_core.verb:set package 'joystick_controller' build argument 'cmake_clean_cache' from command line to 'False'
[0.336s] Level 5:colcon.colcon_core.verb:set package 'joystick_controller' build argument 'cmake_clean_first' from command line to 'False'
[0.336s] Level 5:colcon.colcon_core.verb:set package 'joystick_controller' build argument 'cmake_force_configure' from command line to 'False'
[0.336s] Level 5:colcon.colcon_core.verb:set package 'joystick_controller' build argument 'ament_cmake_args' from command line to 'None'
[0.336s] Level 5:colcon.colcon_core.verb:set package 'joystick_controller' build argument 'catkin_cmake_args' from command line to 'None'
[0.336s] Level 5:colcon.colcon_core.verb:set package 'joystick_controller' build argument 'catkin_skip_building_tests' from command line to 'False'
[0.336s] DEBUG:colcon.colcon_core.verb:Building package 'joystick_controller' with the following arguments: {'ament_cmake_args': None, 'build_base': '/home/user/fprobocon/build/joystick_controller', 'catkin_cmake_args': None, 'catkin_skip_building_tests': False, 'cmake_args': None, 'cmake_clean_cache': False, 'cmake_clean_first': False, 'cmake_force_configure': False, 'cmake_target': None, 'cmake_target_skip_unavailable': False, 'install_base': '/home/user/fprobocon/install/joystick_controller', 'merge_install': False, 'path': '/home/user/fprobocon/src/joystick_controller', 'symlink_install': True, 'test_result_base': None}
[0.336s] Level 5:colcon.colcon_core.verb:set package 'keyboard_controller' build argument 'cmake_args' from command line to 'None'
[0.337s] Level 5:colcon.colcon_core.verb:set package 'keyboard_controller' build argument 'cmake_target' from command line to 'None'
[0.337s] Level 5:colcon.colcon_core.verb:set package 'keyboard_controller' build argument 'cmake_target_skip_unavailable' from command line to 'False'
[0.337s] Level 5:colcon.colcon_core.verb:set package 'keyboard_controller' build argument 'cmake_clean_cache' from command line to 'False'
[0.337s] Level 5:colcon.colcon_core.verb:set package 'keyboard_controller' build argument 'cmake_clean_first' from command line to 'False'
[0.337s] Level 5:colcon.colcon_core.verb:set package 'keyboard_controller' build argument 'cmake_force_configure' from command line to 'False'
[0.337s] Level 5:colcon.colcon_core.verb:set package 'keyboard_controller' build argument 'ament_cmake_args' from command line to 'None'
[0.337s] Level 5:colcon.colcon_core.verb:set package 'keyboard_controller' build argument 'catkin_cmake_args' from command line to 'None'
[0.337s] Level 5:colcon.colcon_core.verb:set package 'keyboard_controller' build argument 'catkin_skip_building_tests' from command line to 'False'
[0.337s] DEBUG:colcon.colcon_core.verb:Building package 'keyboard_controller' with the following arguments: {'ament_cmake_args': None, 'build_base': '/home/user/fprobocon/build/keyboard_controller', 'catkin_cmake_args': None, 'catkin_skip_building_tests': False, 'cmake_args': None, 'cmake_clean_cache': False, 'cmake_clean_first': False, 'cmake_force_configure': False, 'cmake_target': None, 'cmake_target_skip_unavailable': False, 'install_base': '/home/user/fprobocon/install/keyboard_controller', 'merge_install': False, 'path': '/home/user/fprobocon/src/keyboard_controller', 'symlink_install': True, 'test_result_base': None}
[0.337s] Level 5:colcon.colcon_core.verb:set package 'move_to_target' build argument 'cmake_args' from command line to 'None'
[0.337s] Level 5:colcon.colcon_core.verb:set package 'move_to_target' build argument 'cmake_target' from command line to 'None'
[0.337s] Level 5:colcon.colcon_core.verb:set package 'move_to_target' build argument 'cmake_target_skip_unavailable' from command line to 'False'
[0.337s] Level 5:colcon.colcon_core.verb:set package 'move_to_target' build argument 'cmake_clean_cache' from command line to 'False'
[0.337s] Level 5:colcon.colcon_core.verb:set package 'move_to_target' build argument 'cmake_clean_first' from command line to 'False'
[0.337s] Level 5:colcon.colcon_core.verb:set package 'move_to_target' build argument 'cmake_force_configure' from command line to 'False'
[0.337s] Level 5:colcon.colcon_core.verb:set package 'move_to_target' build argument 'ament_cmake_args' from command line to 'None'
[0.337s] Level 5:colcon.colcon_core.verb:set package 'move_to_target' build argument 'catkin_cmake_args' from command line to 'None'
[0.337s] Level 5:colcon.colcon_core.verb:set package 'move_to_target' build argument 'catkin_skip_building_tests' from command line to 'False'
[0.337s] DEBUG:colcon.colcon_core.verb:Building package 'move_to_target' with the following arguments: {'ament_cmake_args': None, 'build_base': '/home/user/fprobocon/build/move_to_target', 'catkin_cmake_args': None, 'catkin_skip_building_tests': False, 'cmake_args': None, 'cmake_clean_cache': False, 'cmake_clean_first': False, 'cmake_force_configure': False, 'cmake_target': None, 'cmake_target_skip_unavailable': False, 'install_base': '/home/user/fprobocon/install/move_to_target', 'merge_install': False, 'path': '/home/user/fprobocon/src/move_to_target', 'symlink_install': True, 'test_result_base': None}
[0.337s] Level 5:colcon.colcon_core.verb:set package 'simulasi-2025' build argument 'cmake_args' from command line to 'None'
[0.337s] Level 5:colcon.colcon_core.verb:set package 'simulasi-2025' build argument 'cmake_target' from command line to 'None'
[0.337s] Level 5:colcon.colcon_core.verb:set package 'simulasi-2025' build argument 'cmake_target_skip_unavailable' from command line to 'False'
[0.337s] Level 5:colcon.colcon_core.verb:set package 'simulasi-2025' build argument 'cmake_clean_cache' from command line to 'False'
[0.337s] Level 5:colcon.colcon_core.verb:set package 'simulasi-2025' build argument 'cmake_clean_first' from command line to 'False'
[0.337s] Level 5:colcon.colcon_core.verb:set package 'simulasi-2025' build argument 'cmake_force_configure' from command line to 'False'
[0.337s] Level 5:colcon.colcon_core.verb:set package 'simulasi-2025' build argument 'ament_cmake_args' from command line to 'None'
[0.337s] Level 5:colcon.colcon_core.verb:set package 'simulasi-2025' build argument 'catkin_cmake_args' from command line to 'None'
[0.337s] Level 5:colcon.colcon_core.verb:set package 'simulasi-2025' build argument 'catkin_skip_building_tests' from command line to 'False'
[0.337s] DEBUG:colcon.colcon_core.verb:Building package 'simulasi-2025' with the following arguments: {'ament_cmake_args': None, 'build_base': '/home/user/fprobocon/build/simulasi-2025', 'catkin_cmake_args': None, 'catkin_skip_building_tests': False, 'cmake_args': None, 'cmake_clean_cache': False, 'cmake_clean_first': False, 'cmake_force_configure': False, 'cmake_target': None, 'cmake_target_skip_unavailable': False, 'install_base': '/home/user/fprobocon/install/simulasi-2025', 'merge_install': False, 'path': '/home/user/fprobocon/src/simulasi-2025', 'symlink_install': True, 'test_result_base': None}
[0.338s] INFO:colcon.colcon_core.executor:Executing jobs using 'parallel' executor
[0.339s] DEBUG:colcon.colcon_parallel_executor.executor.parallel:run_until_complete
[0.339s] INFO:colcon.colcon_ros.task.ament_python.build:Building ROS package in '/home/user/fprobocon/src/joystick_controller' with build type 'ament_python'
[0.339s] Level 1:colcon.colcon_core.shell:create_environment_hook('joystick_controller', 'ament_prefix_path')
[0.341s] INFO:colcon.colcon_core.plugin_system:Skipping extension 'colcon_core.shell.bat': Not used on non-Windows systems
[0.341s] INFO:colcon.colcon_core.shell:Creating environment hook '/home/user/fprobocon/install/joystick_controller/share/joystick_controller/hook/ament_prefix_path.ps1'
[0.342s] INFO:colcon.colcon_core.shell:Creating environment descriptor '/home/user/fprobocon/install/joystick_controller/share/joystick_controller/hook/ament_prefix_path.dsv'
[0.342s] INFO:colcon.colcon_core.shell:Creating environment hook '/home/user/fprobocon/install/joystick_controller/share/joystick_controller/hook/ament_prefix_path.sh'
[0.343s] INFO:colcon.colcon_core.shell:Skip shell extension 'powershell' for command environment: Not usable outside of PowerShell
[0.343s] DEBUG:colcon.colcon_core.shell:Skip shell extension 'dsv' for command environment
[0.346s] INFO:colcon.colcon_ros.task.ament_python.build:Building ROS package in '/home/user/fprobocon/src/keyboard_controller' with build type 'ament_python'
[0.346s] Level 1:colcon.colcon_core.shell:create_environment_hook('keyboard_controller', 'ament_prefix_path')
[0.347s] INFO:colcon.colcon_core.shell:Creating environment hook '/home/user/fprobocon/install/keyboard_controller/share/keyboard_controller/hook/ament_prefix_path.ps1'
[0.347s] INFO:colcon.colcon_core.shell:Creating environment descriptor '/home/user/fprobocon/install/keyboard_controller/share/keyboard_controller/hook/ament_prefix_path.dsv'
[0.347s] INFO:colcon.colcon_core.shell:Creating environment hook '/home/user/fprobocon/install/keyboard_controller/share/keyboard_controller/hook/ament_prefix_path.sh'
[0.348s] INFO:colcon.colcon_core.shell:Skip shell extension 'powershell' for command environment: Not usable outside of PowerShell
[0.348s] DEBUG:colcon.colcon_core.shell:Skip shell extension 'dsv' for command environment
[0.351s] INFO:colcon.colcon_ros.task.ament_cmake.build:Building ROS package in '/home/user/fprobocon/src/move_to_target' with build type 'ament_cmake'
[0.352s] INFO:colcon.colcon_cmake.task.cmake.build:Building CMake package in '/home/user/fprobocon/src/move_to_target'
[0.352s] INFO:colcon.colcon_core.shell:Skip shell extension 'powershell' for command environment: Not usable outside of PowerShell
[0.352s] DEBUG:colcon.colcon_core.shell:Skip shell extension 'dsv' for command environment
[0.356s] INFO:colcon.colcon_ros.task.ament_cmake.build:Building ROS package in '/home/user/fprobocon/src/simulasi-2025' with build type 'ament_cmake'
[0.357s] INFO:colcon.colcon_cmake.task.cmake.build:Building CMake package in '/home/user/fprobocon/src/simulasi-2025'
[0.357s] INFO:colcon.colcon_core.shell:Skip shell extension 'powershell' for command environment: Not usable outside of PowerShell
[0.357s] DEBUG:colcon.colcon_core.shell:Skip shell extension 'dsv' for command environment
[0.634s] INFO:colcon.colcon_core.task.python.build:Building Python package in '/home/user/fprobocon/src/joystick_controller'
[0.635s] INFO:colcon.colcon_core.shell:Skip shell extension 'powershell' for command environment: Not usable outside of PowerShell
[0.635s] DEBUG:colcon.colcon_core.shell:Skip shell extension 'dsv' for command environment
[0.885s] INFO:colcon.colcon_core.task.python.build:Building Python package in '/home/user/fprobocon/src/keyboard_controller'
[0.885s] INFO:colcon.colcon_core.shell:Skip shell extension 'powershell' for command environment: Not usable outside of PowerShell
[0.885s] DEBUG:colcon.colcon_core.shell:Skip shell extension 'dsv' for command environment
[0.894s] DEBUG:colcon.colcon_core.event_handler.log_command:Invoking command in '/home/user/fprobocon/build/move_to_target': CMAKE_PREFIX_PATH=${CMAKE_PREFIX_PATH}:/home/user/fprobocon/install/sim2025_key:/home/user/fprobocon/install/keyboard_controller:/home/user/fprobocon/install/joystick_controller:/opt/ros/humble /usr/bin/cmake --build /home/user/fprobocon/build/move_to_target -- -j16 -l16
[0.898s] DEBUG:colcon.colcon_core.event_handler.log_command:Invoking command in '/home/user/fprobocon/build/simulasi-2025': CMAKE_PREFIX_PATH=${CMAKE_PREFIX_PATH}:/home/user/fprobocon/install/sim2025_key:/home/user/fprobocon/install/keyboard_controller:/home/user/fprobocon/install/joystick_controller:/opt/ros/humble /usr/bin/cmake --build /home/user/fprobocon/build/simulasi-2025 -- -j16 -l16
[0.947s] DEBUG:colcon.colcon_core.event_handler.log_command:Invoked command in '/home/user/fprobocon/build/simulasi-2025' returned '0': CMAKE_PREFIX_PATH=${CMAKE_PREFIX_PATH}:/home/user/fprobocon/install/sim2025_key:/home/user/fprobocon/install/keyboard_controller:/home/user/fprobocon/install/joystick_controller:/opt/ros/humble /usr/bin/cmake --build /home/user/fprobocon/build/simulasi-2025 -- -j16 -l16
[0.987s] DEBUG:colcon.colcon_core.event_handler.log_command:Invoking command in '/home/user/fprobocon/build/simulasi-2025': CMAKE_PREFIX_PATH=${CMAKE_PREFIX_PATH}:/home/user/fprobocon/install/sim2025_key:/home/user/fprobocon/install/keyboard_controller:/home/user/fprobocon/install/joystick_controller:/opt/ros/humble /usr/bin/cmake --install /home/user/fprobocon/build/simulasi-2025
[1.018s] Level 1:colcon.colcon_core.environment:create_environment_scripts_only(simulasi-2025)
[1.018s] DEBUG:colcon.colcon_core.event_handler.log_command:Invoked command in '/home/user/fprobocon/build/simulasi-2025' returned '0': CMAKE_PREFIX_PATH=${CMAKE_PREFIX_PATH}:/home/user/fprobocon/install/sim2025_key:/home/user/fprobocon/install/keyboard_controller:/home/user/fprobocon/install/joystick_controller:/opt/ros/humble /usr/bin/cmake --install /home/user/fprobocon/build/simulasi-2025
[1.020s] Level 1:colcon.colcon_core.environment:checking '/home/user/fprobocon/install/simulasi-2025' for CMake module files
[1.021s] Level 1:colcon.colcon_core.environment:checking '/home/user/fprobocon/install/simulasi-2025' for CMake config files
[1.021s] Level 1:colcon.colcon_core.shell:create_environment_hook('simulasi-2025', 'cmake_prefix_path')
[1.021s] INFO:colcon.colcon_core.shell:Creating environment hook '/home/user/fprobocon/install/simulasi-2025/share/simulasi-2025/hook/cmake_prefix_path.ps1'
[1.022s] INFO:colcon.colcon_core.shell:Creating environment descriptor '/home/user/fprobocon/install/simulasi-2025/share/simulasi-2025/hook/cmake_prefix_path.dsv'
[1.022s] INFO:colcon.colcon_core.shell:Creating environment hook '/home/user/fprobocon/install/simulasi-2025/share/simulasi-2025/hook/cmake_prefix_path.sh'
[1.023s] Level 1:colcon.colcon_core.environment:checking '/home/user/fprobocon/install/simulasi-2025/bin'
[1.023s] Level 1:colcon.colcon_core.environment:checking '/home/user/fprobocon/install/simulasi-2025/lib/pkgconfig/simulasi-2025.pc'
[1.023s] Level 1:colcon.colcon_core.environment:checking '/home/user/fprobocon/install/simulasi-2025/lib/python3.10/site-packages'
[1.024s] Level 1:colcon.colcon_core.environment:checking '/home/user/fprobocon/install/simulasi-2025/bin'
[1.024s] INFO:colcon.colcon_core.shell:Creating package script '/home/user/fprobocon/install/simulasi-2025/share/simulasi-2025/package.ps1'
[1.025s] INFO:colcon.colcon_core.shell:Creating package descriptor '/home/user/fprobocon/install/simulasi-2025/share/simulasi-2025/package.dsv'
[1.026s] INFO:colcon.colcon_core.shell:Creating package script '/home/user/fprobocon/install/simulasi-2025/share/simulasi-2025/package.sh'
[1.027s] INFO:colcon.colcon_core.shell:Creating package script '/home/user/fprobocon/install/simulasi-2025/share/simulasi-2025/package.bash'
[1.028s] INFO:colcon.colcon_core.shell:Creating package script '/home/user/fprobocon/install/simulasi-2025/share/simulasi-2025/package.zsh'
[1.028s] Level 1:colcon.colcon_core.environment:create_file_with_runtime_dependencies(/home/user/fprobocon/install/simulasi-2025/share/colcon-core/packages/simulasi-2025)
[1.058s] Level 1:colcon.colcon_core.environment:create_environment_scripts_only(simulasi-2025)
[1.059s] Level 1:colcon.colcon_core.environment:checking '/home/user/fprobocon/install/simulasi-2025' for CMake module files
[1.059s] Level 1:colcon.colcon_core.environment:checking '/home/user/fprobocon/install/simulasi-2025' for CMake config files
[1.060s] Level 1:colcon.colcon_core.shell:create_environment_hook('simulasi-2025', 'cmake_prefix_path')
[1.060s] INFO:colcon.colcon_core.shell:Creating environment hook '/home/user/fprobocon/install/simulasi-2025/share/simulasi-2025/hook/cmake_prefix_path.ps1'
[1.061s] INFO:colcon.colcon_core.shell:Creating environment descriptor '/home/user/fprobocon/install/simulasi-2025/share/simulasi-2025/hook/cmake_prefix_path.dsv'
[1.062s] INFO:colcon.colcon_core.shell:Creating environment hook '/home/user/fprobocon/install/simulasi-2025/share/simulasi-2025/hook/cmake_prefix_path.sh'
[1.062s] Level 1:colcon.colcon_core.environment:checking '/home/user/fprobocon/install/simulasi-2025/bin'
[1.062s] Level 1:colcon.colcon_core.environment:checking '/home/user/fprobocon/install/simulasi-2025/lib/pkgconfig/simulasi-2025.pc'
[1.063s] Level 1:colcon.colcon_core.environment:checking '/home/user/fprobocon/install/simulasi-2025/lib/python3.10/site-packages'
[1.063s] Level 1:colcon.colcon_core.environment:checking '/home/user/fprobocon/install/simulasi-2025/bin'
[1.063s] INFO:colcon.colcon_core.shell:Creating package script '/home/user/fprobocon/install/simulasi-2025/share/simulasi-2025/package.ps1'
[1.064s] INFO:colcon.colcon_core.shell:Creating package descriptor '/home/user/fprobocon/install/simulasi-2025/share/simulasi-2025/package.dsv'
[1.064s] INFO:colcon.colcon_core.shell:Creating package script '/home/user/fprobocon/install/simulasi-2025/share/simulasi-2025/package.sh'
[1.065s] INFO:colcon.colcon_core.shell:Creating package script '/home/user/fprobocon/install/simulasi-2025/share/simulasi-2025/package.bash'
[1.065s] INFO:colcon.colcon_core.shell:Creating package script '/home/user/fprobocon/install/simulasi-2025/share/simulasi-2025/package.zsh'
[1.065s] Level 1:colcon.colcon_core.environment:create_file_with_runtime_dependencies(/home/user/fprobocon/install/simulasi-2025/share/colcon-core/packages/simulasi-2025)
[1.286s] DEBUG:colcon.colcon_core.event_handler.log_command:Invoking command in '/home/user/fprobocon/build/keyboard_controller': PYTHONPATH=/home/user/fprobocon/build/keyboard_controller/prefix_override:/usr/lib/python3/dist-packages/colcon_core/task/python/colcon_distutils_commands:/home/user/fprobocon/install/keyboard_controller/lib/python3.10/site-packages:${PYTHONPATH} /usr/bin/python3 -W ignore:setup.py install is deprecated setup.py develop --editable --build-directory /home/user/fprobocon/build/keyboard_controller/build --no-deps symlink_data
[1.316s] DEBUG:colcon.colcon_core.event_handler.log_command:Invoking command in '/home/user/fprobocon/build/joystick_controller': PYTHONPATH=/home/user/fprobocon/build/joystick_controller/prefix_override:/usr/lib/python3/dist-packages/colcon_core/task/python/colcon_distutils_commands:/home/user/fprobocon/install/joystick_controller/lib/python3.10/site-packages:${PYTHONPATH} /usr/bin/python3 -W ignore:setup.py install is deprecated setup.py develop --editable --build-directory /home/user/fprobocon/build/joystick_controller/build --no-deps symlink_data
[1.836s] Level 1:colcon.colcon_core.shell:create_environment_hook('keyboard_controller', 'pythonpath_develop')
[1.837s] INFO:colcon.colcon_core.shell:Creating environment hook '/home/user/fprobocon/build/keyboard_controller/share/keyboard_controller/hook/pythonpath_develop.ps1'
[1.838s] DEBUG:colcon.colcon_core.event_handler.log_command:Invoked command in '/home/user/fprobocon/build/keyboard_controller' returned '0': PYTHONPATH=/home/user/fprobocon/build/keyboard_controller/prefix_override:/usr/lib/python3/dist-packages/colcon_core/task/python/colcon_distutils_commands:/home/user/fprobocon/install/keyboard_controller/lib/python3.10/site-packages:${PYTHONPATH} /usr/bin/python3 -W ignore:setup.py install is deprecated setup.py develop --editable --build-directory /home/user/fprobocon/build/keyboard_controller/build --no-deps symlink_data
[1.839s] INFO:colcon.colcon_core.shell:Creating environment descriptor '/home/user/fprobocon/build/keyboard_controller/share/keyboard_controller/hook/pythonpath_develop.dsv'
[1.839s] INFO:colcon.colcon_core.shell:Creating environment hook '/home/user/fprobocon/build/keyboard_controller/share/keyboard_controller/hook/pythonpath_develop.sh'
[1.840s] Level 1:colcon.colcon_core.environment:checking '/home/user/fprobocon/install/keyboard_controller' for CMake module files
[1.840s] Level 1:colcon.colcon_core.environment:checking '/home/user/fprobocon/install/keyboard_controller' for CMake config files
[1.841s] Level 1:colcon.colcon_core.environment:checking '/home/user/fprobocon/install/keyboard_controller/lib'
[1.841s] Level 1:colcon.colcon_core.environment:checking '/home/user/fprobocon/install/keyboard_controller/bin'
[1.841s] Level 1:colcon.colcon_core.environment:checking '/home/user/fprobocon/install/keyboard_controller/lib/pkgconfig/keyboard_controller.pc'
[1.841s] Level 1:colcon.colcon_core.environment:checking '/home/user/fprobocon/install/keyboard_controller/lib/python3.10/site-packages'
[1.841s] Level 1:colcon.colcon_core.shell:create_environment_hook('keyboard_controller', 'pythonpath')
[1.842s] INFO:colcon.colcon_core.shell:Creating environment hook '/home/user/fprobocon/install/keyboard_controller/share/keyboard_controller/hook/pythonpath.ps1'
[1.842s] INFO:colcon.colcon_core.shell:Creating environment descriptor '/home/user/fprobocon/install/keyboard_controller/share/keyboard_controller/hook/pythonpath.dsv'
[1.842s] INFO:colcon.colcon_core.shell:Creating environment hook '/home/user/fprobocon/install/keyboard_controller/share/keyboard_controller/hook/pythonpath.sh'
[1.843s] Level 1:colcon.colcon_core.environment:checking '/home/user/fprobocon/install/keyboard_controller/bin'
[1.843s] Level 1:colcon.colcon_core.environment:create_environment_scripts_only(keyboard_controller)
[1.844s] INFO:colcon.colcon_core.shell:Creating package script '/home/user/fprobocon/install/keyboard_controller/share/keyboard_controller/package.ps1'
[1.844s] INFO:colcon.colcon_core.shell:Creating package descriptor '/home/user/fprobocon/install/keyboard_controller/share/keyboard_controller/package.dsv'
[1.845s] INFO:colcon.colcon_core.shell:Creating package script '/home/user/fprobocon/install/keyboard_controller/share/keyboard_controller/package.sh'
[1.845s] INFO:colcon.colcon_core.shell:Creating package script '/home/user/fprobocon/install/keyboard_controller/share/keyboard_controller/package.bash'
[1.845s] INFO:colcon.colcon_core.shell:Creating package script '/home/user/fprobocon/install/keyboard_controller/share/keyboard_controller/package.zsh'
[1.846s] Level 1:colcon.colcon_core.environment:create_file_with_runtime_dependencies(/home/user/fprobocon/install/keyboard_controller/share/colcon-core/packages/keyboard_controller)
[1.847s] Level 1:colcon.colcon_core.shell:create_environment_hook('joystick_controller', 'pythonpath_develop')
[1.847s] INFO:colcon.colcon_core.shell:Creating environment hook '/home/user/fprobocon/build/joystick_controller/share/joystick_controller/hook/pythonpath_develop.ps1'
[1.848s] INFO:colcon.colcon_core.shell:Creating environment descriptor '/home/user/fprobocon/build/joystick_controller/share/joystick_controller/hook/pythonpath_develop.dsv'
[1.848s] DEBUG:colcon.colcon_core.event_handler.log_command:Invoked command in '/home/user/fprobocon/build/joystick_controller' returned '0': PYTHONPATH=/home/user/fprobocon/build/joystick_controller/prefix_override:/usr/lib/python3/dist-packages/colcon_core/task/python/colcon_distutils_commands:/home/user/fprobocon/install/joystick_controller/lib/python3.10/site-packages:${PYTHONPATH} /usr/bin/python3 -W ignore:setup.py install is deprecated setup.py develop --editable --build-directory /home/user/fprobocon/build/joystick_controller/build --no-deps symlink_data
[1.849s] INFO:colcon.colcon_core.shell:Creating environment hook '/home/user/fprobocon/build/joystick_controller/share/joystick_controller/hook/pythonpath_develop.sh'
[1.849s] Level 1:colcon.colcon_core.environment:checking '/home/user/fprobocon/install/joystick_controller' for CMake module files
[1.849s] Level 1:colcon.colcon_core.environment:checking '/home/user/fprobocon/install/joystick_controller' for CMake config files
[1.850s] Level 1:colcon.colcon_core.environment:checking '/home/user/fprobocon/install/joystick_controller/lib'
[1.850s] Level 1:colcon.colcon_core.environment:checking '/home/user/fprobocon/install/joystick_controller/bin'
[1.850s] Level 1:colcon.colcon_core.environment:checking '/home/user/fprobocon/install/joystick_controller/lib/pkgconfig/joystick_controller.pc'
[1.850s] Level 1:colcon.colcon_core.environment:checking '/home/user/fprobocon/install/joystick_controller/lib/python3.10/site-packages'
[1.850s] Level 1:colcon.colcon_core.shell:create_environment_hook('joystick_controller', 'pythonpath')
[1.850s] INFO:colcon.colcon_core.shell:Creating environment hook '/home/user/fprobocon/install/joystick_controller/share/joystick_controller/hook/pythonpath.ps1'
[1.851s] INFO:colcon.colcon_core.shell:Creating environment descriptor '/home/user/fprobocon/install/joystick_controller/share/joystick_controller/hook/pythonpath.dsv'
[1.851s] INFO:colcon.colcon_core.shell:Creating environment hook '/home/user/fprobocon/install/joystick_controller/share/joystick_controller/hook/pythonpath.sh'
[1.851s] Level 1:colcon.colcon_core.environment:checking '/home/user/fprobocon/install/joystick_controller/bin'
[1.851s] Level 1:colcon.colcon_core.environment:create_environment_scripts_only(joystick_controller)
[1.852s] INFO:colcon.colcon_core.shell:Creating package script '/home/user/fprobocon/install/joystick_controller/share/joystick_controller/package.ps1'
[1.852s] INFO:colcon.colcon_core.shell:Creating package descriptor '/home/user/fprobocon/install/joystick_controller/share/joystick_controller/package.dsv'
[1.852s] INFO:colcon.colcon_core.shell:Creating package script '/home/user/fprobocon/install/joystick_controller/share/joystick_controller/package.sh'
[1.853s] INFO:colcon.colcon_core.shell:Creating package script '/home/user/fprobocon/install/joystick_controller/share/joystick_controller/package.bash'
[1.853s] INFO:colcon.colcon_core.shell:Creating package script '/home/user/fprobocon/install/joystick_controller/share/joystick_controller/package.zsh'
[1.853s] Level 1:colcon.colcon_core.environment:create_file_with_runtime_dependencies(/home/user/fprobocon/install/joystick_controller/share/colcon-core/packages/joystick_controller)
[7.144s] DEBUG:colcon.colcon_core.event_handler.log_command:Invoked command in '/home/user/fprobocon/build/move_to_target' returned '0': CMAKE_PREFIX_PATH=${CMAKE_PREFIX_PATH}:/home/user/fprobocon/install/sim2025_key:/home/user/fprobocon/install/keyboard_controller:/home/user/fprobocon/install/joystick_controller:/opt/ros/humble /usr/bin/cmake --build /home/user/fprobocon/build/move_to_target -- -j16 -l16
[7.174s] DEBUG:colcon.colcon_core.event_handler.log_command:Invoking command in '/home/user/fprobocon/build/move_to_target': CMAKE_PREFIX_PATH=${CMAKE_PREFIX_PATH}:/home/user/fprobocon/install/sim2025_key:/home/user/fprobocon/install/keyboard_controller:/home/user/fprobocon/install/joystick_controller:/opt/ros/humble /usr/bin/cmake --install /home/user/fprobocon/build/move_to_target
[7.197s] Level 1:colcon.colcon_core.environment:create_environment_scripts_only(move_to_target)
[7.198s] Level 1:colcon.colcon_core.environment:checking '/home/user/fprobocon/install/move_to_target' for CMake module files
[7.198s] DEBUG:colcon.colcon_core.event_handler.log_command:Invoked command in '/home/user/fprobocon/build/move_to_target' returned '0': CMAKE_PREFIX_PATH=${CMAKE_PREFIX_PATH}:/home/user/fprobocon/install/sim2025_key:/home/user/fprobocon/install/keyboard_controller:/home/user/fprobocon/install/joystick_controller:/opt/ros/humble /usr/bin/cmake --install /home/user/fprobocon/build/move_to_target
[7.198s] Level 1:colcon.colcon_core.environment:checking '/home/user/fprobocon/install/move_to_target' for CMake config files
[7.198s] Level 1:colcon.colcon_core.shell:create_environment_hook('move_to_target', 'cmake_prefix_path')
[7.199s] INFO:colcon.colcon_core.shell:Creating environment hook '/home/user/fprobocon/install/move_to_target/share/move_to_target/hook/cmake_prefix_path.ps1'
[7.199s] INFO:colcon.colcon_core.shell:Creating environment descriptor '/home/user/fprobocon/install/move_to_target/share/move_to_target/hook/cmake_prefix_path.dsv'
[7.199s] INFO:colcon.colcon_core.shell:Creating environment hook '/home/user/fprobocon/install/move_to_target/share/move_to_target/hook/cmake_prefix_path.sh'
[7.200s] Level 1:colcon.colcon_core.environment:checking '/home/user/fprobocon/install/move_to_target/lib'
[7.200s] Level 1:colcon.colcon_core.environment:checking '/home/user/fprobocon/install/move_to_target/bin'
[7.200s] Level 1:colcon.colcon_core.environment:checking '/home/user/fprobocon/install/move_to_target/lib/pkgconfig/move_to_target.pc'
[7.200s] Level 1:colcon.colcon_core.environment:checking '/home/user/fprobocon/install/move_to_target/lib/python3.10/site-packages'
[7.201s] Level 1:colcon.colcon_core.environment:checking '/home/user/fprobocon/install/move_to_target/bin'
[7.201s] INFO:colcon.colcon_core.shell:Creating package script '/home/user/fprobocon/install/move_to_target/share/move_to_target/package.ps1'
[7.201s] INFO:colcon.colcon_core.shell:Creating package descriptor '/home/user/fprobocon/install/move_to_target/share/move_to_target/package.dsv'
[7.202s] INFO:colcon.colcon_core.shell:Creating package script '/home/user/fprobocon/install/move_to_target/share/move_to_target/package.sh'
[7.202s] INFO:colcon.colcon_core.shell:Creating package script '/home/user/fprobocon/install/move_to_target/share/move_to_target/package.bash'
[7.202s] INFO:colcon.colcon_core.shell:Creating package script '/home/user/fprobocon/install/move_to_target/share/move_to_target/package.zsh'
[7.203s] Level 1:colcon.colcon_core.environment:create_file_with_runtime_dependencies(/home/user/fprobocon/install/move_to_target/share/colcon-core/packages/move_to_target)
[7.233s] Level 1:colcon.colcon_core.environment:create_environment_scripts_only(move_to_target)
[7.233s] Level 1:colcon.colcon_core.environment:checking '/home/user/fprobocon/install/move_to_target' for CMake module files
[7.234s] Level 1:colcon.colcon_core.environment:checking '/home/user/fprobocon/install/move_to_target' for CMake config files
[7.234s] Level 1:colcon.colcon_core.shell:create_environment_hook('move_to_target', 'cmake_prefix_path')
[7.235s] INFO:colcon.colcon_core.shell:Creating environment hook '/home/user/fprobocon/install/move_to_target/share/move_to_target/hook/cmake_prefix_path.ps1'
[7.236s] INFO:colcon.colcon_core.shell:Creating environment descriptor '/home/user/fprobocon/install/move_to_target/share/move_to_target/hook/cmake_prefix_path.dsv'
[7.236s] INFO:colcon.colcon_core.shell:Creating environment hook '/home/user/fprobocon/install/move_to_target/share/move_to_target/hook/cmake_prefix_path.sh'
[7.237s] Level 1:colcon.colcon_core.environment:checking '/home/user/fprobocon/install/move_to_target/lib'
[7.237s] Level 1:colcon.colcon_core.environment:checking '/home/user/fprobocon/install/move_to_target/bin'
[7.237s] Level 1:colcon.colcon_core.environment:checking '/home/user/fprobocon/install/move_to_target/lib/pkgconfig/move_to_target.pc'
[7.237s] Level 1:colcon.colcon_core.environment:checking '/home/user/fprobocon/install/move_to_target/lib/python3.10/site-packages'
[7.237s] Level 1:colcon.colcon_core.environment:checking '/home/user/fprobocon/install/move_to_target/bin'
[7.237s] INFO:colcon.colcon_core.shell:Creating package script '/home/user/fprobocon/install/move_to_target/share/move_to_target/package.ps1'
[7.238s] INFO:colcon.colcon_core.shell:Creating package descriptor '/home/user/fprobocon/install/move_to_target/share/move_to_target/package.dsv'
[7.238s] INFO:colcon.colcon_core.shell:Creating package script '/home/user/fprobocon/install/move_to_target/share/move_to_target/package.sh'
[7.239s] INFO:colcon.colcon_core.shell:Creating package script '/home/user/fprobocon/install/move_to_target/share/move_to_target/package.bash'
[7.239s] INFO:colcon.colcon_core.shell:Creating package script '/home/user/fprobocon/install/move_to_target/share/move_to_target/package.zsh'
[7.239s] Level 1:colcon.colcon_core.environment:create_file_with_runtime_dependencies(/home/user/fprobocon/install/move_to_target/share/colcon-core/packages/move_to_target)
[7.240s] DEBUG:colcon.colcon_parallel_executor.executor.parallel:closing loop
[7.240s] DEBUG:colcon.colcon_parallel_executor.executor.parallel:loop closed
[7.240s] DEBUG:colcon.colcon_parallel_executor.executor.parallel:run_until_complete finished with '0'
[7.240s] DEBUG:colcon.colcon_core.event_reactor:joining thread
[7.245s] INFO:colcon.colcon_core.plugin_system:Skipping extension 'colcon_notification.desktop_notification.terminal_notifier': Not used on non-Darwin systems
[7.245s] INFO:colcon.colcon_core.plugin_system:Skipping extension 'colcon_notification.desktop_notification.win32': Not used on non-Windows systems
[7.245s] INFO:colcon.colcon_notification.desktop_notification:Sending desktop notification using 'notify2'
[7.251s] DEBUG:colcon.colcon_core.event_reactor:joined thread
[7.251s] INFO:colcon.colcon_core.shell:Creating prefix script '/home/user/fprobocon/install/local_setup.ps1'
[7.253s] INFO:colcon.colcon_core.shell:Creating prefix util module '/home/user/fprobocon/install/_local_setup_util_ps1.py'
[7.254s] INFO:colcon.colcon_core.shell:Creating prefix chain script '/home/user/fprobocon/install/setup.ps1'
[7.255s] INFO:colcon.colcon_core.shell:Creating prefix script '/home/user/fprobocon/install/local_setup.sh'
[7.255s] INFO:colcon.colcon_core.shell:Creating prefix util module '/home/user/fprobocon/install/_local_setup_util_sh.py'
[7.256s] INFO:colcon.colcon_core.shell:Creating prefix chain script '/home/user/fprobocon/install/setup.sh'
[7.257s] INFO:colcon.colcon_core.shell:Creating prefix script '/home/user/fprobocon/install/local_setup.bash'
[7.257s] INFO:colcon.colcon_core.shell:Creating prefix chain script '/home/user/fprobocon/install/setup.bash'
[7.258s] INFO:colcon.colcon_core.shell:Creating prefix script '/home/user/fprobocon/install/local_setup.zsh'
[7.259s] INFO:colcon.colcon_core.shell:Creating prefix chain script '/home/user/fprobocon/install/setup.zsh'
