[0.449s] Invoking command in '/home/user/fprobocon/src/keyboard_controller': PYTHONPATH=/home/user/fprobocon/build/keyboard_controller/prefix_override:/usr/lib/python3/dist-packages/colcon_core/task/python/colcon_distutils_commands:/home/user/fprobocon/install/keyboard_controller/lib/python3.10/site-packages:${PYTHONPATH} /usr/bin/python3 -W ignore:setup.py install is deprecated setup.py egg_info --egg-base ../../build/keyboard_controller build --build-base /home/user/fprobocon/build/keyboard_controller/build install --record /home/user/fprobocon/build/keyboard_controller/install.log --single-version-externally-managed install_data
[0.617s] running egg_info
[0.617s] writing ../../build/keyboard_controller/keyboard_controller.egg-info/PKG-INFO
[0.617s] writing dependency_links to ../../build/keyboard_controller/keyboard_controller.egg-info/dependency_links.txt
[0.617s] writing entry points to ../../build/keyboard_controller/keyboard_controller.egg-info/entry_points.txt
[0.617s] writing requirements to ../../build/keyboard_controller/keyboard_controller.egg-info/requires.txt
[0.618s] writing top-level names to ../../build/keyboard_controller/keyboard_controller.egg-info/top_level.txt
[0.619s] reading manifest file '../../build/keyboard_controller/keyboard_controller.egg-info/SOURCES.txt'
[0.619s] adding license file 'LICENSE'
[0.619s] writing manifest file '../../build/keyboard_controller/keyboard_controller.egg-info/SOURCES.txt'
[0.619s] running build
[0.619s] running build_py
[0.620s] copying keyboard_controller/keyboard_controller.py -> /home/user/fprobocon/build/keyboard_controller/build/lib/keyboard_controller
[0.620s] running install
[0.620s] running install_lib
[0.621s] copying /home/user/fprobocon/build/keyboard_controller/build/lib/keyboard_controller/keyboard_controller.py -> /home/user/fprobocon/install/keyboard_controller/lib/python3.10/site-packages/keyboard_controller
[0.621s] byte-compiling /home/user/fprobocon/install/keyboard_controller/lib/python3.10/site-packages/keyboard_controller/keyboard_controller.py to keyboard_controller.cpython-310.pyc
[0.622s] running install_data
[0.622s] running install_egg_info
[0.623s] removing '/home/user/fprobocon/install/keyboard_controller/lib/python3.10/site-packages/keyboard_controller-0.0.0-py3.10.egg-info' (and everything under it)
[0.623s] Copying ../../build/keyboard_controller/keyboard_controller.egg-info to /home/user/fprobocon/install/keyboard_controller/lib/python3.10/site-packages/keyboard_controller-0.0.0-py3.10.egg-info
[0.624s] running install_scripts
[0.638s] Installing keyboard_controller script to /home/user/fprobocon/install/keyboard_controller/lib/keyboard_controller
[0.638s] writing list of installed files to '/home/user/fprobocon/build/keyboard_controller/install.log'
[0.656s] Invoked command in '/home/user/fprobocon/src/keyboard_controller' returned '0': PYTHONPATH=/home/user/fprobocon/build/keyboard_controller/prefix_override:/usr/lib/python3/dist-packages/colcon_core/task/python/colcon_distutils_commands:/home/user/fprobocon/install/keyboard_controller/lib/python3.10/site-packages:${PYTHONPATH} /usr/bin/python3 -W ignore:setup.py install is deprecated setup.py egg_info --egg-base ../../build/keyboard_controller build --build-base /home/user/fprobocon/build/keyboard_controller/build install --record /home/user/fprobocon/build/keyboard_controller/install.log --single-version-externally-managed install_data
