[0.818s] Invoking command in '/home/user/fprobocon/src/keyboard_controller': PYTHONPATH=/home/user/fprobocon/build/keyboard_controller/prefix_override:/usr/lib/python3/dist-packages/colcon_core/task/python/colcon_distutils_commands:/home/user/fprobocon/install/keyboard_controller/lib/python3.10/site-packages:${PYTHONPATH} /usr/bin/python3 -W ignore:setup.py install is deprecated setup.py egg_info --egg-base ../../build/keyboard_controller build --build-base /home/user/fprobocon/build/keyboard_controller/build install --record /home/user/fprobocon/build/keyboard_controller/install.log --single-version-externally-managed install_data
[1.089s] running egg_info
[1.089s] creating ../../build/keyboard_controller/keyboard_controller.egg-info
[1.089s] writing ../../build/keyboard_controller/keyboard_controller.egg-info/PKG-INFO
[1.090s] writing dependency_links to ../../build/keyboard_controller/keyboard_controller.egg-info/dependency_links.txt
[1.090s] writing entry points to ../../build/keyboard_controller/keyboard_controller.egg-info/entry_points.txt
[1.090s] writing requirements to ../../build/keyboard_controller/keyboard_controller.egg-info/requires.txt
[1.090s] writing top-level names to ../../build/keyboard_controller/keyboard_controller.egg-info/top_level.txt
[1.090s] writing manifest file '../../build/keyboard_controller/keyboard_controller.egg-info/SOURCES.txt'
[1.092s] reading manifest file '../../build/keyboard_controller/keyboard_controller.egg-info/SOURCES.txt'
[1.092s] adding license file 'LICENSE'
[1.093s] writing manifest file '../../build/keyboard_controller/keyboard_controller.egg-info/SOURCES.txt'
[1.093s] running build
[1.093s] running build_py
[1.093s] creating /home/user/fprobocon/build/keyboard_controller/build
[1.093s] creating /home/user/fprobocon/build/keyboard_controller/build/lib
[1.093s] creating /home/user/fprobocon/build/keyboard_controller/build/lib/keyboard_controller
[1.093s] copying keyboard_controller/__init__.py -> /home/user/fprobocon/build/keyboard_controller/build/lib/keyboard_controller
[1.094s] running install
[1.094s] running install_lib
[1.095s] creating /home/user/fprobocon/install/keyboard_controller/lib/python3.10/site-packages/keyboard_controller
[1.095s] copying /home/user/fprobocon/build/keyboard_controller/build/lib/keyboard_controller/__init__.py -> /home/user/fprobocon/install/keyboard_controller/lib/python3.10/site-packages/keyboard_controller
[1.096s] byte-compiling /home/user/fprobocon/install/keyboard_controller/lib/python3.10/site-packages/keyboard_controller/__init__.py to __init__.cpython-310.pyc
[1.096s] running install_data
[1.096s] creating /home/user/fprobocon/install/keyboard_controller/share/ament_index
[1.097s] creating /home/user/fprobocon/install/keyboard_controller/share/ament_index/resource_index
[1.097s] creating /home/user/fprobocon/install/keyboard_controller/share/ament_index/resource_index/packages
[1.097s] copying resource/keyboard_controller -> /home/user/fprobocon/install/keyboard_controller/share/ament_index/resource_index/packages
[1.097s] copying package.xml -> /home/user/fprobocon/install/keyboard_controller/share/keyboard_controller
[1.097s] running install_egg_info
[1.099s] Copying ../../build/keyboard_controller/keyboard_controller.egg-info to /home/user/fprobocon/install/keyboard_controller/lib/python3.10/site-packages/keyboard_controller-0.0.0-py3.10.egg-info
[1.100s] running install_scripts
[1.123s] writing list of installed files to '/home/user/fprobocon/build/keyboard_controller/install.log'
[1.163s] Invoked command in '/home/user/fprobocon/src/keyboard_controller' returned '0': PYTHONPATH=/home/user/fprobocon/build/keyboard_controller/prefix_override:/usr/lib/python3/dist-packages/colcon_core/task/python/colcon_distutils_commands:/home/user/fprobocon/install/keyboard_controller/lib/python3.10/site-packages:${PYTHONPATH} /usr/bin/python3 -W ignore:setup.py install is deprecated setup.py egg_info --egg-base ../../build/keyboard_controller build --build-base /home/user/fprobocon/build/keyboard_controller/build install --record /home/user/fprobocon/build/keyboard_controller/install.log --single-version-externally-managed install_data
