[0.766s] Invoking command in '/home/user/fprobocon/build/keyboard_controller': PYTHONPATH=/home/user/fprobocon/build/keyboard_controller/prefix_override:/usr/lib/python3/dist-packages/colcon_core/task/python/colcon_distutils_commands:/home/user/fprobocon/install/keyboard_controller/lib/python3.10/site-packages:${PYTHONPATH} /usr/bin/python3 -W ignore:setup.py install is deprecated setup.py develop --editable --build-directory /home/user/fprobocon/build/keyboard_controller/build --no-deps symlink_data --force
[0.955s] running develop
[0.955s] /usr/lib/python3/dist-packages/setuptools/command/easy_install.py:158: EasyInstallDeprecationWarning: easy_install command is deprecated. Use build and pip and other standards-based tools.
[0.955s]   warnings.warn(
[1.074s] running egg_info
[1.074s] writing keyboard_controller.egg-info/PKG-INFO
[1.074s] writing dependency_links to keyboard_controller.egg-info/dependency_links.txt
[1.074s] writing entry points to keyboard_controller.egg-info/entry_points.txt
[1.074s] writing requirements to keyboard_controller.egg-info/requires.txt
[1.074s] writing top-level names to keyboard_controller.egg-info/top_level.txt
[1.076s] reading manifest file 'keyboard_controller.egg-info/SOURCES.txt'
[1.076s] writing manifest file 'keyboard_controller.egg-info/SOURCES.txt'
[1.077s] running build_ext
[1.077s] Creating /home/user/fprobocon/install/keyboard_controller/lib/python3.10/site-packages/keyboard-controller.egg-link (link to .)
[1.078s] Installing keyboard_controller script to /home/user/fprobocon/install/keyboard_controller/lib/keyboard_controller
[1.078s] 
[1.078s] Installed /home/user/fprobocon/build/keyboard_controller
[1.078s] running symlink_data
[1.078s] symbolically linking /home/user/fprobocon/build/keyboard_controller/resource/keyboard_controller -> /home/user/fprobocon/install/keyboard_controller/share/ament_index/resource_index/packages
[1.078s] symbolically linking /home/user/fprobocon/build/keyboard_controller/package.xml -> /home/user/fprobocon/install/keyboard_controller/share/keyboard_controller
[1.111s] Invoked command in '/home/user/fprobocon/build/keyboard_controller' returned '0': PYTHONPATH=/home/user/fprobocon/build/keyboard_controller/prefix_override:/usr/lib/python3/dist-packages/colcon_core/task/python/colcon_distutils_commands:/home/user/fprobocon/install/keyboard_controller/lib/python3.10/site-packages:${PYTHONPATH} /usr/bin/python3 -W ignore:setup.py install is deprecated setup.py develop --editable --build-directory /home/user/fprobocon/build/keyboard_controller/build --no-deps symlink_data --force
