-- Found ament_cmake: 1.3.10 (/opt/ros/humble/share/ament_cmake/cmake)
-- Found rclcpp: 16.0.10 (/opt/ros/humble/share/rclcpp/cmake)
-- Found rosidl_generator_c: 3.1.5 (/opt/ros/humble/share/rosidl_generator_c/cmake)
-- Found rosidl_adapter: 3.1.5 (/opt/ros/humble/share/rosidl_adapter/cmake)
-- Found rosidl_generator_cpp: 3.1.5 (/opt/ros/humble/share/rosidl_generator_cpp/cmake)
-- Using all available rosidl_typesupport_c: rosidl_typesupport_fastrtps_c;rosidl_typesupport_introspection_c
-- Using all available rosidl_typesupport_cpp: rosidl_typesupport_fastrtps_cpp;rosidl_typesupport_introspection_cpp
-- Found rmw_implementation_cmake: 6.1.2 (/opt/ros/humble/share/rmw_implementation_cmake/cmake)
-- Found rmw_fastrtps_cpp: 6.2.7 (/opt/ros/humble/share/rmw_fastrtps_cpp/cmake)
-- Using RMW implementation 'rmw_fastrtps_cpp' as default
-- Found geometry_msgs: 4.2.4 (/opt/ros/humble/share/geometry_msgs/cmake)
-- Found nav_msgs: 4.2.4 (/opt/ros/humble/share/nav_msgs/cmake)
-- Configuring done
-- Generating done
-- Build files have been written to: /home/user/fprobocon/build/file_handling
[ 50%] [32mBuilding CXX object CMakeFiles/point_reader.dir/src/point_reader.cpp.o[0m
[100%] [32m[1mLinking CXX executable point_reader[0m
[100%] Built target point_reader
-- Install configuration: ""
-- Installing: /home/user/fprobocon/install/file_handling/lib/file_handling/point_reader
-- Set runtime path of "/home/user/fprobocon/install/file_handling/lib/file_handling/point_reader" to ""
-- Installing: /home/user/fprobocon/install/file_handling/share/file_handling/config
-- Installing: /home/user/fprobocon/install/file_handling/share/file_handling/config/points.txt
-- Installing: /home/user/fprobocon/install/file_handling/share/ament_index/resource_index/package_run_dependencies/file_handling
-- Installing: /home/user/fprobocon/install/file_handling/share/ament_index/resource_index/parent_prefix_path/file_handling
-- Up-to-date: /home/user/fprobocon/install/file_handling/share/file_handling/environment/ament_prefix_path.sh
-- Installing: /home/user/fprobocon/install/file_handling/share/file_handling/environment/ament_prefix_path.dsv
-- Up-to-date: /home/user/fprobocon/install/file_handling/share/file_handling/environment/path.sh
-- Installing: /home/user/fprobocon/install/file_handling/share/file_handling/environment/path.dsv
-- Up-to-date: /home/user/fprobocon/install/file_handling/share/file_handling/local_setup.bash
-- Up-to-date: /home/user/fprobocon/install/file_handling/share/file_handling/local_setup.sh
-- Up-to-date: /home/user/fprobocon/install/file_handling/share/file_handling/local_setup.zsh
-- Installing: /home/user/fprobocon/install/file_handling/share/file_handling/local_setup.dsv
-- Installing: /home/user/fprobocon/install/file_handling/share/file_handling/package.dsv
-- Up-to-date: /home/user/fprobocon/install/file_handling/share/ament_index/resource_index/packages/file_handling
-- Up-to-date: /home/user/fprobocon/install/file_handling/share/file_handling/cmake/file_handlingConfig.cmake
-- Up-to-date: /home/user/fprobocon/install/file_handling/share/file_handling/cmake/file_handlingConfig-version.cmake
-- Installing: /home/user/fprobocon/install/file_handling/share/file_handling/package.xml
