running develop
/usr/lib/python3/dist-packages/setuptools/command/easy_install.py:158: EasyInstallDeprecationWarning: easy_install command is deprecated. Use build and pip and other standards-based tools.
  warnings.warn(
running egg_info
creating joystick_controller.egg-info
writing joystick_controller.egg-info/PKG-INFO
writing dependency_links to joystick_controller.egg-info/dependency_links.txt
writing entry points to joystick_controller.egg-info/entry_points.txt
writing requirements to joystick_controller.egg-info/requires.txt
writing top-level names to joystick_controller.egg-info/top_level.txt
writing manifest file 'joystick_controller.egg-info/SOURCES.txt'
reading manifest file 'joystick_controller.egg-info/SOURCES.txt'
writing manifest file 'joystick_controller.egg-info/SOURCES.txt'
running build_ext
Creating /home/user/fprobocon/src/install/joystick_controller/lib/python3.10/site-packages/joystick-controller.egg-link (link to .)

Installed /home/user/fprobocon/src/build/joystick_controller
running symlink_data
creating /home/user/fprobocon/src/install/joystick_controller/share/ament_index
creating /home/user/fprobocon/src/install/joystick_controller/share/ament_index/resource_index
creating /home/user/fprobocon/src/install/joystick_controller/share/ament_index/resource_index/packages
symbolically linking /home/user/fprobocon/src/build/joystick_controller/resource/joystick_controller -> /home/user/fprobocon/src/install/joystick_controller/share/ament_index/resource_index/packages
symbolically linking /home/user/fprobocon/src/build/joystick_controller/package.xml -> /home/user/fprobocon/src/install/joystick_controller/share/joystick_controller
