[0.079s] DEBUG:colcon:Command line arguments: ['/usr/bin/colcon', 'build', '--symlink-install']
[0.079s] DEBUG:colcon:Parsed command line arguments: Namespace(log_base=None, log_level=None, verb_name='build', build_base='build', install_base='install', merge_install=False, symlink_install=True, test_result_base=None, continue_on_error=False, executor='parallel', parallel_workers=16, event_handlers=None, ignore_user_meta=False, metas=['./colcon.meta'], base_paths=['.'], packages_ignore=None, packages_ignore_regex=None, paths=None, packages_up_to=None, packages_up_to_regex=None, packages_above=None, packages_above_and_dependencies=None, packages_above_depth=None, packages_select_by_dep=None, packages_skip_by_dep=None, packages_skip_up_to=None, packages_select_build_failed=False, packages_skip_build_finished=False, packages_select_test_failures=False, packages_skip_test_passed=False, packages_select=None, packages_skip=None, packages_select_regex=None, packages_skip_regex=None, packages_start=None, packages_end=None, allow_overriding=[], cmake_args=None, cmake_target=None, cmake_target_skip_unavailable=False, cmake_clean_cache=False, cmake_clean_first=False, cmake_force_configure=False, ament_cmake_args=None, catkin_cmake_args=None, catkin_skip_building_tests=False, verb_parser=<colcon_defaults.argument_parser.defaults.DefaultArgumentsDecorator object at 0x777efdca1ff0>, verb_extension=<colcon_core.verb.build.BuildVerb object at 0x777efdca1ae0>, main=<bound method BuildVerb.main of <colcon_core.verb.build.BuildVerb object at 0x777efdca1ae0>>)
[0.210s] Level 1:colcon.colcon_core.package_discovery:discover_packages(colcon_meta) check parameters
[0.211s] Level 1:colcon.colcon_core.package_discovery:discover_packages(recursive) check parameters
[0.211s] Level 1:colcon.colcon_core.package_discovery:discover_packages(ignore) check parameters
[0.211s] Level 1:colcon.colcon_core.package_discovery:discover_packages(path) check parameters
[0.211s] Level 1:colcon.colcon_core.package_discovery:discover_packages(colcon_meta) discover
[0.211s] Level 1:colcon.colcon_core.package_discovery:discover_packages(recursive) discover
[0.211s] INFO:colcon.colcon_core.package_discovery:Crawling recursively for packages in '/home/user/fprobocon'
[0.211s] Level 1:colcon.colcon_core.package_identification:_identify(.) by extensions ['ignore', 'ignore_ament_install']
[0.211s] Level 1:colcon.colcon_core.package_identification:_identify(.) by extension 'ignore'
[0.211s] Level 1:colcon.colcon_core.package_identification:_identify(.) by extension 'ignore_ament_install'
[0.211s] Level 1:colcon.colcon_core.package_identification:_identify(.) by extensions ['colcon_pkg']
[0.211s] Level 1:colcon.colcon_core.package_identification:_identify(.) by extension 'colcon_pkg'
[0.211s] Level 1:colcon.colcon_core.package_identification:_identify(.) by extensions ['colcon_meta']
[0.211s] Level 1:colcon.colcon_core.package_identification:_identify(.) by extension 'colcon_meta'
[0.211s] Level 1:colcon.colcon_core.package_identification:_identify(.) by extensions ['ros']
[0.211s] Level 1:colcon.colcon_core.package_identification:_identify(.) by extension 'ros'
[0.219s] Level 1:colcon.colcon_core.package_identification:_identify(.) by extensions ['cmake', 'python']
[0.219s] Level 1:colcon.colcon_core.package_identification:_identify(.) by extension 'cmake'
[0.219s] Level 1:colcon.colcon_core.package_identification:_identify(.) by extension 'python'
[0.219s] Level 1:colcon.colcon_core.package_identification:_identify(.) by extensions ['python_setup_py']
[0.219s] Level 1:colcon.colcon_core.package_identification:_identify(.) by extension 'python_setup_py'
[0.219s] Level 1:colcon.colcon_core.package_identification:_identify(build) by extensions ['ignore', 'ignore_ament_install']
[0.219s] Level 1:colcon.colcon_core.package_identification:_identify(build) by extension 'ignore'
[0.220s] Level 1:colcon.colcon_core.package_identification:_identify(build) ignored
[0.220s] Level 1:colcon.colcon_core.package_identification:_identify(install) by extensions ['ignore', 'ignore_ament_install']
[0.220s] Level 1:colcon.colcon_core.package_identification:_identify(install) by extension 'ignore'
[0.220s] Level 1:colcon.colcon_core.package_identification:_identify(install) ignored
[0.220s] Level 1:colcon.colcon_core.package_identification:_identify(log) by extensions ['ignore', 'ignore_ament_install']
[0.220s] Level 1:colcon.colcon_core.package_identification:_identify(log) by extension 'ignore'
[0.220s] Level 1:colcon.colcon_core.package_identification:_identify(log) ignored
[0.220s] Level 1:colcon.colcon_core.package_identification:_identify(src) by extensions ['ignore', 'ignore_ament_install']
[0.220s] Level 1:colcon.colcon_core.package_identification:_identify(src) by extension 'ignore'
[0.220s] Level 1:colcon.colcon_core.package_identification:_identify(src) by extension 'ignore_ament_install'
[0.220s] Level 1:colcon.colcon_core.package_identification:_identify(src) by extensions ['colcon_pkg']
[0.220s] Level 1:colcon.colcon_core.package_identification:_identify(src) by extension 'colcon_pkg'
[0.220s] Level 1:colcon.colcon_core.package_identification:_identify(src) by extensions ['colcon_meta']
[0.220s] Level 1:colcon.colcon_core.package_identification:_identify(src) by extension 'colcon_meta'
[0.220s] Level 1:colcon.colcon_core.package_identification:_identify(src) by extensions ['ros']
[0.220s] Level 1:colcon.colcon_core.package_identification:_identify(src) by extension 'ros'
[0.220s] Level 1:colcon.colcon_core.package_identification:_identify(src) by extensions ['cmake', 'python']
[0.220s] Level 1:colcon.colcon_core.package_identification:_identify(src) by extension 'cmake'
[0.220s] Level 1:colcon.colcon_core.package_identification:_identify(src) by extension 'python'
[0.220s] Level 1:colcon.colcon_core.package_identification:_identify(src) by extensions ['python_setup_py']
[0.221s] Level 1:colcon.colcon_core.package_identification:_identify(src) by extension 'python_setup_py'
[0.221s] Level 1:colcon.colcon_core.package_identification:_identify(src/build) by extensions ['ignore', 'ignore_ament_install']
[0.221s] Level 1:colcon.colcon_core.package_identification:_identify(src/build) by extension 'ignore'
[0.221s] Level 1:colcon.colcon_core.package_identification:_identify(src/build) ignored
[0.221s] Level 1:colcon.colcon_core.package_identification:_identify(src/install) by extensions ['ignore', 'ignore_ament_install']
[0.221s] Level 1:colcon.colcon_core.package_identification:_identify(src/install) by extension 'ignore'
[0.221s] Level 1:colcon.colcon_core.package_identification:_identify(src/install) ignored
[0.221s] Level 1:colcon.colcon_core.package_identification:_identify(src/joystick_controller) by extensions ['ignore', 'ignore_ament_install']
[0.221s] Level 1:colcon.colcon_core.package_identification:_identify(src/joystick_controller) by extension 'ignore'
[0.221s] Level 1:colcon.colcon_core.package_identification:_identify(src/joystick_controller) by extension 'ignore_ament_install'
[0.221s] Level 1:colcon.colcon_core.package_identification:_identify(src/joystick_controller) by extensions ['colcon_pkg']
[0.221s] Level 1:colcon.colcon_core.package_identification:_identify(src/joystick_controller) by extension 'colcon_pkg'
[0.221s] Level 1:colcon.colcon_core.package_identification:_identify(src/joystick_controller) by extensions ['colcon_meta']
[0.221s] Level 1:colcon.colcon_core.package_identification:_identify(src/joystick_controller) by extension 'colcon_meta'
[0.221s] Level 1:colcon.colcon_core.package_identification:_identify(src/joystick_controller) by extensions ['ros']
[0.221s] Level 1:colcon.colcon_core.package_identification:_identify(src/joystick_controller) by extension 'ros'
[0.223s] DEBUG:colcon.colcon_core.package_identification:Package 'src/joystick_controller' with type 'ros.ament_python' and name 'joystick_controller'
[0.223s] Level 1:colcon.colcon_core.package_identification:_identify(src/keyboard_controller) by extensions ['ignore', 'ignore_ament_install']
[0.223s] Level 1:colcon.colcon_core.package_identification:_identify(src/keyboard_controller) by extension 'ignore'
[0.223s] Level 1:colcon.colcon_core.package_identification:_identify(src/keyboard_controller) by extension 'ignore_ament_install'
[0.223s] Level 1:colcon.colcon_core.package_identification:_identify(src/keyboard_controller) by extensions ['colcon_pkg']
[0.223s] Level 1:colcon.colcon_core.package_identification:_identify(src/keyboard_controller) by extension 'colcon_pkg'
[0.223s] Level 1:colcon.colcon_core.package_identification:_identify(src/keyboard_controller) by extensions ['colcon_meta']
[0.223s] Level 1:colcon.colcon_core.package_identification:_identify(src/keyboard_controller) by extension 'colcon_meta'
[0.223s] Level 1:colcon.colcon_core.package_identification:_identify(src/keyboard_controller) by extensions ['ros']
[0.223s] Level 1:colcon.colcon_core.package_identification:_identify(src/keyboard_controller) by extension 'ros'
[0.224s] DEBUG:colcon.colcon_core.package_identification:Package 'src/keyboard_controller' with type 'ros.ament_python' and name 'keyboard_controller'
[0.224s] Level 1:colcon.colcon_core.package_identification:_identify(src/log) by extensions ['ignore', 'ignore_ament_install']
[0.224s] Level 1:colcon.colcon_core.package_identification:_identify(src/log) by extension 'ignore'
[0.224s] Level 1:colcon.colcon_core.package_identification:_identify(src/log) ignored
[0.224s] Level 1:colcon.colcon_core.package_identification:_identify(src/move_to_target) by extensions ['ignore', 'ignore_ament_install']
[0.224s] Level 1:colcon.colcon_core.package_identification:_identify(src/move_to_target) by extension 'ignore'
[0.224s] Level 1:colcon.colcon_core.package_identification:_identify(src/move_to_target) by extension 'ignore_ament_install'
[0.224s] Level 1:colcon.colcon_core.package_identification:_identify(src/move_to_target) by extensions ['colcon_pkg']
[0.224s] Level 1:colcon.colcon_core.package_identification:_identify(src/move_to_target) by extension 'colcon_pkg'
[0.224s] Level 1:colcon.colcon_core.package_identification:_identify(src/move_to_target) by extensions ['colcon_meta']
[0.224s] Level 1:colcon.colcon_core.package_identification:_identify(src/move_to_target) by extension 'colcon_meta'
[0.224s] Level 1:colcon.colcon_core.package_identification:_identify(src/move_to_target) by extensions ['ros']
[0.224s] Level 1:colcon.colcon_core.package_identification:_identify(src/move_to_target) by extension 'ros'
[0.225s] DEBUG:colcon.colcon_core.package_identification:Package 'src/move_to_target' with type 'ros.ament_cmake' and name 'move_to_target'
[0.225s] Level 1:colcon.colcon_core.package_identification:_identify(src/simulasi-2025) by extensions ['ignore', 'ignore_ament_install']
[0.225s] Level 1:colcon.colcon_core.package_identification:_identify(src/simulasi-2025) by extension 'ignore'
[0.225s] Level 1:colcon.colcon_core.package_identification:_identify(src/simulasi-2025) by extension 'ignore_ament_install'
[0.225s] Level 1:colcon.colcon_core.package_identification:_identify(src/simulasi-2025) by extensions ['colcon_pkg']
[0.225s] Level 1:colcon.colcon_core.package_identification:_identify(src/simulasi-2025) by extension 'colcon_pkg'
[0.225s] Level 1:colcon.colcon_core.package_identification:_identify(src/simulasi-2025) by extensions ['colcon_meta']
[0.225s] Level 1:colcon.colcon_core.package_identification:_identify(src/simulasi-2025) by extension 'colcon_meta'
[0.225s] Level 1:colcon.colcon_core.package_identification:_identify(src/simulasi-2025) by extensions ['ros']
[0.225s] Level 1:colcon.colcon_core.package_identification:_identify(src/simulasi-2025) by extension 'ros'
[0.226s] DEBUG:colcon.colcon_core.package_identification:Package 'src/simulasi-2025' with type 'ros.ament_cmake' and name 'simulasi-2025'
[0.226s] Level 1:colcon.colcon_core.package_discovery:discover_packages(recursive) using defaults
[0.226s] Level 1:colcon.colcon_core.package_discovery:discover_packages(ignore) discover
[0.226s] Level 1:colcon.colcon_core.package_discovery:discover_packages(ignore) using defaults
[0.226s] Level 1:colcon.colcon_core.package_discovery:discover_packages(path) discover
[0.226s] Level 1:colcon.colcon_core.package_discovery:discover_packages(path) using defaults
[0.255s] Level 1:colcon.colcon_core.package_discovery:discover_packages(prefix_path) check parameters
[0.255s] Level 1:colcon.colcon_core.package_discovery:discover_packages(prefix_path) discover
[0.256s] DEBUG:colcon.colcon_installed_package_information.package_discovery:Found 5 installed packages in /home/user/fprobocon/install
[0.257s] DEBUG:colcon.colcon_installed_package_information.package_discovery:Found 403 installed packages in /opt/ros/humble
[0.259s] Level 1:colcon.colcon_core.package_discovery:discover_packages(prefix_path) using defaults
[0.297s] Level 5:colcon.colcon_core.verb:set package 'joystick_controller' build argument 'cmake_args' from command line to 'None'
[0.297s] Level 5:colcon.colcon_core.verb:set package 'joystick_controller' build argument 'cmake_target' from command line to 'None'
[0.297s] Level 5:colcon.colcon_core.verb:set package 'joystick_controller' build argument 'cmake_target_skip_unavailable' from command line to 'False'
[0.297s] Level 5:colcon.colcon_core.verb:set package 'joystick_controller' build argument 'cmake_clean_cache' from command line to 'False'
[0.297s] Level 5:colcon.colcon_core.verb:set package 'joystick_controller' build argument 'cmake_clean_first' from command line to 'False'
[0.297s] Level 5:colcon.colcon_core.verb:set package 'joystick_controller' build argument 'cmake_force_configure' from command line to 'False'
[0.297s] Level 5:colcon.colcon_core.verb:set package 'joystick_controller' build argument 'ament_cmake_args' from command line to 'None'
[0.297s] Level 5:colcon.colcon_core.verb:set package 'joystick_controller' build argument 'catkin_cmake_args' from command line to 'None'
[0.297s] Level 5:colcon.colcon_core.verb:set package 'joystick_controller' build argument 'catkin_skip_building_tests' from command line to 'False'
[0.297s] DEBUG:colcon.colcon_core.verb:Building package 'joystick_controller' with the following arguments: {'ament_cmake_args': None, 'build_base': '/home/user/fprobocon/build/joystick_controller', 'catkin_cmake_args': None, 'catkin_skip_building_tests': False, 'cmake_args': None, 'cmake_clean_cache': False, 'cmake_clean_first': False, 'cmake_force_configure': False, 'cmake_target': None, 'cmake_target_skip_unavailable': False, 'install_base': '/home/user/fprobocon/install/joystick_controller', 'merge_install': False, 'path': '/home/user/fprobocon/src/joystick_controller', 'symlink_install': True, 'test_result_base': None}
[0.297s] Level 5:colcon.colcon_core.verb:set package 'keyboard_controller' build argument 'cmake_args' from command line to 'None'
[0.297s] Level 5:colcon.colcon_core.verb:set package 'keyboard_controller' build argument 'cmake_target' from command line to 'None'
[0.297s] Level 5:colcon.colcon_core.verb:set package 'keyboard_controller' build argument 'cmake_target_skip_unavailable' from command line to 'False'
[0.297s] Level 5:colcon.colcon_core.verb:set package 'keyboard_controller' build argument 'cmake_clean_cache' from command line to 'False'
[0.297s] Level 5:colcon.colcon_core.verb:set package 'keyboard_controller' build argument 'cmake_clean_first' from command line to 'False'
[0.297s] Level 5:colcon.colcon_core.verb:set package 'keyboard_controller' build argument 'cmake_force_configure' from command line to 'False'
[0.297s] Level 5:colcon.colcon_core.verb:set package 'keyboard_controller' build argument 'ament_cmake_args' from command line to 'None'
[0.297s] Level 5:colcon.colcon_core.verb:set package 'keyboard_controller' build argument 'catkin_cmake_args' from command line to 'None'
[0.297s] Level 5:colcon.colcon_core.verb:set package 'keyboard_controller' build argument 'catkin_skip_building_tests' from command line to 'False'
[0.297s] DEBUG:colcon.colcon_core.verb:Building package 'keyboard_controller' with the following arguments: {'ament_cmake_args': None, 'build_base': '/home/user/fprobocon/build/keyboard_controller', 'catkin_cmake_args': None, 'catkin_skip_building_tests': False, 'cmake_args': None, 'cmake_clean_cache': False, 'cmake_clean_first': False, 'cmake_force_configure': False, 'cmake_target': None, 'cmake_target_skip_unavailable': False, 'install_base': '/home/user/fprobocon/install/keyboard_controller', 'merge_install': False, 'path': '/home/user/fprobocon/src/keyboard_controller', 'symlink_install': True, 'test_result_base': None}
[0.298s] Level 5:colcon.colcon_core.verb:set package 'move_to_target' build argument 'cmake_args' from command line to 'None'
[0.298s] Level 5:colcon.colcon_core.verb:set package 'move_to_target' build argument 'cmake_target' from command line to 'None'
[0.298s] Level 5:colcon.colcon_core.verb:set package 'move_to_target' build argument 'cmake_target_skip_unavailable' from command line to 'False'
[0.298s] Level 5:colcon.colcon_core.verb:set package 'move_to_target' build argument 'cmake_clean_cache' from command line to 'False'
[0.298s] Level 5:colcon.colcon_core.verb:set package 'move_to_target' build argument 'cmake_clean_first' from command line to 'False'
[0.298s] Level 5:colcon.colcon_core.verb:set package 'move_to_target' build argument 'cmake_force_configure' from command line to 'False'
[0.298s] Level 5:colcon.colcon_core.verb:set package 'move_to_target' build argument 'ament_cmake_args' from command line to 'None'
[0.298s] Level 5:colcon.colcon_core.verb:set package 'move_to_target' build argument 'catkin_cmake_args' from command line to 'None'
[0.298s] Level 5:colcon.colcon_core.verb:set package 'move_to_target' build argument 'catkin_skip_building_tests' from command line to 'False'
[0.298s] DEBUG:colcon.colcon_core.verb:Building package 'move_to_target' with the following arguments: {'ament_cmake_args': None, 'build_base': '/home/user/fprobocon/build/move_to_target', 'catkin_cmake_args': None, 'catkin_skip_building_tests': False, 'cmake_args': None, 'cmake_clean_cache': False, 'cmake_clean_first': False, 'cmake_force_configure': False, 'cmake_target': None, 'cmake_target_skip_unavailable': False, 'install_base': '/home/user/fprobocon/install/move_to_target', 'merge_install': False, 'path': '/home/user/fprobocon/src/move_to_target', 'symlink_install': True, 'test_result_base': None}
[0.298s] Level 5:colcon.colcon_core.verb:set package 'simulasi-2025' build argument 'cmake_args' from command line to 'None'
[0.298s] Level 5:colcon.colcon_core.verb:set package 'simulasi-2025' build argument 'cmake_target' from command line to 'None'
[0.298s] Level 5:colcon.colcon_core.verb:set package 'simulasi-2025' build argument 'cmake_target_skip_unavailable' from command line to 'False'
[0.298s] Level 5:colcon.colcon_core.verb:set package 'simulasi-2025' build argument 'cmake_clean_cache' from command line to 'False'
[0.298s] Level 5:colcon.colcon_core.verb:set package 'simulasi-2025' build argument 'cmake_clean_first' from command line to 'False'
[0.298s] Level 5:colcon.colcon_core.verb:set package 'simulasi-2025' build argument 'cmake_force_configure' from command line to 'False'
[0.298s] Level 5:colcon.colcon_core.verb:set package 'simulasi-2025' build argument 'ament_cmake_args' from command line to 'None'
[0.298s] Level 5:colcon.colcon_core.verb:set package 'simulasi-2025' build argument 'catkin_cmake_args' from command line to 'None'
[0.298s] Level 5:colcon.colcon_core.verb:set package 'simulasi-2025' build argument 'catkin_skip_building_tests' from command line to 'False'
[0.298s] DEBUG:colcon.colcon_core.verb:Building package 'simulasi-2025' with the following arguments: {'ament_cmake_args': None, 'build_base': '/home/user/fprobocon/build/simulasi-2025', 'catkin_cmake_args': None, 'catkin_skip_building_tests': False, 'cmake_args': None, 'cmake_clean_cache': False, 'cmake_clean_first': False, 'cmake_force_configure': False, 'cmake_target': None, 'cmake_target_skip_unavailable': False, 'install_base': '/home/user/fprobocon/install/simulasi-2025', 'merge_install': False, 'path': '/home/user/fprobocon/src/simulasi-2025', 'symlink_install': True, 'test_result_base': None}
[0.298s] INFO:colcon.colcon_core.executor:Executing jobs using 'parallel' executor
[0.299s] DEBUG:colcon.colcon_parallel_executor.executor.parallel:run_until_complete
[0.299s] INFO:colcon.colcon_ros.task.ament_python.build:Building ROS package in '/home/user/fprobocon/src/joystick_controller' with build type 'ament_python'
[0.299s] Level 1:colcon.colcon_core.shell:create_environment_hook('joystick_controller', 'ament_prefix_path')
[0.301s] INFO:colcon.colcon_core.plugin_system:Skipping extension 'colcon_core.shell.bat': Not used on non-Windows systems
[0.301s] INFO:colcon.colcon_core.shell:Creating environment hook '/home/user/fprobocon/install/joystick_controller/share/joystick_controller/hook/ament_prefix_path.ps1'
[0.302s] INFO:colcon.colcon_core.shell:Creating environment descriptor '/home/user/fprobocon/install/joystick_controller/share/joystick_controller/hook/ament_prefix_path.dsv'
[0.302s] INFO:colcon.colcon_core.shell:Creating environment hook '/home/user/fprobocon/install/joystick_controller/share/joystick_controller/hook/ament_prefix_path.sh'
[0.302s] INFO:colcon.colcon_core.shell:Skip shell extension 'powershell' for command environment: Not usable outside of PowerShell
[0.302s] DEBUG:colcon.colcon_core.shell:Skip shell extension 'dsv' for command environment
[0.305s] INFO:colcon.colcon_ros.task.ament_python.build:Building ROS package in '/home/user/fprobocon/src/keyboard_controller' with build type 'ament_python'
[0.305s] Level 1:colcon.colcon_core.shell:create_environment_hook('keyboard_controller', 'ament_prefix_path')
[0.306s] INFO:colcon.colcon_core.shell:Creating environment hook '/home/user/fprobocon/install/keyboard_controller/share/keyboard_controller/hook/ament_prefix_path.ps1'
[0.306s] INFO:colcon.colcon_core.shell:Creating environment descriptor '/home/user/fprobocon/install/keyboard_controller/share/keyboard_controller/hook/ament_prefix_path.dsv'
[0.306s] INFO:colcon.colcon_core.shell:Creating environment hook '/home/user/fprobocon/install/keyboard_controller/share/keyboard_controller/hook/ament_prefix_path.sh'
[0.307s] INFO:colcon.colcon_core.shell:Skip shell extension 'powershell' for command environment: Not usable outside of PowerShell
[0.307s] DEBUG:colcon.colcon_core.shell:Skip shell extension 'dsv' for command environment
[0.309s] INFO:colcon.colcon_ros.task.ament_cmake.build:Building ROS package in '/home/user/fprobocon/src/move_to_target' with build type 'ament_cmake'
[0.309s] INFO:colcon.colcon_cmake.task.cmake.build:Building CMake package in '/home/user/fprobocon/src/move_to_target'
[0.310s] INFO:colcon.colcon_core.shell:Skip shell extension 'powershell' for command environment: Not usable outside of PowerShell
[0.310s] DEBUG:colcon.colcon_core.shell:Skip shell extension 'dsv' for command environment
[0.314s] INFO:colcon.colcon_ros.task.ament_cmake.build:Building ROS package in '/home/user/fprobocon/src/simulasi-2025' with build type 'ament_cmake'
[0.314s] INFO:colcon.colcon_cmake.task.cmake.build:Building CMake package in '/home/user/fprobocon/src/simulasi-2025'
[0.314s] INFO:colcon.colcon_core.shell:Skip shell extension 'powershell' for command environment: Not usable outside of PowerShell
[0.314s] DEBUG:colcon.colcon_core.shell:Skip shell extension 'dsv' for command environment
[0.513s] INFO:colcon.colcon_core.task.python.build:Building Python package in '/home/user/fprobocon/src/joystick_controller'
[0.514s] INFO:colcon.colcon_core.shell:Skip shell extension 'powershell' for command environment: Not usable outside of PowerShell
[0.514s] DEBUG:colcon.colcon_core.shell:Skip shell extension 'dsv' for command environment
[0.746s] INFO:colcon.colcon_core.task.python.build:Building Python package in '/home/user/fprobocon/src/keyboard_controller'
[0.746s] INFO:colcon.colcon_core.shell:Skip shell extension 'powershell' for command environment: Not usable outside of PowerShell
[0.746s] DEBUG:colcon.colcon_core.shell:Skip shell extension 'dsv' for command environment
[0.754s] DEBUG:colcon.colcon_core.event_handler.log_command:Invoking command in '/home/user/fprobocon/build/move_to_target': CMAKE_PREFIX_PATH=${CMAKE_PREFIX_PATH}:/home/user/fprobocon/install/sim2025_key:/home/user/fprobocon/install/keyboard_controller:/home/user/fprobocon/install/joystick_controller:/opt/ros/humble /usr/bin/cmake --build /home/user/fprobocon/build/move_to_target -- -j16 -l16
[0.758s] DEBUG:colcon.colcon_core.event_handler.log_command:Invoking command in '/home/user/fprobocon/build/simulasi-2025': CMAKE_PREFIX_PATH=${CMAKE_PREFIX_PATH}:/home/user/fprobocon/install/sim2025_key:/home/user/fprobocon/install/keyboard_controller:/home/user/fprobocon/install/joystick_controller:/opt/ros/humble /usr/bin/cmake --build /home/user/fprobocon/build/simulasi-2025 -- -j16 -l16
[0.799s] DEBUG:colcon.colcon_core.event_handler.log_command:Invoked command in '/home/user/fprobocon/build/simulasi-2025' returned '0': CMAKE_PREFIX_PATH=${CMAKE_PREFIX_PATH}:/home/user/fprobocon/install/sim2025_key:/home/user/fprobocon/install/keyboard_controller:/home/user/fprobocon/install/joystick_controller:/opt/ros/humble /usr/bin/cmake --build /home/user/fprobocon/build/simulasi-2025 -- -j16 -l16
[0.827s] DEBUG:colcon.colcon_core.event_handler.log_command:Invoking command in '/home/user/fprobocon/build/simulasi-2025': CMAKE_PREFIX_PATH=${CMAKE_PREFIX_PATH}:/home/user/fprobocon/install/sim2025_key:/home/user/fprobocon/install/keyboard_controller:/home/user/fprobocon/install/joystick_controller:/opt/ros/humble /usr/bin/cmake --install /home/user/fprobocon/build/simulasi-2025
[0.848s] Level 1:colcon.colcon_core.environment:create_environment_scripts_only(simulasi-2025)
[0.848s] DEBUG:colcon.colcon_core.event_handler.log_command:Invoked command in '/home/user/fprobocon/build/simulasi-2025' returned '0': CMAKE_PREFIX_PATH=${CMAKE_PREFIX_PATH}:/home/user/fprobocon/install/sim2025_key:/home/user/fprobocon/install/keyboard_controller:/home/user/fprobocon/install/joystick_controller:/opt/ros/humble /usr/bin/cmake --install /home/user/fprobocon/build/simulasi-2025
[0.850s] Level 1:colcon.colcon_core.environment:checking '/home/user/fprobocon/install/simulasi-2025' for CMake module files
[0.850s] Level 1:colcon.colcon_core.environment:checking '/home/user/fprobocon/install/simulasi-2025' for CMake config files
[0.850s] Level 1:colcon.colcon_core.shell:create_environment_hook('simulasi-2025', 'cmake_prefix_path')
[0.850s] INFO:colcon.colcon_core.shell:Creating environment hook '/home/user/fprobocon/install/simulasi-2025/share/simulasi-2025/hook/cmake_prefix_path.ps1'
[0.851s] INFO:colcon.colcon_core.shell:Creating environment descriptor '/home/user/fprobocon/install/simulasi-2025/share/simulasi-2025/hook/cmake_prefix_path.dsv'
[0.851s] INFO:colcon.colcon_core.shell:Creating environment hook '/home/user/fprobocon/install/simulasi-2025/share/simulasi-2025/hook/cmake_prefix_path.sh'
[0.852s] Level 1:colcon.colcon_core.environment:checking '/home/user/fprobocon/install/simulasi-2025/bin'
[0.852s] Level 1:colcon.colcon_core.environment:checking '/home/user/fprobocon/install/simulasi-2025/lib/pkgconfig/simulasi-2025.pc'
[0.852s] Level 1:colcon.colcon_core.environment:checking '/home/user/fprobocon/install/simulasi-2025/lib/python3.10/site-packages'
[0.852s] Level 1:colcon.colcon_core.environment:checking '/home/user/fprobocon/install/simulasi-2025/bin'
[0.852s] INFO:colcon.colcon_core.shell:Creating package script '/home/user/fprobocon/install/simulasi-2025/share/simulasi-2025/package.ps1'
[0.853s] INFO:colcon.colcon_core.shell:Creating package descriptor '/home/user/fprobocon/install/simulasi-2025/share/simulasi-2025/package.dsv'
[0.853s] INFO:colcon.colcon_core.shell:Creating package script '/home/user/fprobocon/install/simulasi-2025/share/simulasi-2025/package.sh'
[0.854s] INFO:colcon.colcon_core.shell:Creating package script '/home/user/fprobocon/install/simulasi-2025/share/simulasi-2025/package.bash'
[0.854s] INFO:colcon.colcon_core.shell:Creating package script '/home/user/fprobocon/install/simulasi-2025/share/simulasi-2025/package.zsh'
[0.854s] Level 1:colcon.colcon_core.environment:create_file_with_runtime_dependencies(/home/user/fprobocon/install/simulasi-2025/share/colcon-core/packages/simulasi-2025)
[0.873s] Level 1:colcon.colcon_core.environment:create_environment_scripts_only(simulasi-2025)
[0.874s] Level 1:colcon.colcon_core.environment:checking '/home/user/fprobocon/install/simulasi-2025' for CMake module files
[0.874s] Level 1:colcon.colcon_core.environment:checking '/home/user/fprobocon/install/simulasi-2025' for CMake config files
[0.874s] Level 1:colcon.colcon_core.shell:create_environment_hook('simulasi-2025', 'cmake_prefix_path')
[0.875s] INFO:colcon.colcon_core.shell:Creating environment hook '/home/user/fprobocon/install/simulasi-2025/share/simulasi-2025/hook/cmake_prefix_path.ps1'
[0.875s] INFO:colcon.colcon_core.shell:Creating environment descriptor '/home/user/fprobocon/install/simulasi-2025/share/simulasi-2025/hook/cmake_prefix_path.dsv'
[0.875s] INFO:colcon.colcon_core.shell:Creating environment hook '/home/user/fprobocon/install/simulasi-2025/share/simulasi-2025/hook/cmake_prefix_path.sh'
[0.876s] Level 1:colcon.colcon_core.environment:checking '/home/user/fprobocon/install/simulasi-2025/bin'
[0.876s] Level 1:colcon.colcon_core.environment:checking '/home/user/fprobocon/install/simulasi-2025/lib/pkgconfig/simulasi-2025.pc'
[0.876s] Level 1:colcon.colcon_core.environment:checking '/home/user/fprobocon/install/simulasi-2025/lib/python3.10/site-packages'
[0.876s] Level 1:colcon.colcon_core.environment:checking '/home/user/fprobocon/install/simulasi-2025/bin'
[0.876s] INFO:colcon.colcon_core.shell:Creating package script '/home/user/fprobocon/install/simulasi-2025/share/simulasi-2025/package.ps1'
[0.877s] INFO:colcon.colcon_core.shell:Creating package descriptor '/home/user/fprobocon/install/simulasi-2025/share/simulasi-2025/package.dsv'
[0.877s] INFO:colcon.colcon_core.shell:Creating package script '/home/user/fprobocon/install/simulasi-2025/share/simulasi-2025/package.sh'
[0.877s] INFO:colcon.colcon_core.shell:Creating package script '/home/user/fprobocon/install/simulasi-2025/share/simulasi-2025/package.bash'
[0.878s] INFO:colcon.colcon_core.shell:Creating package script '/home/user/fprobocon/install/simulasi-2025/share/simulasi-2025/package.zsh'
[0.878s] Level 1:colcon.colcon_core.environment:create_file_with_runtime_dependencies(/home/user/fprobocon/install/simulasi-2025/share/colcon-core/packages/simulasi-2025)
[1.052s] DEBUG:colcon.colcon_core.event_handler.log_command:Invoking command in '/home/user/fprobocon/build/joystick_controller': PYTHONPATH=/home/user/fprobocon/build/joystick_controller/prefix_override:/usr/lib/python3/dist-packages/colcon_core/task/python/colcon_distutils_commands:/home/user/fprobocon/install/joystick_controller/lib/python3.10/site-packages:${PYTHONPATH} /usr/bin/python3 -W ignore:setup.py install is deprecated setup.py develop --editable --build-directory /home/user/fprobocon/build/joystick_controller/build --no-deps symlink_data
[1.061s] DEBUG:colcon.colcon_core.event_handler.log_command:Invoking command in '/home/user/fprobocon/build/keyboard_controller': PYTHONPATH=/home/user/fprobocon/build/keyboard_controller/prefix_override:/usr/lib/python3/dist-packages/colcon_core/task/python/colcon_distutils_commands:/home/user/fprobocon/install/keyboard_controller/lib/python3.10/site-packages:${PYTHONPATH} /usr/bin/python3 -W ignore:setup.py install is deprecated setup.py develop --editable --build-directory /home/user/fprobocon/build/keyboard_controller/build --no-deps symlink_data
[1.420s] Level 1:colcon.colcon_core.shell:create_environment_hook('keyboard_controller', 'pythonpath_develop')
[1.420s] INFO:colcon.colcon_core.shell:Creating environment hook '/home/user/fprobocon/build/keyboard_controller/share/keyboard_controller/hook/pythonpath_develop.ps1'
[1.420s] DEBUG:colcon.colcon_core.event_handler.log_command:Invoked command in '/home/user/fprobocon/build/keyboard_controller' returned '0': PYTHONPATH=/home/user/fprobocon/build/keyboard_controller/prefix_override:/usr/lib/python3/dist-packages/colcon_core/task/python/colcon_distutils_commands:/home/user/fprobocon/install/keyboard_controller/lib/python3.10/site-packages:${PYTHONPATH} /usr/bin/python3 -W ignore:setup.py install is deprecated setup.py develop --editable --build-directory /home/user/fprobocon/build/keyboard_controller/build --no-deps symlink_data
[1.421s] INFO:colcon.colcon_core.shell:Creating environment descriptor '/home/user/fprobocon/build/keyboard_controller/share/keyboard_controller/hook/pythonpath_develop.dsv'
[1.421s] INFO:colcon.colcon_core.shell:Creating environment hook '/home/user/fprobocon/build/keyboard_controller/share/keyboard_controller/hook/pythonpath_develop.sh'
[1.422s] Level 1:colcon.colcon_core.environment:checking '/home/user/fprobocon/install/keyboard_controller' for CMake module files
[1.422s] Level 1:colcon.colcon_core.environment:checking '/home/user/fprobocon/install/keyboard_controller' for CMake config files
[1.422s] Level 1:colcon.colcon_core.environment:checking '/home/user/fprobocon/install/keyboard_controller/lib'
[1.422s] Level 1:colcon.colcon_core.environment:checking '/home/user/fprobocon/install/keyboard_controller/bin'
[1.422s] Level 1:colcon.colcon_core.environment:checking '/home/user/fprobocon/install/keyboard_controller/lib/pkgconfig/keyboard_controller.pc'
[1.423s] Level 1:colcon.colcon_core.environment:checking '/home/user/fprobocon/install/keyboard_controller/lib/python3.10/site-packages'
[1.423s] Level 1:colcon.colcon_core.shell:create_environment_hook('keyboard_controller', 'pythonpath')
[1.423s] INFO:colcon.colcon_core.shell:Creating environment hook '/home/user/fprobocon/install/keyboard_controller/share/keyboard_controller/hook/pythonpath.ps1'
[1.423s] INFO:colcon.colcon_core.shell:Creating environment descriptor '/home/user/fprobocon/install/keyboard_controller/share/keyboard_controller/hook/pythonpath.dsv'
[1.423s] INFO:colcon.colcon_core.shell:Creating environment hook '/home/user/fprobocon/install/keyboard_controller/share/keyboard_controller/hook/pythonpath.sh'
[1.424s] Level 1:colcon.colcon_core.environment:checking '/home/user/fprobocon/install/keyboard_controller/bin'
[1.424s] Level 1:colcon.colcon_core.environment:create_environment_scripts_only(keyboard_controller)
[1.424s] INFO:colcon.colcon_core.shell:Creating package script '/home/user/fprobocon/install/keyboard_controller/share/keyboard_controller/package.ps1'
[1.424s] INFO:colcon.colcon_core.shell:Creating package descriptor '/home/user/fprobocon/install/keyboard_controller/share/keyboard_controller/package.dsv'
[1.425s] INFO:colcon.colcon_core.shell:Creating package script '/home/user/fprobocon/install/keyboard_controller/share/keyboard_controller/package.sh'
[1.425s] INFO:colcon.colcon_core.shell:Creating package script '/home/user/fprobocon/install/keyboard_controller/share/keyboard_controller/package.bash'
[1.425s] INFO:colcon.colcon_core.shell:Creating package script '/home/user/fprobocon/install/keyboard_controller/share/keyboard_controller/package.zsh'
[1.426s] Level 1:colcon.colcon_core.environment:create_file_with_runtime_dependencies(/home/user/fprobocon/install/keyboard_controller/share/colcon-core/packages/keyboard_controller)
[1.427s] Level 1:colcon.colcon_core.shell:create_environment_hook('joystick_controller', 'pythonpath_develop')
[1.428s] INFO:colcon.colcon_core.shell:Creating environment hook '/home/user/fprobocon/build/joystick_controller/share/joystick_controller/hook/pythonpath_develop.ps1'
[1.428s] DEBUG:colcon.colcon_core.event_handler.log_command:Invoked command in '/home/user/fprobocon/build/joystick_controller' returned '0': PYTHONPATH=/home/user/fprobocon/build/joystick_controller/prefix_override:/usr/lib/python3/dist-packages/colcon_core/task/python/colcon_distutils_commands:/home/user/fprobocon/install/joystick_controller/lib/python3.10/site-packages:${PYTHONPATH} /usr/bin/python3 -W ignore:setup.py install is deprecated setup.py develop --editable --build-directory /home/user/fprobocon/build/joystick_controller/build --no-deps symlink_data
[1.429s] INFO:colcon.colcon_core.shell:Creating environment descriptor '/home/user/fprobocon/build/joystick_controller/share/joystick_controller/hook/pythonpath_develop.dsv'
[1.429s] INFO:colcon.colcon_core.shell:Creating environment hook '/home/user/fprobocon/build/joystick_controller/share/joystick_controller/hook/pythonpath_develop.sh'
[1.429s] Level 1:colcon.colcon_core.environment:checking '/home/user/fprobocon/install/joystick_controller' for CMake module files
[1.430s] Level 1:colcon.colcon_core.environment:checking '/home/user/fprobocon/install/joystick_controller' for CMake config files
[1.430s] Level 1:colcon.colcon_core.environment:checking '/home/user/fprobocon/install/joystick_controller/lib'
[1.430s] Level 1:colcon.colcon_core.environment:checking '/home/user/fprobocon/install/joystick_controller/bin'
[1.430s] Level 1:colcon.colcon_core.environment:checking '/home/user/fprobocon/install/joystick_controller/lib/pkgconfig/joystick_controller.pc'
[1.430s] Level 1:colcon.colcon_core.environment:checking '/home/user/fprobocon/install/joystick_controller/lib/python3.10/site-packages'
[1.430s] Level 1:colcon.colcon_core.shell:create_environment_hook('joystick_controller', 'pythonpath')
[1.430s] INFO:colcon.colcon_core.shell:Creating environment hook '/home/user/fprobocon/install/joystick_controller/share/joystick_controller/hook/pythonpath.ps1'
[1.431s] INFO:colcon.colcon_core.shell:Creating environment descriptor '/home/user/fprobocon/install/joystick_controller/share/joystick_controller/hook/pythonpath.dsv'
[1.431s] INFO:colcon.colcon_core.shell:Creating environment hook '/home/user/fprobocon/install/joystick_controller/share/joystick_controller/hook/pythonpath.sh'
[1.431s] Level 1:colcon.colcon_core.environment:checking '/home/user/fprobocon/install/joystick_controller/bin'
[1.432s] Level 1:colcon.colcon_core.environment:create_environment_scripts_only(joystick_controller)
[1.432s] INFO:colcon.colcon_core.shell:Creating package script '/home/user/fprobocon/install/joystick_controller/share/joystick_controller/package.ps1'
[1.432s] INFO:colcon.colcon_core.shell:Creating package descriptor '/home/user/fprobocon/install/joystick_controller/share/joystick_controller/package.dsv'
[1.432s] INFO:colcon.colcon_core.shell:Creating package script '/home/user/fprobocon/install/joystick_controller/share/joystick_controller/package.sh'
[1.433s] INFO:colcon.colcon_core.shell:Creating package script '/home/user/fprobocon/install/joystick_controller/share/joystick_controller/package.bash'
[1.433s] INFO:colcon.colcon_core.shell:Creating package script '/home/user/fprobocon/install/joystick_controller/share/joystick_controller/package.zsh'
[1.433s] Level 1:colcon.colcon_core.environment:create_file_with_runtime_dependencies(/home/user/fprobocon/install/joystick_controller/share/colcon-core/packages/joystick_controller)
[4.009s] DEBUG:colcon.colcon_core.event_handler.log_command:Invoked command in '/home/user/fprobocon/build/move_to_target' returned '0': CMAKE_PREFIX_PATH=${CMAKE_PREFIX_PATH}:/home/user/fprobocon/install/sim2025_key:/home/user/fprobocon/install/keyboard_controller:/home/user/fprobocon/install/joystick_controller:/opt/ros/humble /usr/bin/cmake --build /home/user/fprobocon/build/move_to_target -- -j16 -l16
[4.031s] DEBUG:colcon.colcon_core.event_handler.log_command:Invoking command in '/home/user/fprobocon/build/move_to_target': CMAKE_PREFIX_PATH=${CMAKE_PREFIX_PATH}:/home/user/fprobocon/install/sim2025_key:/home/user/fprobocon/install/keyboard_controller:/home/user/fprobocon/install/joystick_controller:/opt/ros/humble /usr/bin/cmake --install /home/user/fprobocon/build/move_to_target
[4.049s] Level 1:colcon.colcon_core.environment:create_environment_scripts_only(move_to_target)
[4.049s] Level 1:colcon.colcon_core.environment:checking '/home/user/fprobocon/install/move_to_target' for CMake module files
[4.049s] DEBUG:colcon.colcon_core.event_handler.log_command:Invoked command in '/home/user/fprobocon/build/move_to_target' returned '0': CMAKE_PREFIX_PATH=${CMAKE_PREFIX_PATH}:/home/user/fprobocon/install/sim2025_key:/home/user/fprobocon/install/keyboard_controller:/home/user/fprobocon/install/joystick_controller:/opt/ros/humble /usr/bin/cmake --install /home/user/fprobocon/build/move_to_target
[4.050s] Level 1:colcon.colcon_core.environment:checking '/home/user/fprobocon/install/move_to_target' for CMake config files
[4.050s] Level 1:colcon.colcon_core.shell:create_environment_hook('move_to_target', 'cmake_prefix_path')
[4.050s] INFO:colcon.colcon_core.shell:Creating environment hook '/home/user/fprobocon/install/move_to_target/share/move_to_target/hook/cmake_prefix_path.ps1'
[4.050s] INFO:colcon.colcon_core.shell:Creating environment descriptor '/home/user/fprobocon/install/move_to_target/share/move_to_target/hook/cmake_prefix_path.dsv'
[4.051s] INFO:colcon.colcon_core.shell:Creating environment hook '/home/user/fprobocon/install/move_to_target/share/move_to_target/hook/cmake_prefix_path.sh'
[4.051s] Level 1:colcon.colcon_core.environment:checking '/home/user/fprobocon/install/move_to_target/lib'
[4.051s] Level 1:colcon.colcon_core.environment:checking '/home/user/fprobocon/install/move_to_target/bin'
[4.051s] Level 1:colcon.colcon_core.environment:checking '/home/user/fprobocon/install/move_to_target/lib/pkgconfig/move_to_target.pc'
[4.051s] Level 1:colcon.colcon_core.environment:checking '/home/user/fprobocon/install/move_to_target/lib/python3.10/site-packages'
[4.051s] Level 1:colcon.colcon_core.environment:checking '/home/user/fprobocon/install/move_to_target/bin'
[4.052s] INFO:colcon.colcon_core.shell:Creating package script '/home/user/fprobocon/install/move_to_target/share/move_to_target/package.ps1'
[4.052s] INFO:colcon.colcon_core.shell:Creating package descriptor '/home/user/fprobocon/install/move_to_target/share/move_to_target/package.dsv'
[4.052s] INFO:colcon.colcon_core.shell:Creating package script '/home/user/fprobocon/install/move_to_target/share/move_to_target/package.sh'
[4.052s] INFO:colcon.colcon_core.shell:Creating package script '/home/user/fprobocon/install/move_to_target/share/move_to_target/package.bash'
[4.053s] INFO:colcon.colcon_core.shell:Creating package script '/home/user/fprobocon/install/move_to_target/share/move_to_target/package.zsh'
[4.053s] Level 1:colcon.colcon_core.environment:create_file_with_runtime_dependencies(/home/user/fprobocon/install/move_to_target/share/colcon-core/packages/move_to_target)
[4.074s] Level 1:colcon.colcon_core.environment:create_environment_scripts_only(move_to_target)
[4.075s] Level 1:colcon.colcon_core.environment:checking '/home/user/fprobocon/install/move_to_target' for CMake module files
[4.075s] Level 1:colcon.colcon_core.environment:checking '/home/user/fprobocon/install/move_to_target' for CMake config files
[4.075s] Level 1:colcon.colcon_core.shell:create_environment_hook('move_to_target', 'cmake_prefix_path')
[4.075s] INFO:colcon.colcon_core.shell:Creating environment hook '/home/user/fprobocon/install/move_to_target/share/move_to_target/hook/cmake_prefix_path.ps1'
[4.076s] INFO:colcon.colcon_core.shell:Creating environment descriptor '/home/user/fprobocon/install/move_to_target/share/move_to_target/hook/cmake_prefix_path.dsv'
[4.076s] INFO:colcon.colcon_core.shell:Creating environment hook '/home/user/fprobocon/install/move_to_target/share/move_to_target/hook/cmake_prefix_path.sh'
[4.076s] Level 1:colcon.colcon_core.environment:checking '/home/user/fprobocon/install/move_to_target/lib'
[4.076s] Level 1:colcon.colcon_core.environment:checking '/home/user/fprobocon/install/move_to_target/bin'
[4.076s] Level 1:colcon.colcon_core.environment:checking '/home/user/fprobocon/install/move_to_target/lib/pkgconfig/move_to_target.pc'
[4.077s] Level 1:colcon.colcon_core.environment:checking '/home/user/fprobocon/install/move_to_target/lib/python3.10/site-packages'
[4.077s] Level 1:colcon.colcon_core.environment:checking '/home/user/fprobocon/install/move_to_target/bin'
[4.077s] INFO:colcon.colcon_core.shell:Creating package script '/home/user/fprobocon/install/move_to_target/share/move_to_target/package.ps1'
[4.077s] INFO:colcon.colcon_core.shell:Creating package descriptor '/home/user/fprobocon/install/move_to_target/share/move_to_target/package.dsv'
[4.077s] INFO:colcon.colcon_core.shell:Creating package script '/home/user/fprobocon/install/move_to_target/share/move_to_target/package.sh'
[4.078s] INFO:colcon.colcon_core.shell:Creating package script '/home/user/fprobocon/install/move_to_target/share/move_to_target/package.bash'
[4.078s] INFO:colcon.colcon_core.shell:Creating package script '/home/user/fprobocon/install/move_to_target/share/move_to_target/package.zsh'
[4.079s] Level 1:colcon.colcon_core.environment:create_file_with_runtime_dependencies(/home/user/fprobocon/install/move_to_target/share/colcon-core/packages/move_to_target)
[4.079s] DEBUG:colcon.colcon_parallel_executor.executor.parallel:closing loop
[4.079s] DEBUG:colcon.colcon_parallel_executor.executor.parallel:loop closed
[4.079s] DEBUG:colcon.colcon_parallel_executor.executor.parallel:run_until_complete finished with '0'
[4.079s] DEBUG:colcon.colcon_core.event_reactor:joining thread
[4.083s] INFO:colcon.colcon_core.plugin_system:Skipping extension 'colcon_notification.desktop_notification.terminal_notifier': Not used on non-Darwin systems
[4.083s] INFO:colcon.colcon_core.plugin_system:Skipping extension 'colcon_notification.desktop_notification.win32': Not used on non-Windows systems
[4.083s] INFO:colcon.colcon_notification.desktop_notification:Sending desktop notification using 'notify2'
[4.086s] DEBUG:colcon.colcon_core.event_reactor:joined thread
[4.087s] INFO:colcon.colcon_core.shell:Creating prefix script '/home/user/fprobocon/install/local_setup.ps1'
[4.087s] INFO:colcon.colcon_core.shell:Creating prefix util module '/home/user/fprobocon/install/_local_setup_util_ps1.py'
[4.088s] INFO:colcon.colcon_core.shell:Creating prefix chain script '/home/user/fprobocon/install/setup.ps1'
[4.089s] INFO:colcon.colcon_core.shell:Creating prefix script '/home/user/fprobocon/install/local_setup.sh'
[4.089s] INFO:colcon.colcon_core.shell:Creating prefix util module '/home/user/fprobocon/install/_local_setup_util_sh.py'
[4.090s] INFO:colcon.colcon_core.shell:Creating prefix chain script '/home/user/fprobocon/install/setup.sh'
[4.091s] INFO:colcon.colcon_core.shell:Creating prefix script '/home/user/fprobocon/install/local_setup.bash'
[4.091s] INFO:colcon.colcon_core.shell:Creating prefix chain script '/home/user/fprobocon/install/setup.bash'
[4.092s] INFO:colcon.colcon_core.shell:Creating prefix script '/home/user/fprobocon/install/local_setup.zsh'
[4.092s] INFO:colcon.colcon_core.shell:Creating prefix chain script '/home/user/fprobocon/install/setup.zsh'
