[0.541s] Invoking command in '/home/user/fprobocon/build/move_to_target': CMAKE_PREFIX_PATH=${CMAKE_PREFIX_PATH}:/home/user/fprobocon/install/sim2025_key:/home/user/fprobocon/install/keyboard_controller:/home/user/fprobocon/install/joystick_controller:/opt/ros/humble /usr/bin/cmake --build /home/user/fprobocon/build/move_to_target -- -j16 -l16
[0.596s] [35m[1mConsolidate compiler generated dependencies of target move_to_target_node[0m
[0.620s] [ 50%] [32mBuilding CXX object CMakeFiles/move_to_target_node.dir/src/move_to_target_node.cpp.o[0m
[4.791s] [100%] [32m[1mLinking CXX executable move_to_target_node[0m
[4.995s] [100%] Built target move_to_target_node
[5.007s] Invoked command in '/home/user/fprobocon/build/move_to_target' returned '0': CMAKE_PREFIX_PATH=${CMAKE_PREFIX_PATH}:/home/user/fprobocon/install/sim2025_key:/home/user/fprobocon/install/keyboard_controller:/home/user/fprobocon/install/joystick_controller:/opt/ros/humble /usr/bin/cmake --build /home/user/fprobocon/build/move_to_target -- -j16 -l16
[5.037s] Invoking command in '/home/user/fprobocon/build/move_to_target': CMAKE_PREFIX_PATH=${CMAKE_PREFIX_PATH}:/home/user/fprobocon/install/sim2025_key:/home/user/fprobocon/install/keyboard_controller:/home/user/fprobocon/install/joystick_controller:/opt/ros/humble /usr/bin/cmake --install /home/user/fprobocon/build/move_to_target
[5.047s] -- Install configuration: ""
[5.047s] -- Execute custom install script
[5.047s] -- Up-to-date symlink: /home/user/fprobocon/install/move_to_target/lib/move_to_target/move_to_target_node
[5.047s] -- Up-to-date symlink: /home/user/fprobocon/install/move_to_target/share/ament_index/resource_index/package_run_dependencies/move_to_target
[5.048s] -- Up-to-date symlink: /home/user/fprobocon/install/move_to_target/share/ament_index/resource_index/parent_prefix_path/move_to_target
[5.048s] -- Up-to-date symlink: /home/user/fprobocon/install/move_to_target/share/move_to_target/environment/ament_prefix_path.sh
[5.048s] -- Up-to-date symlink: /home/user/fprobocon/install/move_to_target/share/move_to_target/environment/ament_prefix_path.dsv
[5.048s] -- Up-to-date symlink: /home/user/fprobocon/install/move_to_target/share/move_to_target/environment/path.sh
[5.048s] -- Up-to-date symlink: /home/user/fprobocon/install/move_to_target/share/move_to_target/environment/path.dsv
[5.048s] -- Up-to-date symlink: /home/user/fprobocon/install/move_to_target/share/move_to_target/local_setup.bash
[5.048s] -- Up-to-date symlink: /home/user/fprobocon/install/move_to_target/share/move_to_target/local_setup.sh
[5.048s] -- Up-to-date symlink: /home/user/fprobocon/install/move_to_target/share/move_to_target/local_setup.zsh
[5.048s] -- Up-to-date symlink: /home/user/fprobocon/install/move_to_target/share/move_to_target/local_setup.dsv
[5.049s] -- Symlinking: /home/user/fprobocon/install/move_to_target/share/move_to_target/package.dsv
[5.059s] -- Up-to-date symlink: /home/user/fprobocon/install/move_to_target/share/ament_index/resource_index/packages/move_to_target
[5.059s] -- Up-to-date symlink: /home/user/fprobocon/install/move_to_target/share/move_to_target/cmake/move_to_targetConfig.cmake
[5.059s] -- Up-to-date symlink: /home/user/fprobocon/install/move_to_target/share/move_to_target/cmake/move_to_targetConfig-version.cmake
[5.059s] -- Up-to-date symlink: /home/user/fprobocon/install/move_to_target/share/move_to_target/package.xml
[5.062s] Invoked command in '/home/user/fprobocon/build/move_to_target' returned '0': CMAKE_PREFIX_PATH=${CMAKE_PREFIX_PATH}:/home/user/fprobocon/install/sim2025_key:/home/user/fprobocon/install/keyboard_controller:/home/user/fprobocon/install/joystick_controller:/opt/ros/humble /usr/bin/cmake --install /home/user/fprobocon/build/move_to_target
