[0.473s] Invoking command in '/home/user/fprobocon/src/joystick_controller': PYTHONPATH=/home/user/fprobocon/build/joystick_controller/prefix_override:/usr/lib/python3/dist-packages/colcon_core/task/python/colcon_distutils_commands:/home/user/fprobocon/install/joystick_controller/lib/python3.10/site-packages:${PYTHONPATH} /usr/bin/python3 -W ignore:setup.py install is deprecated setup.py egg_info --egg-base ../../build/joystick_controller build --build-base /home/user/fprobocon/build/joystick_controller/build install --record /home/user/fprobocon/build/joystick_controller/install.log --single-version-externally-managed install_data
[0.648s] running egg_info
[0.648s] writing ../../build/joystick_controller/joystick_controller.egg-info/PKG-INFO
[0.648s] writing dependency_links to ../../build/joystick_controller/joystick_controller.egg-info/dependency_links.txt
[0.648s] writing entry points to ../../build/joystick_controller/joystick_controller.egg-info/entry_points.txt
[0.649s] writing requirements to ../../build/joystick_controller/joystick_controller.egg-info/requires.txt
[0.649s] writing top-level names to ../../build/joystick_controller/joystick_controller.egg-info/top_level.txt
[0.650s] reading manifest file '../../build/joystick_controller/joystick_controller.egg-info/SOURCES.txt'
[0.650s] adding license file 'LICENSE'
[0.651s] writing manifest file '../../build/joystick_controller/joystick_controller.egg-info/SOURCES.txt'
[0.651s] running build
[0.651s] running build_py
[0.651s] running install
[0.651s] running install_lib
[0.652s] running install_data
[0.652s] copying package.xml -> /home/user/fprobocon/install/joystick_controller/share/joystick_controller
[0.652s] running install_egg_info
[0.653s] removing '/home/user/fprobocon/install/joystick_controller/lib/python3.10/site-packages/joystick_controller-0.0.0-py3.10.egg-info' (and everything under it)
[0.654s] Copying ../../build/joystick_controller/joystick_controller.egg-info to /home/user/fprobocon/install/joystick_controller/lib/python3.10/site-packages/joystick_controller-0.0.0-py3.10.egg-info
[0.654s] running install_scripts
[0.669s] Installing joystick_controller_node script to /home/user/fprobocon/install/joystick_controller/lib/joystick_controller
[0.669s] writing list of installed files to '/home/user/fprobocon/build/joystick_controller/install.log'
[0.686s] Invoked command in '/home/user/fprobocon/src/joystick_controller' returned '0': PYTHONPATH=/home/user/fprobocon/build/joystick_controller/prefix_override:/usr/lib/python3/dist-packages/colcon_core/task/python/colcon_distutils_commands:/home/user/fprobocon/install/joystick_controller/lib/python3.10/site-packages:${PYTHONPATH} /usr/bin/python3 -W ignore:setup.py install is deprecated setup.py egg_info --egg-base ../../build/joystick_controller build --build-base /home/user/fprobocon/build/joystick_controller/build install --record /home/user/fprobocon/build/joystick_controller/install.log --single-version-externally-managed install_data
