running develop
/usr/lib/python3/dist-packages/setuptools/command/easy_install.py:158: EasyInstallDeprecationWarning: easy_install command is deprecated. Use build and pip and other standards-based tools.
  warnings.warn(
Removing /home/user/fprobocon/install/keyboard_controller/lib/python3.10/site-packages/keyboard-controller.egg-link (link to .)
running egg_info
writing ../../build/keyboard_controller/keyboard_controller.egg-info/PKG-INFO
writing dependency_links to ../../build/keyboard_controller/keyboard_controller.egg-info/dependency_links.txt
writing entry points to ../../build/keyboard_controller/keyboard_controller.egg-info/entry_points.txt
writing requirements to ../../build/keyboard_controller/keyboard_controller.egg-info/requires.txt
writing top-level names to ../../build/keyboard_controller/keyboard_controller.egg-info/top_level.txt
reading manifest file '../../build/keyboard_controller/keyboard_controller.egg-info/SOURCES.txt'
adding license file 'LICENSE'
writing manifest file '../../build/keyboard_controller/keyboard_controller.egg-info/SOURCES.txt'
running build
running build_py
running install
running install_lib
creating /home/user/fprobocon/install/keyboard_controller/lib/python3.10/site-packages/keyboard_controller
copying /home/user/fprobocon/build/keyboard_controller/build/lib/keyboard_controller/keyboard_controller.py -> /home/user/fprobocon/install/keyboard_controller/lib/python3.10/site-packages/keyboard_controller
copying /home/user/fprobocon/build/keyboard_controller/build/lib/keyboard_controller/__init__.py -> /home/user/fprobocon/install/keyboard_controller/lib/python3.10/site-packages/keyboard_controller
byte-compiling /home/user/fprobocon/install/keyboard_controller/lib/python3.10/site-packages/keyboard_controller/keyboard_controller.py to keyboard_controller.cpython-310.pyc
byte-compiling /home/user/fprobocon/install/keyboard_controller/lib/python3.10/site-packages/keyboard_controller/__init__.py to __init__.cpython-310.pyc
running install_data
copying resource/keyboard_controller -> /home/user/fprobocon/install/keyboard_controller/share/ament_index/resource_index/packages
copying package.xml -> /home/user/fprobocon/install/keyboard_controller/share/keyboard_controller
running install_egg_info
Copying ../../build/keyboard_controller/keyboard_controller.egg-info to /home/user/fprobocon/install/keyboard_controller/lib/python3.10/site-packages/keyboard_controller-0.0.0-py3.10.egg-info
running install_scripts
Installing keyboard_controller script to /home/user/fprobocon/install/keyboard_controller/lib/keyboard_controller
writing list of installed files to '/home/user/fprobocon/build/keyboard_controller/install.log'
