[0.015s] Invoking command in '/home/user/fprobocon/build/simulasi-2025': AMENT_PREFIX_PATH=/home/user/fprobocon/install/sim2025_key:/home/user/fprobocon/install/simulasi-2025:/opt/ros/humble CMAKE_PREFIX_PATH=${CMAKE_PREFIX_PATH}:/home/user/fprobocon/install/sim2025_key:/opt/ros/humble PYTHONPATH=/home/user/fprobocon/build/sim2025_key:${PYTHONPATH} /usr/bin/cmake /home/user/fprobocon/src/simulasi-2025 -DAMENT_CMAKE_SYMLINK_INSTALL=1 -DCMAKE_INSTALL_PREFIX=/home/user/fprobocon/install/simulasi-2025
[0.139s] -- The C compiler identification is GNU 11.4.0
[0.247s] -- The CXX compiler identification is GNU 11.4.0
[0.257s] -- Detecting C compiler ABI info
[0.351s] -- Detecting C compiler ABI info - done
[0.359s] -- Check for working C compiler: /usr/bin/cc - skipped
[0.359s] -- Detecting C compile features
[0.360s] -- Detecting C compile features - done
[0.363s] -- Detecting CXX compiler ABI info
[0.470s] -- Detecting CXX compiler ABI info - done
[0.478s] -- Check for working CXX compiler: /usr/bin/c++ - skipped
[0.478s] -- Detecting CXX compile features
[0.479s] -- Detecting CXX compile features - done
[0.483s] -- Found ament_cmake: 1.3.10 (/opt/ros/humble/share/ament_cmake/cmake)
[0.706s] -- Found Python3: /usr/bin/python3 (found version "3.10.12") found components: Interpreter 
[0.780s] -- Override CMake install command with custom implementation using symlinks instead of copying resources
[0.820s] -- Found rclpy: 3.3.14 (/opt/ros/humble/share/rclpy/cmake)
[0.821s] -- Found geometry_msgs: 4.2.4 (/opt/ros/humble/share/geometry_msgs/cmake)
[0.868s] -- Found rosidl_generator_c: 3.1.5 (/opt/ros/humble/share/rosidl_generator_c/cmake)
[0.874s] -- Found rosidl_adapter: 3.1.5 (/opt/ros/humble/share/rosidl_adapter/cmake)
[0.884s] -- Found rosidl_generator_cpp: 3.1.5 (/opt/ros/humble/share/rosidl_generator_cpp/cmake)
[0.898s] -- Using all available rosidl_typesupport_c: rosidl_typesupport_fastrtps_c;rosidl_typesupport_introspection_c
[0.916s] -- Using all available rosidl_typesupport_cpp: rosidl_typesupport_fastrtps_cpp;rosidl_typesupport_introspection_cpp
[0.963s] -- Found ament_lint_auto: 0.12.11 (/opt/ros/humble/share/ament_lint_auto/cmake)
[1.093s] -- Added test 'cppcheck' to perform static code analysis on C / C++ code
[1.093s] -- Configured cppcheck include dirs: 
[1.093s] -- Configured cppcheck exclude dirs and/or files: 
[1.098s] -- Added test 'flake8' to check Python code syntax and style conventions
[1.107s] -- Added test 'lint_cmake' to check CMake code style
[1.112s] -- Added test 'pep257' to check Python code against some of the docstring style conventions in PEP 257
[1.148s] -- Added test 'uncrustify' to check C / C++ code style
[1.148s] -- Configured uncrustify additional arguments: 
[1.153s] -- Added test 'xmllint' to check XML markup files
[1.156s] -- Configuring done
[1.162s] -- Generating done
[1.163s] -- Build files have been written to: /home/user/fprobocon/build/simulasi-2025
[1.175s] Invoked command in '/home/user/fprobocon/build/simulasi-2025' returned '0': AMENT_PREFIX_PATH=/home/user/fprobocon/install/sim2025_key:/home/user/fprobocon/install/simulasi-2025:/opt/ros/humble CMAKE_PREFIX_PATH=${CMAKE_PREFIX_PATH}:/home/user/fprobocon/install/sim2025_key:/opt/ros/humble PYTHONPATH=/home/user/fprobocon/build/sim2025_key:${PYTHONPATH} /usr/bin/cmake /home/user/fprobocon/src/simulasi-2025 -DAMENT_CMAKE_SYMLINK_INSTALL=1 -DCMAKE_INSTALL_PREFIX=/home/user/fprobocon/install/simulasi-2025
[1.177s] Invoking command in '/home/user/fprobocon/build/simulasi-2025': AMENT_PREFIX_PATH=/home/user/fprobocon/install/sim2025_key:/home/user/fprobocon/install/simulasi-2025:/opt/ros/humble CMAKE_PREFIX_PATH=${CMAKE_PREFIX_PATH}:/home/user/fprobocon/install/sim2025_key:/opt/ros/humble PYTHONPATH=/home/user/fprobocon/build/sim2025_key:${PYTHONPATH} /usr/bin/cmake --build /home/user/fprobocon/build/simulasi-2025 -- -j16 -l16
[1.229s] Invoked command in '/home/user/fprobocon/build/simulasi-2025' returned '0': AMENT_PREFIX_PATH=/home/user/fprobocon/install/sim2025_key:/home/user/fprobocon/install/simulasi-2025:/opt/ros/humble CMAKE_PREFIX_PATH=${CMAKE_PREFIX_PATH}:/home/user/fprobocon/install/sim2025_key:/opt/ros/humble PYTHONPATH=/home/user/fprobocon/build/sim2025_key:${PYTHONPATH} /usr/bin/cmake --build /home/user/fprobocon/build/simulasi-2025 -- -j16 -l16
[1.274s] Invoking command in '/home/user/fprobocon/build/simulasi-2025': AMENT_PREFIX_PATH=/home/user/fprobocon/install/sim2025_key:/home/user/fprobocon/install/simulasi-2025:/opt/ros/humble CMAKE_PREFIX_PATH=${CMAKE_PREFIX_PATH}:/home/user/fprobocon/install/sim2025_key:/opt/ros/humble PYTHONPATH=/home/user/fprobocon/build/sim2025_key:${PYTHONPATH} /usr/bin/cmake --install /home/user/fprobocon/build/simulasi-2025
[1.283s] -- Install configuration: ""
[1.284s] -- Execute custom install script
[1.284s] -- Symlinking: /home/user/fprobocon/install/simulasi-2025/share/simulasi-2025/launch/display.launch.py
[1.296s] -- Symlinking: /home/user/fprobocon/install/simulasi-2025/share/simulasi-2025/rviz/navigation.rviz
[1.307s] -- Symlinking: /home/user/fprobocon/install/simulasi-2025/share/simulasi-2025/rviz/rvizconfig.rviz
[1.318s] -- Symlinking: /home/user/fprobocon/install/simulasi-2025/share/simulasi-2025/rviz/urdf_config.rviz
[1.329s] -- Symlinking: /home/user/fprobocon/install/simulasi-2025/share/simulasi-2025/config/localization/ekf.yaml
[1.340s] -- Symlinking: /home/user/fprobocon/install/simulasi-2025/share/simulasi-2025/config/localization/online_async_slam.yaml
[1.351s] -- Symlinking: /home/user/fprobocon/install/simulasi-2025/share/simulasi-2025/config/nav2_params.yaml
[1.362s] -- Symlinking: /home/user/fprobocon/install/simulasi-2025/share/simulasi-2025/worlds/my_world.sdf
[1.373s] -- Symlinking: /home/user/fprobocon/install/simulasi-2025/share/simulasi-2025/models/lapangan/lapangan.sdf
[1.384s] -- Symlinking: /home/user/fprobocon/install/simulasi-2025/share/simulasi-2025/models/lapangan/meshes/lapangan.dae
[1.394s] -- Symlinking: /home/user/fprobocon/install/simulasi-2025/share/simulasi-2025/models/lapangan/model.config
[1.406s] -- Symlinking: /home/user/fprobocon/install/simulasi-2025/share/simulasi-2025/description/diff_drive_description.urdf
[1.417s] -- Symlinking: /home/user/fprobocon/install/simulasi-2025/share/simulasi-2025/maps/mapku.data
[1.428s] -- Symlinking: /home/user/fprobocon/install/simulasi-2025/share/simulasi-2025/maps/mapku.posegraph
[1.439s] -- Symlinking: /home/user/fprobocon/install/simulasi-2025/share/simulasi-2025/maps/mapkuh.pgm
[1.449s] -- Symlinking: /home/user/fprobocon/install/simulasi-2025/share/simulasi-2025/maps/mapkuh.yaml
[1.460s] -- Symlinking: /home/user/fprobocon/install/simulasi-2025/share/simulasi-2025/environment/simulasi-2025.dsv
[1.471s] -- Symlinking: /home/user/fprobocon/install/simulasi-2025/share/simulasi-2025/environment/simulasi-2025.sh
[1.481s] -- Symlinking: /home/user/fprobocon/install/simulasi-2025/share/ament_index/resource_index/package_run_dependencies/simulasi-2025
[1.492s] -- Symlinking: /home/user/fprobocon/install/simulasi-2025/share/ament_index/resource_index/parent_prefix_path/simulasi-2025
[1.503s] -- Symlinking: /home/user/fprobocon/install/simulasi-2025/share/simulasi-2025/environment/ament_prefix_path.sh
[1.514s] -- Symlinking: /home/user/fprobocon/install/simulasi-2025/share/simulasi-2025/environment/ament_prefix_path.dsv
[1.525s] -- Symlinking: /home/user/fprobocon/install/simulasi-2025/share/simulasi-2025/environment/path.sh
[1.536s] -- Symlinking: /home/user/fprobocon/install/simulasi-2025/share/simulasi-2025/environment/path.dsv
[1.547s] -- Symlinking: /home/user/fprobocon/install/simulasi-2025/share/simulasi-2025/local_setup.bash
[1.558s] -- Symlinking: /home/user/fprobocon/install/simulasi-2025/share/simulasi-2025/local_setup.sh
[1.569s] -- Symlinking: /home/user/fprobocon/install/simulasi-2025/share/simulasi-2025/local_setup.zsh
[1.579s] -- Symlinking: /home/user/fprobocon/install/simulasi-2025/share/simulasi-2025/local_setup.dsv
[1.590s] -- Symlinking: /home/user/fprobocon/install/simulasi-2025/share/simulasi-2025/package.dsv
[1.601s] -- Symlinking: /home/user/fprobocon/install/simulasi-2025/share/ament_index/resource_index/packages/simulasi-2025
[1.612s] -- Symlinking: /home/user/fprobocon/install/simulasi-2025/share/simulasi-2025/cmake/ament_cmake_export_dependencies-extras.cmake
[1.622s] -- Symlinking: /home/user/fprobocon/install/simulasi-2025/share/simulasi-2025/cmake/simulasi-2025Config.cmake
[1.634s] -- Symlinking: /home/user/fprobocon/install/simulasi-2025/share/simulasi-2025/cmake/simulasi-2025Config-version.cmake
[1.645s] -- Symlinking: /home/user/fprobocon/install/simulasi-2025/share/simulasi-2025/package.xml
[1.659s] Invoked command in '/home/user/fprobocon/build/simulasi-2025' returned '0': AMENT_PREFIX_PATH=/home/user/fprobocon/install/sim2025_key:/home/user/fprobocon/install/simulasi-2025:/opt/ros/humble CMAKE_PREFIX_PATH=${CMAKE_PREFIX_PATH}:/home/user/fprobocon/install/sim2025_key:/opt/ros/humble PYTHONPATH=/home/user/fprobocon/build/sim2025_key:${PYTHONPATH} /usr/bin/cmake --install /home/user/fprobocon/build/simulasi-2025
