[0.008s] Invoking command in '/home/user/fprobocon/build/file_handling': CMAKE_PREFIX_PATH=${CMAKE_PREFIX_PATH}:/home/user/fprobocon/install/sim2025_key:/home/user/fprobocon/install/keyboard_controller:/home/user/fprobocon/install/joystick_controller:/opt/ros/humble /usr/bin/cmake /home/user/fprobocon/src/file_handling -DCMAKE_INSTALL_PREFIX=/home/user/fprobocon/install/file_handling
[0.052s] -- The C compiler identification is GNU 11.4.0
[0.096s] -- The CXX compiler identification is GNU 11.4.0
[0.101s] -- Detecting C compiler ABI info
[0.160s] -- Detecting C compiler ABI info - done
[0.165s] -- Check for working C compiler: /usr/bin/cc - skipped
[0.165s] -- Detecting C compile features
[0.166s] -- Detecting C compile features - done
[0.168s] -- Detecting CXX compiler ABI info
[0.230s] -- Detecting CXX compiler ABI info - done
[0.235s] -- Check for working CXX compiler: /usr/bin/c++ - skipped
[0.236s] -- Detecting CXX compile features
[0.236s] -- Detecting CXX compile features - done
[0.239s] -- Found ament_cmake: 1.3.10 (/opt/ros/humble/share/ament_cmake/cmake)
[0.354s] -- Found Python3: /usr/bin/python3 (found version "3.10.12") found components: Interpreter 
[0.435s] -- Found rclcpp: 16.0.10 (/opt/ros/humble/share/rclcpp/cmake)
[0.472s] -- Found rosidl_generator_c: 3.1.5 (/opt/ros/humble/share/rosidl_generator_c/cmake)
[0.477s] -- Found rosidl_adapter: 3.1.5 (/opt/ros/humble/share/rosidl_adapter/cmake)
[0.484s] -- Found rosidl_generator_cpp: 3.1.5 (/opt/ros/humble/share/rosidl_generator_cpp/cmake)
[0.494s] -- Using all available rosidl_typesupport_c: rosidl_typesupport_fastrtps_c;rosidl_typesupport_introspection_c
[0.507s] -- Using all available rosidl_typesupport_cpp: rosidl_typesupport_fastrtps_cpp;rosidl_typesupport_introspection_cpp
[0.544s] -- Found rmw_implementation_cmake: 6.1.2 (/opt/ros/humble/share/rmw_implementation_cmake/cmake)
[0.546s] -- Found rmw_fastrtps_cpp: 6.2.7 (/opt/ros/humble/share/rmw_fastrtps_cpp/cmake)
[0.621s] -- Found OpenSSL: /usr/lib/x86_64-linux-gnu/libcrypto.so (found version "3.0.2")  
[0.646s] -- Found FastRTPS: /opt/ros/humble/include  
[0.683s] -- Using RMW implementation 'rmw_fastrtps_cpp' as default
[0.691s] -- Looking for pthread.h
[0.749s] -- Looking for pthread.h - found
[0.749s] -- Performing Test CMAKE_HAVE_LIBC_PTHREAD
[0.807s] -- Performing Test CMAKE_HAVE_LIBC_PTHREAD - Success
[0.808s] -- Found Threads: TRUE  
[0.846s] -- Found geometry_msgs: 4.2.4 (/opt/ros/humble/share/geometry_msgs/cmake)
[0.857s] -- Found ament_lint_auto: 0.12.11 (/opt/ros/humble/share/ament_lint_auto/cmake)
[0.922s] -- Added test 'cppcheck' to perform static code analysis on C / C++ code
[0.923s] -- Configured cppcheck include dirs: 
[0.923s] -- Configured cppcheck exclude dirs and/or files: 
[0.923s] -- Added test 'lint_cmake' to check CMake code style
[0.924s] -- Added test 'uncrustify' to check C / C++ code style
[0.924s] -- Configured uncrustify additional arguments: 
[0.924s] -- Added test 'xmllint' to check XML markup files
[0.925s] -- Configuring done
[0.933s] -- Generating done
[0.934s] -- Build files have been written to: /home/user/fprobocon/build/file_handling
[0.941s] Invoked command in '/home/user/fprobocon/build/file_handling' returned '0': CMAKE_PREFIX_PATH=${CMAKE_PREFIX_PATH}:/home/user/fprobocon/install/sim2025_key:/home/user/fprobocon/install/keyboard_controller:/home/user/fprobocon/install/joystick_controller:/opt/ros/humble /usr/bin/cmake /home/user/fprobocon/src/file_handling -DCMAKE_INSTALL_PREFIX=/home/user/fprobocon/install/file_handling
[0.942s] Invoking command in '/home/user/fprobocon/build/file_handling': CMAKE_PREFIX_PATH=${CMAKE_PREFIX_PATH}:/home/user/fprobocon/install/sim2025_key:/home/user/fprobocon/install/keyboard_controller:/home/user/fprobocon/install/joystick_controller:/opt/ros/humble /usr/bin/cmake --build /home/user/fprobocon/build/file_handling -- -j16 -l16
[0.983s] [ 50%] [32mBuilding CXX object CMakeFiles/file_handling_node.dir/src/file_handling_node.cpp.o[0m
[4.025s] [100%] [32m[1mLinking CXX executable file_handling_node[0m
[4.160s] [100%] Built target file_handling_node
[4.170s] Invoked command in '/home/user/fprobocon/build/file_handling' returned '0': CMAKE_PREFIX_PATH=${CMAKE_PREFIX_PATH}:/home/user/fprobocon/install/sim2025_key:/home/user/fprobocon/install/keyboard_controller:/home/user/fprobocon/install/joystick_controller:/opt/ros/humble /usr/bin/cmake --build /home/user/fprobocon/build/file_handling -- -j16 -l16
[4.202s] Invoking command in '/home/user/fprobocon/build/file_handling': CMAKE_PREFIX_PATH=${CMAKE_PREFIX_PATH}:/home/user/fprobocon/install/sim2025_key:/home/user/fprobocon/install/keyboard_controller:/home/user/fprobocon/install/joystick_controller:/opt/ros/humble /usr/bin/cmake --install /home/user/fprobocon/build/file_handling
[4.208s] -- Install configuration: ""
[4.208s] -- Installing: /home/user/fprobocon/install/file_handling/lib/file_handling/file_handling_node
[4.209s] -- Set runtime path of "/home/user/fprobocon/install/file_handling/lib/file_handling/file_handling_node" to ""
[4.209s] -- Installing: /home/user/fprobocon/install/file_handling/share/ament_index/resource_index/package_run_dependencies/file_handling
[4.209s] -- Installing: /home/user/fprobocon/install/file_handling/share/ament_index/resource_index/parent_prefix_path/file_handling
[4.209s] -- Installing: /home/user/fprobocon/install/file_handling/share/file_handling/environment/ament_prefix_path.sh
[4.209s] -- Installing: /home/user/fprobocon/install/file_handling/share/file_handling/environment/ament_prefix_path.dsv
[4.210s] -- Installing: /home/user/fprobocon/install/file_handling/share/file_handling/environment/path.sh
[4.210s] -- Installing: /home/user/fprobocon/install/file_handling/share/file_handling/environment/path.dsv
[4.210s] -- Installing: /home/user/fprobocon/install/file_handling/share/file_handling/local_setup.bash
[4.210s] -- Installing: /home/user/fprobocon/install/file_handling/share/file_handling/local_setup.sh
[4.210s] -- Installing: /home/user/fprobocon/install/file_handling/share/file_handling/local_setup.zsh
[4.210s] -- Installing: /home/user/fprobocon/install/file_handling/share/file_handling/local_setup.dsv
[4.210s] -- Installing: /home/user/fprobocon/install/file_handling/share/file_handling/package.dsv
[4.210s] -- Installing: /home/user/fprobocon/install/file_handling/share/ament_index/resource_index/packages/file_handling
[4.211s] -- Installing: /home/user/fprobocon/install/file_handling/share/file_handling/cmake/file_handlingConfig.cmake
[4.211s] -- Installing: /home/user/fprobocon/install/file_handling/share/file_handling/cmake/file_handlingConfig-version.cmake
[4.211s] -- Installing: /home/user/fprobocon/install/file_handling/share/file_handling/package.xml
[4.212s] Invoked command in '/home/user/fprobocon/build/file_handling' returned '0': CMAKE_PREFIX_PATH=${CMAKE_PREFIX_PATH}:/home/user/fprobocon/install/sim2025_key:/home/user/fprobocon/install/keyboard_controller:/home/user/fprobocon/install/joystick_controller:/opt/ros/humble /usr/bin/cmake --install /home/user/fprobocon/build/file_handling
