[0.372s] Invoking command in '/home/user/fprobocon/build/move_to_target': CMAKE_PREFIX_PATH=/opt/ros/humble /usr/bin/cmake /home/user/fprobocon/src/move_to_target -DAMENT_CMAKE_SYMLINK_INSTALL=1 -DCMAKE_INSTALL_PREFIX=/home/user/fprobocon/install/move_to_target
[0.451s] -- The C compiler identification is GNU 11.4.0
[0.518s] -- The CXX compiler identification is GNU 11.4.0
[0.525s] -- Detecting C compiler ABI info
[0.604s] -- Detecting C compiler ABI info - done
[0.609s] -- Check for working C compiler: /usr/bin/cc - skipped
[0.609s] -- Detecting C compile features
[0.609s] -- Detecting C compile features - done
[0.612s] -- Detecting CXX compiler ABI info
[0.678s] -- Detecting CXX compiler ABI info - done
[0.683s] -- Check for working CXX compiler: /usr/bin/c++ - skipped
[0.683s] -- Detecting CXX compile features
[0.683s] -- Detecting CXX compile features - done
[0.687s] -- Found ament_cmake: 1.3.10 (/opt/ros/humble/share/ament_cmake/cmake)
[0.797s] -- Found Python3: /usr/bin/python3 (found version "3.10.12") found components: Interpreter 
[0.843s] -- Override CMake install command with custom implementation using symlinks instead of copying resources
[0.868s] -- Found rclcpp: 16.0.10 (/opt/ros/humble/share/rclcpp/cmake)
[0.906s] -- Found rosidl_generator_c: 3.1.5 (/opt/ros/humble/share/rosidl_generator_c/cmake)
[0.910s] -- Found rosidl_adapter: 3.1.5 (/opt/ros/humble/share/rosidl_adapter/cmake)
[0.916s] -- Found rosidl_generator_cpp: 3.1.5 (/opt/ros/humble/share/rosidl_generator_cpp/cmake)
[0.927s] -- Using all available rosidl_typesupport_c: rosidl_typesupport_fastrtps_c;rosidl_typesupport_introspection_c
[0.941s] -- Using all available rosidl_typesupport_cpp: rosidl_typesupport_fastrtps_cpp;rosidl_typesupport_introspection_cpp
[0.983s] -- Found rmw_implementation_cmake: 6.1.2 (/opt/ros/humble/share/rmw_implementation_cmake/cmake)
[0.986s] -- Found rmw_fastrtps_cpp: 6.2.7 (/opt/ros/humble/share/rmw_fastrtps_cpp/cmake)
[1.068s] -- Found OpenSSL: /usr/lib/x86_64-linux-gnu/libcrypto.so (found version "3.0.2")  
[1.094s] -- Found FastRTPS: /opt/ros/humble/include  
[1.133s] -- Using RMW implementation 'rmw_fastrtps_cpp' as default
[1.142s] -- Looking for pthread.h
[1.204s] -- Looking for pthread.h - found
[1.204s] -- Performing Test CMAKE_HAVE_LIBC_PTHREAD
[1.266s] -- Performing Test CMAKE_HAVE_LIBC_PTHREAD - Success
[1.267s] -- Found Threads: TRUE  
[1.308s] -- Found geometry_msgs: 4.2.4 (/opt/ros/humble/share/geometry_msgs/cmake)
[1.318s] -- Found ament_lint_auto: 0.12.11 (/opt/ros/humble/share/ament_lint_auto/cmake)
[1.376s] -- Added test 'cppcheck' to perform static code analysis on C / C++ code
[1.376s] -- Configured cppcheck include dirs: 
[1.376s] -- Configured cppcheck exclude dirs and/or files: 
[1.376s] -- Added test 'lint_cmake' to check CMake code style
[1.377s] -- Added test 'uncrustify' to check C / C++ code style
[1.377s] -- Configured uncrustify additional arguments: 
[1.377s] -- Added test 'xmllint' to check XML markup files
[1.378s] -- Configuring done
[1.386s] -- Generating done
[1.387s] -- Build files have been written to: /home/user/fprobocon/build/move_to_target
[1.394s] Invoked command in '/home/user/fprobocon/build/move_to_target' returned '0': CMAKE_PREFIX_PATH=/opt/ros/humble /usr/bin/cmake /home/user/fprobocon/src/move_to_target -DAMENT_CMAKE_SYMLINK_INSTALL=1 -DCMAKE_INSTALL_PREFIX=/home/user/fprobocon/install/move_to_target
[1.396s] Invoking command in '/home/user/fprobocon/build/move_to_target': CMAKE_PREFIX_PATH=/opt/ros/humble /usr/bin/cmake --build /home/user/fprobocon/build/move_to_target -- -j16 -l16
[1.438s] [ 50%] [32mBuilding CXX object CMakeFiles/move_to_target_node.dir/src/move_to_target_node.cpp.o[0m
[4.485s] [100%] [32m[1mLinking CXX executable move_to_target_node[0m
[4.646s] [100%] Built target move_to_target_node
[4.656s] Invoked command in '/home/user/fprobocon/build/move_to_target' returned '0': CMAKE_PREFIX_PATH=/opt/ros/humble /usr/bin/cmake --build /home/user/fprobocon/build/move_to_target -- -j16 -l16
[4.679s] Invoking command in '/home/user/fprobocon/build/move_to_target': CMAKE_PREFIX_PATH=/opt/ros/humble /usr/bin/cmake --install /home/user/fprobocon/build/move_to_target
[4.685s] -- Install configuration: ""
[4.686s] -- Execute custom install script
[4.686s] -- Symlinking: /home/user/fprobocon/install/move_to_target/lib/move_to_target/move_to_target_node
[4.694s] -- Symlinking: /home/user/fprobocon/install/move_to_target/share/ament_index/resource_index/package_run_dependencies/move_to_target
[4.700s] -- Symlinking: /home/user/fprobocon/install/move_to_target/share/ament_index/resource_index/parent_prefix_path/move_to_target
[4.707s] -- Symlinking: /home/user/fprobocon/install/move_to_target/share/move_to_target/environment/ament_prefix_path.sh
[4.714s] -- Symlinking: /home/user/fprobocon/install/move_to_target/share/move_to_target/environment/ament_prefix_path.dsv
[4.722s] -- Symlinking: /home/user/fprobocon/install/move_to_target/share/move_to_target/environment/path.sh
[4.729s] -- Symlinking: /home/user/fprobocon/install/move_to_target/share/move_to_target/environment/path.dsv
[4.736s] -- Symlinking: /home/user/fprobocon/install/move_to_target/share/move_to_target/local_setup.bash
[4.743s] -- Symlinking: /home/user/fprobocon/install/move_to_target/share/move_to_target/local_setup.sh
[4.750s] -- Symlinking: /home/user/fprobocon/install/move_to_target/share/move_to_target/local_setup.zsh
[4.757s] -- Symlinking: /home/user/fprobocon/install/move_to_target/share/move_to_target/local_setup.dsv
[4.764s] -- Symlinking: /home/user/fprobocon/install/move_to_target/share/move_to_target/package.dsv
[4.771s] -- Symlinking: /home/user/fprobocon/install/move_to_target/share/ament_index/resource_index/packages/move_to_target
[4.778s] -- Symlinking: /home/user/fprobocon/install/move_to_target/share/move_to_target/cmake/move_to_targetConfig.cmake
[4.785s] -- Symlinking: /home/user/fprobocon/install/move_to_target/share/move_to_target/cmake/move_to_targetConfig-version.cmake
[4.792s] -- Symlinking: /home/user/fprobocon/install/move_to_target/share/move_to_target/package.xml
[4.802s] Invoked command in '/home/user/fprobocon/build/move_to_target' returned '0': CMAKE_PREFIX_PATH=/opt/ros/humble /usr/bin/cmake --install /home/user/fprobocon/build/move_to_target
