[0.013s] Invoking command in '/home/user/fprobocon/build/file_handling': CMAKE_PREFIX_PATH=${CMAKE_PREFIX_PATH}:/home/user/fprobocon/install/sim2025_key:/home/user/fprobocon/install/keyboard_controller:/home/user/fprobocon/install/joystick_controller:/opt/ros/humble /usr/bin/cmake --build /home/user/fprobocon/build/file_handling -- -j16 -l16
[0.068s] [35m[1mConsolidate compiler generated dependencies of target file_handling_node[0m
[0.093s] [100%] Built target file_handling_node
[0.110s] Invoked command in '/home/user/fprobocon/build/file_handling' returned '0': CMAKE_PREFIX_PATH=${CMAKE_PREFIX_PATH}:/home/user/fprobocon/install/sim2025_key:/home/user/fprobocon/install/keyboard_controller:/home/user/fprobocon/install/joystick_controller:/opt/ros/humble /usr/bin/cmake --build /home/user/fprobocon/build/file_handling -- -j16 -l16
[0.153s] Invoking command in '/home/user/fprobocon/build/file_handling': CMAKE_PREFIX_PATH=${CMAKE_PREFIX_PATH}:/home/user/fprobocon/install/sim2025_key:/home/user/fprobocon/install/keyboard_controller:/home/user/fprobocon/install/joystick_controller:/opt/ros/humble /usr/bin/cmake --install /home/user/fprobocon/build/file_handling
[0.163s] -- Install configuration: ""
[0.163s] -- Up-to-date: /home/user/fprobocon/install/file_handling/lib/file_handling/file_handling_node
[0.163s] -- Up-to-date: /home/user/fprobocon/install/file_handling/share/ament_index/resource_index/package_run_dependencies/file_handling
[0.163s] -- Up-to-date: /home/user/fprobocon/install/file_handling/share/ament_index/resource_index/parent_prefix_path/file_handling
[0.163s] -- Up-to-date: /home/user/fprobocon/install/file_handling/share/file_handling/environment/ament_prefix_path.sh
[0.163s] -- Up-to-date: /home/user/fprobocon/install/file_handling/share/file_handling/environment/ament_prefix_path.dsv
[0.163s] -- Up-to-date: /home/user/fprobocon/install/file_handling/share/file_handling/environment/path.sh
[0.163s] -- Up-to-date: /home/user/fprobocon/install/file_handling/share/file_handling/environment/path.dsv
[0.164s] -- Up-to-date: /home/user/fprobocon/install/file_handling/share/file_handling/local_setup.bash
[0.164s] -- Up-to-date: /home/user/fprobocon/install/file_handling/share/file_handling/local_setup.sh
[0.164s] -- Up-to-date: /home/user/fprobocon/install/file_handling/share/file_handling/local_setup.zsh
[0.164s] -- Up-to-date: /home/user/fprobocon/install/file_handling/share/file_handling/local_setup.dsv
[0.164s] -- Installing: /home/user/fprobocon/install/file_handling/share/file_handling/package.dsv
[0.164s] -- Up-to-date: /home/user/fprobocon/install/file_handling/share/ament_index/resource_index/packages/file_handling
[0.164s] -- Up-to-date: /home/user/fprobocon/install/file_handling/share/file_handling/cmake/file_handlingConfig.cmake
[0.164s] -- Up-to-date: /home/user/fprobocon/install/file_handling/share/file_handling/cmake/file_handlingConfig-version.cmake
[0.164s] -- Up-to-date: /home/user/fprobocon/install/file_handling/share/file_handling/package.xml
[0.166s] Invoked command in '/home/user/fprobocon/build/file_handling' returned '0': CMAKE_PREFIX_PATH=${CMAKE_PREFIX_PATH}:/home/user/fprobocon/install/sim2025_key:/home/user/fprobocon/install/keyboard_controller:/home/user/fprobocon/install/joystick_controller:/opt/ros/humble /usr/bin/cmake --install /home/user/fprobocon/build/file_handling
