[0.944s] Invoking command in '/home/user/fprobocon/src/ball_detector': PYTHONPATH=/home/user/fprobocon/build/ball_detector/prefix_override:/usr/lib/python3/dist-packages/colcon_core/task/python/colcon_distutils_commands:/home/user/fprobocon/install/ball_detector/lib/python3.10/site-packages:${PYTHONPATH} /usr/bin/python3 -W ignore:setup.py install is deprecated setup.py egg_info --egg-base ../../build/ball_detector build --build-base /home/user/fprobocon/build/ball_detector/build install --record /home/user/fprobocon/build/ball_detector/install.log --single-version-externally-managed install_data
[1.123s] running egg_info
[1.123s] creating ../../build/ball_detector/ball_detector.egg-info
[1.123s] writing ../../build/ball_detector/ball_detector.egg-info/PKG-INFO
[1.124s] writing dependency_links to ../../build/ball_detector/ball_detector.egg-info/dependency_links.txt
[1.124s] writing entry points to ../../build/ball_detector/ball_detector.egg-info/entry_points.txt
[1.124s] writing requirements to ../../build/ball_detector/ball_detector.egg-info/requires.txt
[1.124s] writing top-level names to ../../build/ball_detector/ball_detector.egg-info/top_level.txt
[1.124s] writing manifest file '../../build/ball_detector/ball_detector.egg-info/SOURCES.txt'
[1.125s] reading manifest file '../../build/ball_detector/ball_detector.egg-info/SOURCES.txt'
[1.125s] adding license file 'LICENSE'
[1.126s] writing manifest file '../../build/ball_detector/ball_detector.egg-info/SOURCES.txt'
[1.126s] running build
[1.126s] running build_py
[1.126s] creating /home/user/fprobocon/build/ball_detector/build
[1.126s] creating /home/user/fprobocon/build/ball_detector/build/lib
[1.126s] creating /home/user/fprobocon/build/ball_detector/build/lib/ball_detector
[1.126s] copying ball_detector/ball_detector.py -> /home/user/fprobocon/build/ball_detector/build/lib/ball_detector
[1.126s] copying ball_detector/__init__.py -> /home/user/fprobocon/build/ball_detector/build/lib/ball_detector
[1.126s] running install
[1.127s] running install_lib
[1.127s] creating /home/user/fprobocon/install/ball_detector/lib/python3.10/site-packages/ball_detector
[1.128s] copying /home/user/fprobocon/build/ball_detector/build/lib/ball_detector/ball_detector.py -> /home/user/fprobocon/install/ball_detector/lib/python3.10/site-packages/ball_detector
[1.128s] copying /home/user/fprobocon/build/ball_detector/build/lib/ball_detector/__init__.py -> /home/user/fprobocon/install/ball_detector/lib/python3.10/site-packages/ball_detector
[1.128s] byte-compiling /home/user/fprobocon/install/ball_detector/lib/python3.10/site-packages/ball_detector/ball_detector.py to ball_detector.cpython-310.pyc
[1.129s] byte-compiling /home/user/fprobocon/install/ball_detector/lib/python3.10/site-packages/ball_detector/__init__.py to __init__.cpython-310.pyc
[1.129s] running install_data
[1.129s] creating /home/user/fprobocon/install/ball_detector/share/ament_index
[1.129s] creating /home/user/fprobocon/install/ball_detector/share/ament_index/resource_index
[1.129s] creating /home/user/fprobocon/install/ball_detector/share/ament_index/resource_index/packages
[1.129s] copying resource/ball_detector -> /home/user/fprobocon/install/ball_detector/share/ament_index/resource_index/packages
[1.129s] copying package.xml -> /home/user/fprobocon/install/ball_detector/share/ball_detector
[1.129s] running install_egg_info
[1.133s] Copying ../../build/ball_detector/ball_detector.egg-info to /home/user/fprobocon/install/ball_detector/lib/python3.10/site-packages/ball_detector-0.0.0-py3.10.egg-info
[1.133s] running install_scripts
[1.151s] Installing ball_detector_node script to /home/user/fprobocon/install/ball_detector/lib/ball_detector
[1.152s] writing list of installed files to '/home/user/fprobocon/build/ball_detector/install.log'
[1.176s] Invoked command in '/home/user/fprobocon/src/ball_detector' returned '0': PYTHONPATH=/home/user/fprobocon/build/ball_detector/prefix_override:/usr/lib/python3/dist-packages/colcon_core/task/python/colcon_distutils_commands:/home/user/fprobocon/install/ball_detector/lib/python3.10/site-packages:${PYTHONPATH} /usr/bin/python3 -W ignore:setup.py install is deprecated setup.py egg_info --egg-base ../../build/ball_detector build --build-base /home/user/fprobocon/build/ball_detector/build install --record /home/user/fprobocon/build/ball_detector/install.log --single-version-externally-managed install_data
