[0.080s] DEBUG:colcon:Command line arguments: ['/usr/bin/colcon', 'build']
[0.080s] DEBUG:colcon:Parsed command line arguments: Namespace(log_base=None, log_level=None, verb_name='build', build_base='build', install_base='install', merge_install=False, symlink_install=False, test_result_base=None, continue_on_error=False, executor='parallel', parallel_workers=16, event_handlers=None, ignore_user_meta=False, metas=['./colcon.meta'], base_paths=['.'], packages_ignore=None, packages_ignore_regex=None, paths=None, packages_up_to=None, packages_up_to_regex=None, packages_above=None, packages_above_and_dependencies=None, packages_above_depth=None, packages_select_by_dep=None, packages_skip_by_dep=None, packages_skip_up_to=None, packages_select_build_failed=False, packages_skip_build_finished=False, packages_select_test_failures=False, packages_skip_test_passed=False, packages_select=None, packages_skip=None, packages_select_regex=None, packages_skip_regex=None, packages_start=None, packages_end=None, allow_overriding=[], cmake_args=None, cmake_target=None, cmake_target_skip_unavailable=False, cmake_clean_cache=False, cmake_clean_first=False, cmake_force_configure=False, ament_cmake_args=None, catkin_cmake_args=None, catkin_skip_building_tests=False, verb_parser=<colcon_defaults.argument_parser.defaults.DefaultArgumentsDecorator object at 0x76c9b0d55ab0>, verb_extension=<colcon_core.verb.build.BuildVerb object at 0x76c9b0d555a0>, main=<bound method BuildVerb.main of <colcon_core.verb.build.BuildVerb object at 0x76c9b0d555a0>>)
[0.202s] Level 1:colcon.colcon_core.package_discovery:discover_packages(colcon_meta) check parameters
[0.202s] Level 1:colcon.colcon_core.package_discovery:discover_packages(recursive) check parameters
[0.202s] Level 1:colcon.colcon_core.package_discovery:discover_packages(ignore) check parameters
[0.202s] Level 1:colcon.colcon_core.package_discovery:discover_packages(path) check parameters
[0.202s] Level 1:colcon.colcon_core.package_discovery:discover_packages(colcon_meta) discover
[0.202s] Level 1:colcon.colcon_core.package_discovery:discover_packages(recursive) discover
[0.202s] INFO:colcon.colcon_core.package_discovery:Crawling recursively for packages in '/home/user/fprobocon'
[0.202s] Level 1:colcon.colcon_core.package_identification:_identify(.) by extensions ['ignore', 'ignore_ament_install']
[0.202s] Level 1:colcon.colcon_core.package_identification:_identify(.) by extension 'ignore'
[0.203s] Level 1:colcon.colcon_core.package_identification:_identify(.) by extension 'ignore_ament_install'
[0.203s] Level 1:colcon.colcon_core.package_identification:_identify(.) by extensions ['colcon_pkg']
[0.203s] Level 1:colcon.colcon_core.package_identification:_identify(.) by extension 'colcon_pkg'
[0.203s] Level 1:colcon.colcon_core.package_identification:_identify(.) by extensions ['colcon_meta']
[0.203s] Level 1:colcon.colcon_core.package_identification:_identify(.) by extension 'colcon_meta'
[0.203s] Level 1:colcon.colcon_core.package_identification:_identify(.) by extensions ['ros']
[0.203s] Level 1:colcon.colcon_core.package_identification:_identify(.) by extension 'ros'
[0.210s] Level 1:colcon.colcon_core.package_identification:_identify(.) by extensions ['cmake', 'python']
[0.210s] Level 1:colcon.colcon_core.package_identification:_identify(.) by extension 'cmake'
[0.210s] Level 1:colcon.colcon_core.package_identification:_identify(.) by extension 'python'
[0.210s] Level 1:colcon.colcon_core.package_identification:_identify(.) by extensions ['python_setup_py']
[0.210s] Level 1:colcon.colcon_core.package_identification:_identify(.) by extension 'python_setup_py'
[0.210s] Level 1:colcon.colcon_core.package_identification:_identify(build) by extensions ['ignore', 'ignore_ament_install']
[0.211s] Level 1:colcon.colcon_core.package_identification:_identify(build) by extension 'ignore'
[0.211s] Level 1:colcon.colcon_core.package_identification:_identify(build) ignored
[0.211s] Level 1:colcon.colcon_core.package_identification:_identify(config) by extensions ['ignore', 'ignore_ament_install']
[0.211s] Level 1:colcon.colcon_core.package_identification:_identify(config) by extension 'ignore'
[0.211s] Level 1:colcon.colcon_core.package_identification:_identify(config) by extension 'ignore_ament_install'
[0.211s] Level 1:colcon.colcon_core.package_identification:_identify(config) by extensions ['colcon_pkg']
[0.211s] Level 1:colcon.colcon_core.package_identification:_identify(config) by extension 'colcon_pkg'
[0.211s] Level 1:colcon.colcon_core.package_identification:_identify(config) by extensions ['colcon_meta']
[0.211s] Level 1:colcon.colcon_core.package_identification:_identify(config) by extension 'colcon_meta'
[0.211s] Level 1:colcon.colcon_core.package_identification:_identify(config) by extensions ['ros']
[0.211s] Level 1:colcon.colcon_core.package_identification:_identify(config) by extension 'ros'
[0.211s] Level 1:colcon.colcon_core.package_identification:_identify(config) by extensions ['cmake', 'python']
[0.211s] Level 1:colcon.colcon_core.package_identification:_identify(config) by extension 'cmake'
[0.211s] Level 1:colcon.colcon_core.package_identification:_identify(config) by extension 'python'
[0.211s] Level 1:colcon.colcon_core.package_identification:_identify(config) by extensions ['python_setup_py']
[0.211s] Level 1:colcon.colcon_core.package_identification:_identify(config) by extension 'python_setup_py'
[0.211s] Level 1:colcon.colcon_core.package_identification:_identify(install) by extensions ['ignore', 'ignore_ament_install']
[0.211s] Level 1:colcon.colcon_core.package_identification:_identify(install) by extension 'ignore'
[0.211s] Level 1:colcon.colcon_core.package_identification:_identify(install) ignored
[0.211s] Level 1:colcon.colcon_core.package_identification:_identify(log) by extensions ['ignore', 'ignore_ament_install']
[0.211s] Level 1:colcon.colcon_core.package_identification:_identify(log) by extension 'ignore'
[0.212s] Level 1:colcon.colcon_core.package_identification:_identify(log) ignored
[0.212s] Level 1:colcon.colcon_core.package_identification:_identify(src) by extensions ['ignore', 'ignore_ament_install']
[0.212s] Level 1:colcon.colcon_core.package_identification:_identify(src) by extension 'ignore'
[0.212s] Level 1:colcon.colcon_core.package_identification:_identify(src) by extension 'ignore_ament_install'
[0.212s] Level 1:colcon.colcon_core.package_identification:_identify(src) by extensions ['colcon_pkg']
[0.212s] Level 1:colcon.colcon_core.package_identification:_identify(src) by extension 'colcon_pkg'
[0.212s] Level 1:colcon.colcon_core.package_identification:_identify(src) by extensions ['colcon_meta']
[0.212s] Level 1:colcon.colcon_core.package_identification:_identify(src) by extension 'colcon_meta'
[0.212s] Level 1:colcon.colcon_core.package_identification:_identify(src) by extensions ['ros']
[0.212s] Level 1:colcon.colcon_core.package_identification:_identify(src) by extension 'ros'
[0.212s] Level 1:colcon.colcon_core.package_identification:_identify(src) by extensions ['cmake', 'python']
[0.212s] Level 1:colcon.colcon_core.package_identification:_identify(src) by extension 'cmake'
[0.212s] Level 1:colcon.colcon_core.package_identification:_identify(src) by extension 'python'
[0.212s] Level 1:colcon.colcon_core.package_identification:_identify(src) by extensions ['python_setup_py']
[0.212s] Level 1:colcon.colcon_core.package_identification:_identify(src) by extension 'python_setup_py'
[0.212s] Level 1:colcon.colcon_core.package_identification:_identify(src/ball_detector) by extensions ['ignore', 'ignore_ament_install']
[0.212s] Level 1:colcon.colcon_core.package_identification:_identify(src/ball_detector) by extension 'ignore'
[0.212s] Level 1:colcon.colcon_core.package_identification:_identify(src/ball_detector) by extension 'ignore_ament_install'
[0.212s] Level 1:colcon.colcon_core.package_identification:_identify(src/ball_detector) by extensions ['colcon_pkg']
[0.212s] Level 1:colcon.colcon_core.package_identification:_identify(src/ball_detector) by extension 'colcon_pkg'
[0.212s] Level 1:colcon.colcon_core.package_identification:_identify(src/ball_detector) by extensions ['colcon_meta']
[0.212s] Level 1:colcon.colcon_core.package_identification:_identify(src/ball_detector) by extension 'colcon_meta'
[0.212s] Level 1:colcon.colcon_core.package_identification:_identify(src/ball_detector) by extensions ['ros']
[0.212s] Level 1:colcon.colcon_core.package_identification:_identify(src/ball_detector) by extension 'ros'
[0.214s] DEBUG:colcon.colcon_core.package_identification:Package 'src/ball_detector' with type 'ros.ament_python' and name 'ball_detector'
[0.214s] Level 1:colcon.colcon_core.package_identification:_identify(src/build) by extensions ['ignore', 'ignore_ament_install']
[0.214s] Level 1:colcon.colcon_core.package_identification:_identify(src/build) by extension 'ignore'
[0.214s] Level 1:colcon.colcon_core.package_identification:_identify(src/build) ignored
[0.214s] Level 1:colcon.colcon_core.package_identification:_identify(src/file_handling) by extensions ['ignore', 'ignore_ament_install']
[0.214s] Level 1:colcon.colcon_core.package_identification:_identify(src/file_handling) by extension 'ignore'
[0.214s] Level 1:colcon.colcon_core.package_identification:_identify(src/file_handling) by extension 'ignore_ament_install'
[0.215s] Level 1:colcon.colcon_core.package_identification:_identify(src/file_handling) by extensions ['colcon_pkg']
[0.215s] Level 1:colcon.colcon_core.package_identification:_identify(src/file_handling) by extension 'colcon_pkg'
[0.215s] Level 1:colcon.colcon_core.package_identification:_identify(src/file_handling) by extensions ['colcon_meta']
[0.215s] Level 1:colcon.colcon_core.package_identification:_identify(src/file_handling) by extension 'colcon_meta'
[0.215s] Level 1:colcon.colcon_core.package_identification:_identify(src/file_handling) by extensions ['ros']
[0.215s] Level 1:colcon.colcon_core.package_identification:_identify(src/file_handling) by extension 'ros'
[0.215s] DEBUG:colcon.colcon_core.package_identification:Package 'src/file_handling' with type 'ros.ament_cmake' and name 'file_handling'
[0.215s] Level 1:colcon.colcon_core.package_identification:_identify(src/install) by extensions ['ignore', 'ignore_ament_install']
[0.215s] Level 1:colcon.colcon_core.package_identification:_identify(src/install) by extension 'ignore'
[0.215s] Level 1:colcon.colcon_core.package_identification:_identify(src/install) ignored
[0.215s] Level 1:colcon.colcon_core.package_identification:_identify(src/joystick_controller) by extensions ['ignore', 'ignore_ament_install']
[0.215s] Level 1:colcon.colcon_core.package_identification:_identify(src/joystick_controller) by extension 'ignore'
[0.215s] Level 1:colcon.colcon_core.package_identification:_identify(src/joystick_controller) by extension 'ignore_ament_install'
[0.215s] Level 1:colcon.colcon_core.package_identification:_identify(src/joystick_controller) by extensions ['colcon_pkg']
[0.216s] Level 1:colcon.colcon_core.package_identification:_identify(src/joystick_controller) by extension 'colcon_pkg'
[0.216s] Level 1:colcon.colcon_core.package_identification:_identify(src/joystick_controller) by extensions ['colcon_meta']
[0.216s] Level 1:colcon.colcon_core.package_identification:_identify(src/joystick_controller) by extension 'colcon_meta'
[0.216s] Level 1:colcon.colcon_core.package_identification:_identify(src/joystick_controller) by extensions ['ros']
[0.216s] Level 1:colcon.colcon_core.package_identification:_identify(src/joystick_controller) by extension 'ros'
[0.216s] DEBUG:colcon.colcon_core.package_identification:Package 'src/joystick_controller' with type 'ros.ament_python' and name 'joystick_controller'
[0.216s] Level 1:colcon.colcon_core.package_identification:_identify(src/keyboard_controller) by extensions ['ignore', 'ignore_ament_install']
[0.216s] Level 1:colcon.colcon_core.package_identification:_identify(src/keyboard_controller) by extension 'ignore'
[0.216s] Level 1:colcon.colcon_core.package_identification:_identify(src/keyboard_controller) by extension 'ignore_ament_install'
[0.216s] Level 1:colcon.colcon_core.package_identification:_identify(src/keyboard_controller) by extensions ['colcon_pkg']
[0.216s] Level 1:colcon.colcon_core.package_identification:_identify(src/keyboard_controller) by extension 'colcon_pkg'
[0.216s] Level 1:colcon.colcon_core.package_identification:_identify(src/keyboard_controller) by extensions ['colcon_meta']
[0.216s] Level 1:colcon.colcon_core.package_identification:_identify(src/keyboard_controller) by extension 'colcon_meta'
[0.216s] Level 1:colcon.colcon_core.package_identification:_identify(src/keyboard_controller) by extensions ['ros']
[0.216s] Level 1:colcon.colcon_core.package_identification:_identify(src/keyboard_controller) by extension 'ros'
[0.217s] DEBUG:colcon.colcon_core.package_identification:Package 'src/keyboard_controller' with type 'ros.ament_python' and name 'keyboard_controller'
[0.217s] Level 1:colcon.colcon_core.package_identification:_identify(src/log) by extensions ['ignore', 'ignore_ament_install']
[0.217s] Level 1:colcon.colcon_core.package_identification:_identify(src/log) by extension 'ignore'
[0.217s] Level 1:colcon.colcon_core.package_identification:_identify(src/log) ignored
[0.217s] Level 1:colcon.colcon_core.package_identification:_identify(src/move_to_target) by extensions ['ignore', 'ignore_ament_install']
[0.217s] Level 1:colcon.colcon_core.package_identification:_identify(src/move_to_target) by extension 'ignore'
[0.217s] Level 1:colcon.colcon_core.package_identification:_identify(src/move_to_target) by extension 'ignore_ament_install'
[0.217s] Level 1:colcon.colcon_core.package_identification:_identify(src/move_to_target) by extensions ['colcon_pkg']
[0.217s] Level 1:colcon.colcon_core.package_identification:_identify(src/move_to_target) by extension 'colcon_pkg'
[0.217s] Level 1:colcon.colcon_core.package_identification:_identify(src/move_to_target) by extensions ['colcon_meta']
[0.217s] Level 1:colcon.colcon_core.package_identification:_identify(src/move_to_target) by extension 'colcon_meta'
[0.217s] Level 1:colcon.colcon_core.package_identification:_identify(src/move_to_target) by extensions ['ros']
[0.217s] Level 1:colcon.colcon_core.package_identification:_identify(src/move_to_target) by extension 'ros'
[0.218s] DEBUG:colcon.colcon_core.package_identification:Package 'src/move_to_target' with type 'ros.ament_cmake' and name 'move_to_target'
[0.218s] Level 1:colcon.colcon_core.package_identification:_identify(src/simulasi-2025) by extensions ['ignore', 'ignore_ament_install']
[0.218s] Level 1:colcon.colcon_core.package_identification:_identify(src/simulasi-2025) by extension 'ignore'
[0.218s] Level 1:colcon.colcon_core.package_identification:_identify(src/simulasi-2025) by extension 'ignore_ament_install'
[0.218s] Level 1:colcon.colcon_core.package_identification:_identify(src/simulasi-2025) by extensions ['colcon_pkg']
[0.218s] Level 1:colcon.colcon_core.package_identification:_identify(src/simulasi-2025) by extension 'colcon_pkg'
[0.218s] Level 1:colcon.colcon_core.package_identification:_identify(src/simulasi-2025) by extensions ['colcon_meta']
[0.218s] Level 1:colcon.colcon_core.package_identification:_identify(src/simulasi-2025) by extension 'colcon_meta'
[0.218s] Level 1:colcon.colcon_core.package_identification:_identify(src/simulasi-2025) by extensions ['ros']
[0.218s] Level 1:colcon.colcon_core.package_identification:_identify(src/simulasi-2025) by extension 'ros'
[0.219s] DEBUG:colcon.colcon_core.package_identification:Package 'src/simulasi-2025' with type 'ros.ament_cmake' and name 'simulasi-2025'
[0.219s] Level 1:colcon.colcon_core.package_discovery:discover_packages(recursive) using defaults
[0.219s] Level 1:colcon.colcon_core.package_discovery:discover_packages(ignore) discover
[0.219s] Level 1:colcon.colcon_core.package_discovery:discover_packages(ignore) using defaults
[0.219s] Level 1:colcon.colcon_core.package_discovery:discover_packages(path) discover
[0.219s] Level 1:colcon.colcon_core.package_discovery:discover_packages(path) using defaults
[0.240s] Level 1:colcon.colcon_core.package_discovery:discover_packages(prefix_path) check parameters
[0.240s] Level 1:colcon.colcon_core.package_discovery:discover_packages(prefix_path) discover
[0.243s] DEBUG:colcon.colcon_installed_package_information.package_discovery:Found 403 installed packages in /opt/ros/humble
[0.244s] Level 1:colcon.colcon_core.package_discovery:discover_packages(prefix_path) using defaults
[0.279s] Level 5:colcon.colcon_core.verb:set package 'ball_detector' build argument 'cmake_args' from command line to 'None'
[0.279s] Level 5:colcon.colcon_core.verb:set package 'ball_detector' build argument 'cmake_target' from command line to 'None'
[0.279s] Level 5:colcon.colcon_core.verb:set package 'ball_detector' build argument 'cmake_target_skip_unavailable' from command line to 'False'
[0.279s] Level 5:colcon.colcon_core.verb:set package 'ball_detector' build argument 'cmake_clean_cache' from command line to 'False'
[0.279s] Level 5:colcon.colcon_core.verb:set package 'ball_detector' build argument 'cmake_clean_first' from command line to 'False'
[0.279s] Level 5:colcon.colcon_core.verb:set package 'ball_detector' build argument 'cmake_force_configure' from command line to 'False'
[0.279s] Level 5:colcon.colcon_core.verb:set package 'ball_detector' build argument 'ament_cmake_args' from command line to 'None'
[0.279s] Level 5:colcon.colcon_core.verb:set package 'ball_detector' build argument 'catkin_cmake_args' from command line to 'None'
[0.279s] Level 5:colcon.colcon_core.verb:set package 'ball_detector' build argument 'catkin_skip_building_tests' from command line to 'False'
[0.279s] DEBUG:colcon.colcon_core.verb:Building package 'ball_detector' with the following arguments: {'ament_cmake_args': None, 'build_base': '/home/user/fprobocon/build/ball_detector', 'catkin_cmake_args': None, 'catkin_skip_building_tests': False, 'cmake_args': None, 'cmake_clean_cache': False, 'cmake_clean_first': False, 'cmake_force_configure': False, 'cmake_target': None, 'cmake_target_skip_unavailable': False, 'install_base': '/home/user/fprobocon/install/ball_detector', 'merge_install': False, 'path': '/home/user/fprobocon/src/ball_detector', 'symlink_install': False, 'test_result_base': None}
[0.280s] Level 5:colcon.colcon_core.verb:set package 'file_handling' build argument 'cmake_args' from command line to 'None'
[0.280s] Level 5:colcon.colcon_core.verb:set package 'file_handling' build argument 'cmake_target' from command line to 'None'
[0.280s] Level 5:colcon.colcon_core.verb:set package 'file_handling' build argument 'cmake_target_skip_unavailable' from command line to 'False'
[0.280s] Level 5:colcon.colcon_core.verb:set package 'file_handling' build argument 'cmake_clean_cache' from command line to 'False'
[0.280s] Level 5:colcon.colcon_core.verb:set package 'file_handling' build argument 'cmake_clean_first' from command line to 'False'
[0.280s] Level 5:colcon.colcon_core.verb:set package 'file_handling' build argument 'cmake_force_configure' from command line to 'False'
[0.280s] Level 5:colcon.colcon_core.verb:set package 'file_handling' build argument 'ament_cmake_args' from command line to 'None'
[0.280s] Level 5:colcon.colcon_core.verb:set package 'file_handling' build argument 'catkin_cmake_args' from command line to 'None'
[0.280s] Level 5:colcon.colcon_core.verb:set package 'file_handling' build argument 'catkin_skip_building_tests' from command line to 'False'
[0.280s] DEBUG:colcon.colcon_core.verb:Building package 'file_handling' with the following arguments: {'ament_cmake_args': None, 'build_base': '/home/user/fprobocon/build/file_handling', 'catkin_cmake_args': None, 'catkin_skip_building_tests': False, 'cmake_args': None, 'cmake_clean_cache': False, 'cmake_clean_first': False, 'cmake_force_configure': False, 'cmake_target': None, 'cmake_target_skip_unavailable': False, 'install_base': '/home/user/fprobocon/install/file_handling', 'merge_install': False, 'path': '/home/user/fprobocon/src/file_handling', 'symlink_install': False, 'test_result_base': None}
[0.280s] Level 5:colcon.colcon_core.verb:set package 'joystick_controller' build argument 'cmake_args' from command line to 'None'
[0.280s] Level 5:colcon.colcon_core.verb:set package 'joystick_controller' build argument 'cmake_target' from command line to 'None'
[0.280s] Level 5:colcon.colcon_core.verb:set package 'joystick_controller' build argument 'cmake_target_skip_unavailable' from command line to 'False'
[0.280s] Level 5:colcon.colcon_core.verb:set package 'joystick_controller' build argument 'cmake_clean_cache' from command line to 'False'
[0.280s] Level 5:colcon.colcon_core.verb:set package 'joystick_controller' build argument 'cmake_clean_first' from command line to 'False'
[0.280s] Level 5:colcon.colcon_core.verb:set package 'joystick_controller' build argument 'cmake_force_configure' from command line to 'False'
[0.280s] Level 5:colcon.colcon_core.verb:set package 'joystick_controller' build argument 'ament_cmake_args' from command line to 'None'
[0.280s] Level 5:colcon.colcon_core.verb:set package 'joystick_controller' build argument 'catkin_cmake_args' from command line to 'None'
[0.280s] Level 5:colcon.colcon_core.verb:set package 'joystick_controller' build argument 'catkin_skip_building_tests' from command line to 'False'
[0.280s] DEBUG:colcon.colcon_core.verb:Building package 'joystick_controller' with the following arguments: {'ament_cmake_args': None, 'build_base': '/home/user/fprobocon/build/joystick_controller', 'catkin_cmake_args': None, 'catkin_skip_building_tests': False, 'cmake_args': None, 'cmake_clean_cache': False, 'cmake_clean_first': False, 'cmake_force_configure': False, 'cmake_target': None, 'cmake_target_skip_unavailable': False, 'install_base': '/home/user/fprobocon/install/joystick_controller', 'merge_install': False, 'path': '/home/user/fprobocon/src/joystick_controller', 'symlink_install': False, 'test_result_base': None}
[0.280s] Level 5:colcon.colcon_core.verb:set package 'keyboard_controller' build argument 'cmake_args' from command line to 'None'
[0.281s] Level 5:colcon.colcon_core.verb:set package 'keyboard_controller' build argument 'cmake_target' from command line to 'None'
[0.281s] Level 5:colcon.colcon_core.verb:set package 'keyboard_controller' build argument 'cmake_target_skip_unavailable' from command line to 'False'
[0.281s] Level 5:colcon.colcon_core.verb:set package 'keyboard_controller' build argument 'cmake_clean_cache' from command line to 'False'
[0.281s] Level 5:colcon.colcon_core.verb:set package 'keyboard_controller' build argument 'cmake_clean_first' from command line to 'False'
[0.281s] Level 5:colcon.colcon_core.verb:set package 'keyboard_controller' build argument 'cmake_force_configure' from command line to 'False'
[0.281s] Level 5:colcon.colcon_core.verb:set package 'keyboard_controller' build argument 'ament_cmake_args' from command line to 'None'
[0.281s] Level 5:colcon.colcon_core.verb:set package 'keyboard_controller' build argument 'catkin_cmake_args' from command line to 'None'
[0.281s] Level 5:colcon.colcon_core.verb:set package 'keyboard_controller' build argument 'catkin_skip_building_tests' from command line to 'False'
[0.281s] DEBUG:colcon.colcon_core.verb:Building package 'keyboard_controller' with the following arguments: {'ament_cmake_args': None, 'build_base': '/home/user/fprobocon/build/keyboard_controller', 'catkin_cmake_args': None, 'catkin_skip_building_tests': False, 'cmake_args': None, 'cmake_clean_cache': False, 'cmake_clean_first': False, 'cmake_force_configure': False, 'cmake_target': None, 'cmake_target_skip_unavailable': False, 'install_base': '/home/user/fprobocon/install/keyboard_controller', 'merge_install': False, 'path': '/home/user/fprobocon/src/keyboard_controller', 'symlink_install': False, 'test_result_base': None}
[0.281s] Level 5:colcon.colcon_core.verb:set package 'move_to_target' build argument 'cmake_args' from command line to 'None'
[0.281s] Level 5:colcon.colcon_core.verb:set package 'move_to_target' build argument 'cmake_target' from command line to 'None'
[0.281s] Level 5:colcon.colcon_core.verb:set package 'move_to_target' build argument 'cmake_target_skip_unavailable' from command line to 'False'
[0.281s] Level 5:colcon.colcon_core.verb:set package 'move_to_target' build argument 'cmake_clean_cache' from command line to 'False'
[0.281s] Level 5:colcon.colcon_core.verb:set package 'move_to_target' build argument 'cmake_clean_first' from command line to 'False'
[0.281s] Level 5:colcon.colcon_core.verb:set package 'move_to_target' build argument 'cmake_force_configure' from command line to 'False'
[0.281s] Level 5:colcon.colcon_core.verb:set package 'move_to_target' build argument 'ament_cmake_args' from command line to 'None'
[0.281s] Level 5:colcon.colcon_core.verb:set package 'move_to_target' build argument 'catkin_cmake_args' from command line to 'None'
[0.281s] Level 5:colcon.colcon_core.verb:set package 'move_to_target' build argument 'catkin_skip_building_tests' from command line to 'False'
[0.281s] DEBUG:colcon.colcon_core.verb:Building package 'move_to_target' with the following arguments: {'ament_cmake_args': None, 'build_base': '/home/user/fprobocon/build/move_to_target', 'catkin_cmake_args': None, 'catkin_skip_building_tests': False, 'cmake_args': None, 'cmake_clean_cache': False, 'cmake_clean_first': False, 'cmake_force_configure': False, 'cmake_target': None, 'cmake_target_skip_unavailable': False, 'install_base': '/home/user/fprobocon/install/move_to_target', 'merge_install': False, 'path': '/home/user/fprobocon/src/move_to_target', 'symlink_install': False, 'test_result_base': None}
[0.281s] Level 5:colcon.colcon_core.verb:set package 'simulasi-2025' build argument 'cmake_args' from command line to 'None'
[0.281s] Level 5:colcon.colcon_core.verb:set package 'simulasi-2025' build argument 'cmake_target' from command line to 'None'
[0.281s] Level 5:colcon.colcon_core.verb:set package 'simulasi-2025' build argument 'cmake_target_skip_unavailable' from command line to 'False'
[0.281s] Level 5:colcon.colcon_core.verb:set package 'simulasi-2025' build argument 'cmake_clean_cache' from command line to 'False'
[0.281s] Level 5:colcon.colcon_core.verb:set package 'simulasi-2025' build argument 'cmake_clean_first' from command line to 'False'
[0.281s] Level 5:colcon.colcon_core.verb:set package 'simulasi-2025' build argument 'cmake_force_configure' from command line to 'False'
[0.281s] Level 5:colcon.colcon_core.verb:set package 'simulasi-2025' build argument 'ament_cmake_args' from command line to 'None'
[0.281s] Level 5:colcon.colcon_core.verb:set package 'simulasi-2025' build argument 'catkin_cmake_args' from command line to 'None'
[0.281s] Level 5:colcon.colcon_core.verb:set package 'simulasi-2025' build argument 'catkin_skip_building_tests' from command line to 'False'
[0.281s] DEBUG:colcon.colcon_core.verb:Building package 'simulasi-2025' with the following arguments: {'ament_cmake_args': None, 'build_base': '/home/user/fprobocon/build/simulasi-2025', 'catkin_cmake_args': None, 'catkin_skip_building_tests': False, 'cmake_args': None, 'cmake_clean_cache': False, 'cmake_clean_first': False, 'cmake_force_configure': False, 'cmake_target': None, 'cmake_target_skip_unavailable': False, 'install_base': '/home/user/fprobocon/install/simulasi-2025', 'merge_install': False, 'path': '/home/user/fprobocon/src/simulasi-2025', 'symlink_install': False, 'test_result_base': None}
[0.282s] INFO:colcon.colcon_core.executor:Executing jobs using 'parallel' executor
[0.282s] DEBUG:colcon.colcon_parallel_executor.executor.parallel:run_until_complete
[0.282s] INFO:colcon.colcon_ros.task.ament_python.build:Building ROS package in '/home/user/fprobocon/src/ball_detector' with build type 'ament_python'
[0.283s] Level 1:colcon.colcon_core.shell:create_environment_hook('ball_detector', 'ament_prefix_path')
[0.286s] INFO:colcon.colcon_core.plugin_system:Skipping extension 'colcon_core.shell.bat': Not used on non-Windows systems
[0.286s] INFO:colcon.colcon_core.shell:Creating environment hook '/home/user/fprobocon/install/ball_detector/share/ball_detector/hook/ament_prefix_path.ps1'
[0.286s] INFO:colcon.colcon_core.shell:Creating environment descriptor '/home/user/fprobocon/install/ball_detector/share/ball_detector/hook/ament_prefix_path.dsv'
[0.287s] INFO:colcon.colcon_core.shell:Creating environment hook '/home/user/fprobocon/install/ball_detector/share/ball_detector/hook/ament_prefix_path.sh'
[0.287s] INFO:colcon.colcon_core.shell:Skip shell extension 'powershell' for command environment: Not usable outside of PowerShell
[0.287s] DEBUG:colcon.colcon_core.shell:Skip shell extension 'dsv' for command environment
[0.290s] INFO:colcon.colcon_ros.task.ament_cmake.build:Building ROS package in '/home/user/fprobocon/src/file_handling' with build type 'ament_cmake'
[0.290s] INFO:colcon.colcon_cmake.task.cmake.build:Building CMake package in '/home/user/fprobocon/src/file_handling'
[0.290s] INFO:colcon.colcon_core.shell:Skip shell extension 'powershell' for command environment: Not usable outside of PowerShell
[0.290s] DEBUG:colcon.colcon_core.shell:Skip shell extension 'dsv' for command environment
[0.292s] INFO:colcon.colcon_ros.task.ament_python.build:Building ROS package in '/home/user/fprobocon/src/joystick_controller' with build type 'ament_python'
[0.293s] Level 1:colcon.colcon_core.shell:create_environment_hook('joystick_controller', 'ament_prefix_path')
[0.293s] INFO:colcon.colcon_core.shell:Creating environment hook '/home/user/fprobocon/install/joystick_controller/share/joystick_controller/hook/ament_prefix_path.ps1'
[0.293s] INFO:colcon.colcon_core.shell:Creating environment descriptor '/home/user/fprobocon/install/joystick_controller/share/joystick_controller/hook/ament_prefix_path.dsv'
[0.293s] INFO:colcon.colcon_core.shell:Creating environment hook '/home/user/fprobocon/install/joystick_controller/share/joystick_controller/hook/ament_prefix_path.sh'
[0.294s] INFO:colcon.colcon_core.shell:Skip shell extension 'powershell' for command environment: Not usable outside of PowerShell
[0.294s] DEBUG:colcon.colcon_core.shell:Skip shell extension 'dsv' for command environment
[0.296s] INFO:colcon.colcon_ros.task.ament_python.build:Building ROS package in '/home/user/fprobocon/src/keyboard_controller' with build type 'ament_python'
[0.296s] Level 1:colcon.colcon_core.shell:create_environment_hook('keyboard_controller', 'ament_prefix_path')
[0.296s] INFO:colcon.colcon_core.shell:Creating environment hook '/home/user/fprobocon/install/keyboard_controller/share/keyboard_controller/hook/ament_prefix_path.ps1'
[0.296s] INFO:colcon.colcon_core.shell:Creating environment descriptor '/home/user/fprobocon/install/keyboard_controller/share/keyboard_controller/hook/ament_prefix_path.dsv'
[0.297s] INFO:colcon.colcon_core.shell:Creating environment hook '/home/user/fprobocon/install/keyboard_controller/share/keyboard_controller/hook/ament_prefix_path.sh'
[0.297s] INFO:colcon.colcon_core.shell:Skip shell extension 'powershell' for command environment: Not usable outside of PowerShell
[0.297s] DEBUG:colcon.colcon_core.shell:Skip shell extension 'dsv' for command environment
[0.299s] INFO:colcon.colcon_ros.task.ament_cmake.build:Building ROS package in '/home/user/fprobocon/src/move_to_target' with build type 'ament_cmake'
[0.300s] INFO:colcon.colcon_cmake.task.cmake.build:Building CMake package in '/home/user/fprobocon/src/move_to_target'
[0.300s] INFO:colcon.colcon_core.shell:Skip shell extension 'powershell' for command environment: Not usable outside of PowerShell
[0.300s] DEBUG:colcon.colcon_core.shell:Skip shell extension 'dsv' for command environment
[0.303s] INFO:colcon.colcon_ros.task.ament_cmake.build:Building ROS package in '/home/user/fprobocon/src/simulasi-2025' with build type 'ament_cmake'
[0.303s] INFO:colcon.colcon_cmake.task.cmake.build:Building CMake package in '/home/user/fprobocon/src/simulasi-2025'
[0.303s] INFO:colcon.colcon_core.shell:Skip shell extension 'powershell' for command environment: Not usable outside of PowerShell
[0.303s] DEBUG:colcon.colcon_core.shell:Skip shell extension 'dsv' for command environment
[0.486s] INFO:colcon.colcon_core.task.python.build:Building Python package in '/home/user/fprobocon/src/ball_detector'
[0.487s] INFO:colcon.colcon_core.shell:Skip shell extension 'powershell' for command environment: Not usable outside of PowerShell
[0.487s] DEBUG:colcon.colcon_core.shell:Skip shell extension 'dsv' for command environment
[0.492s] DEBUG:colcon.colcon_core.event_handler.log_command:Invoking command in '/home/user/fprobocon/build/file_handling': CMAKE_PREFIX_PATH=/opt/ros/humble /usr/bin/cmake --build /home/user/fprobocon/build/file_handling -- -j16 -l16
[0.672s] INFO:colcon.colcon_core.task.python.build:Building Python package in '/home/user/fprobocon/src/joystick_controller'
[0.673s] INFO:colcon.colcon_core.shell:Skip shell extension 'powershell' for command environment: Not usable outside of PowerShell
[0.673s] DEBUG:colcon.colcon_core.shell:Skip shell extension 'dsv' for command environment
[0.857s] INFO:colcon.colcon_core.task.python.build:Building Python package in '/home/user/fprobocon/src/keyboard_controller'
[0.857s] INFO:colcon.colcon_core.shell:Skip shell extension 'powershell' for command environment: Not usable outside of PowerShell
[0.857s] DEBUG:colcon.colcon_core.shell:Skip shell extension 'dsv' for command environment
[0.863s] DEBUG:colcon.colcon_core.event_handler.log_command:Invoking command in '/home/user/fprobocon/build/move_to_target': CMAKE_PREFIX_PATH=/opt/ros/humble /usr/bin/cmake --build /home/user/fprobocon/build/move_to_target -- -j16 -l16
[0.865s] DEBUG:colcon.colcon_core.event_handler.log_command:Invoking command in '/home/user/fprobocon/build/simulasi-2025': CMAKE_PREFIX_PATH=/opt/ros/humble /usr/bin/cmake /home/user/fprobocon/src/simulasi-2025 -DCMAKE_INSTALL_PREFIX=/home/user/fprobocon/install/simulasi-2025
[0.933s] DEBUG:colcon.colcon_core.event_handler.log_command:Invoked command in '/home/user/fprobocon/build/move_to_target' returned '0': CMAKE_PREFIX_PATH=/opt/ros/humble /usr/bin/cmake --build /home/user/fprobocon/build/move_to_target -- -j16 -l16
[0.965s] DEBUG:colcon.colcon_core.event_handler.log_command:Invoking command in '/home/user/fprobocon/build/move_to_target': CMAKE_PREFIX_PATH=/opt/ros/humble /usr/bin/cmake --install /home/user/fprobocon/build/move_to_target
[0.985s] Level 1:colcon.colcon_core.environment:create_environment_scripts_only(move_to_target)
[0.985s] DEBUG:colcon.colcon_core.event_handler.log_command:Invoked command in '/home/user/fprobocon/build/move_to_target' returned '0': CMAKE_PREFIX_PATH=/opt/ros/humble /usr/bin/cmake --install /home/user/fprobocon/build/move_to_target
[1.002s] Level 1:colcon.colcon_core.environment:checking '/home/user/fprobocon/install/move_to_target' for CMake module files
[1.002s] Level 1:colcon.colcon_core.environment:checking '/home/user/fprobocon/install/move_to_target' for CMake config files
[1.002s] Level 1:colcon.colcon_core.shell:create_environment_hook('move_to_target', 'cmake_prefix_path')
[1.002s] INFO:colcon.colcon_core.shell:Creating environment hook '/home/user/fprobocon/install/move_to_target/share/move_to_target/hook/cmake_prefix_path.ps1'
[1.003s] INFO:colcon.colcon_core.shell:Creating environment descriptor '/home/user/fprobocon/install/move_to_target/share/move_to_target/hook/cmake_prefix_path.dsv'
[1.003s] INFO:colcon.colcon_core.shell:Creating environment hook '/home/user/fprobocon/install/move_to_target/share/move_to_target/hook/cmake_prefix_path.sh'
[1.004s] Level 1:colcon.colcon_core.environment:checking '/home/user/fprobocon/install/move_to_target/lib'
[1.004s] Level 1:colcon.colcon_core.environment:checking '/home/user/fprobocon/install/move_to_target/bin'
[1.004s] Level 1:colcon.colcon_core.environment:checking '/home/user/fprobocon/install/move_to_target/lib/pkgconfig/move_to_target.pc'
[1.004s] Level 1:colcon.colcon_core.environment:checking '/home/user/fprobocon/install/move_to_target/lib/python3.10/site-packages'
[1.004s] Level 1:colcon.colcon_core.environment:checking '/home/user/fprobocon/install/move_to_target/bin'
[1.004s] INFO:colcon.colcon_core.shell:Creating package script '/home/user/fprobocon/install/move_to_target/share/move_to_target/package.ps1'
[1.005s] INFO:colcon.colcon_core.shell:Creating package descriptor '/home/user/fprobocon/install/move_to_target/share/move_to_target/package.dsv'
[1.006s] INFO:colcon.colcon_core.shell:Creating package script '/home/user/fprobocon/install/move_to_target/share/move_to_target/package.sh'
[1.006s] INFO:colcon.colcon_core.shell:Creating package script '/home/user/fprobocon/install/move_to_target/share/move_to_target/package.bash'
[1.007s] INFO:colcon.colcon_core.shell:Creating package script '/home/user/fprobocon/install/move_to_target/share/move_to_target/package.zsh'
[1.008s] Level 1:colcon.colcon_core.environment:create_file_with_runtime_dependencies(/home/user/fprobocon/install/move_to_target/share/colcon-core/packages/move_to_target)
[1.031s] Level 1:colcon.colcon_core.environment:create_environment_scripts_only(move_to_target)
[1.031s] Level 1:colcon.colcon_core.environment:checking '/home/user/fprobocon/install/move_to_target' for CMake module files
[1.031s] Level 1:colcon.colcon_core.environment:checking '/home/user/fprobocon/install/move_to_target' for CMake config files
[1.031s] Level 1:colcon.colcon_core.shell:create_environment_hook('move_to_target', 'cmake_prefix_path')
[1.032s] INFO:colcon.colcon_core.shell:Creating environment hook '/home/user/fprobocon/install/move_to_target/share/move_to_target/hook/cmake_prefix_path.ps1'
[1.032s] INFO:colcon.colcon_core.shell:Creating environment descriptor '/home/user/fprobocon/install/move_to_target/share/move_to_target/hook/cmake_prefix_path.dsv'
[1.032s] INFO:colcon.colcon_core.shell:Creating environment hook '/home/user/fprobocon/install/move_to_target/share/move_to_target/hook/cmake_prefix_path.sh'
[1.033s] Level 1:colcon.colcon_core.environment:checking '/home/user/fprobocon/install/move_to_target/lib'
[1.033s] Level 1:colcon.colcon_core.environment:checking '/home/user/fprobocon/install/move_to_target/bin'
[1.033s] Level 1:colcon.colcon_core.environment:checking '/home/user/fprobocon/install/move_to_target/lib/pkgconfig/move_to_target.pc'
[1.033s] Level 1:colcon.colcon_core.environment:checking '/home/user/fprobocon/install/move_to_target/lib/python3.10/site-packages'
[1.033s] Level 1:colcon.colcon_core.environment:checking '/home/user/fprobocon/install/move_to_target/bin'
[1.033s] INFO:colcon.colcon_core.shell:Creating package script '/home/user/fprobocon/install/move_to_target/share/move_to_target/package.ps1'
[1.034s] INFO:colcon.colcon_core.shell:Creating package descriptor '/home/user/fprobocon/install/move_to_target/share/move_to_target/package.dsv'
[1.034s] INFO:colcon.colcon_core.shell:Creating package script '/home/user/fprobocon/install/move_to_target/share/move_to_target/package.sh'
[1.034s] INFO:colcon.colcon_core.shell:Creating package script '/home/user/fprobocon/install/move_to_target/share/move_to_target/package.bash'
[1.034s] INFO:colcon.colcon_core.shell:Creating package script '/home/user/fprobocon/install/move_to_target/share/move_to_target/package.zsh'
[1.035s] Level 1:colcon.colcon_core.environment:create_file_with_runtime_dependencies(/home/user/fprobocon/install/move_to_target/share/colcon-core/packages/move_to_target)
[1.216s] DEBUG:colcon.colcon_core.event_handler.log_command:Invoking command in '/home/user/fprobocon/build/keyboard_controller': PYTHONPATH=/home/user/fprobocon/build/keyboard_controller/prefix_override:/usr/lib/python3/dist-packages/colcon_core/task/python/colcon_distutils_commands:/home/user/fprobocon/install/keyboard_controller/lib/python3.10/site-packages:${PYTHONPATH} /usr/bin/python3 -W ignore:setup.py install is deprecated setup.py develop --uninstall --editable --build-directory /home/user/fprobocon/build/keyboard_controller/build
[1.227s] DEBUG:colcon.colcon_core.event_handler.log_command:Invoking command in '/home/user/fprobocon/src/ball_detector': PYTHONPATH=/home/user/fprobocon/build/ball_detector/prefix_override:/usr/lib/python3/dist-packages/colcon_core/task/python/colcon_distutils_commands:/home/user/fprobocon/install/ball_detector/lib/python3.10/site-packages:${PYTHONPATH} /usr/bin/python3 -W ignore:setup.py install is deprecated setup.py egg_info --egg-base ../../build/ball_detector build --build-base /home/user/fprobocon/build/ball_detector/build install --record /home/user/fprobocon/build/ball_detector/install.log --single-version-externally-managed install_data
[1.230s] DEBUG:colcon.colcon_core.event_handler.log_command:Invoking command in '/home/user/fprobocon/build/joystick_controller': PYTHONPATH=/home/user/fprobocon/build/joystick_controller/prefix_override:/usr/lib/python3/dist-packages/colcon_core/task/python/colcon_distutils_commands:/home/user/fprobocon/install/joystick_controller/lib/python3.10/site-packages:${PYTHONPATH} /usr/bin/python3 -W ignore:setup.py install is deprecated setup.py develop --uninstall --editable --build-directory /home/user/fprobocon/build/joystick_controller/build
[1.242s] DEBUG:colcon.colcon_core.event_handler.log_command:Invoked command in '/home/user/fprobocon/build/simulasi-2025' returned '0': CMAKE_PREFIX_PATH=/opt/ros/humble /usr/bin/cmake /home/user/fprobocon/src/simulasi-2025 -DCMAKE_INSTALL_PREFIX=/home/user/fprobocon/install/simulasi-2025
[1.243s] DEBUG:colcon.colcon_core.event_handler.log_command:Invoking command in '/home/user/fprobocon/build/simulasi-2025': CMAKE_PREFIX_PATH=/opt/ros/humble /usr/bin/cmake --build /home/user/fprobocon/build/simulasi-2025 -- -j16 -l16
[1.280s] DEBUG:colcon.colcon_core.event_handler.log_command:Invoked command in '/home/user/fprobocon/build/simulasi-2025' returned '0': CMAKE_PREFIX_PATH=/opt/ros/humble /usr/bin/cmake --build /home/user/fprobocon/build/simulasi-2025 -- -j16 -l16
[1.299s] DEBUG:colcon.colcon_core.event_handler.log_command:Invoking command in '/home/user/fprobocon/build/simulasi-2025': CMAKE_PREFIX_PATH=/opt/ros/humble /usr/bin/cmake --install /home/user/fprobocon/build/simulasi-2025
[1.323s] Level 1:colcon.colcon_core.environment:create_environment_scripts_only(simulasi-2025)
[1.323s] Level 1:colcon.colcon_core.environment:checking '/home/user/fprobocon/install/simulasi-2025' for CMake module files
[1.324s] DEBUG:colcon.colcon_core.event_handler.log_command:Invoked command in '/home/user/fprobocon/build/simulasi-2025' returned '0': CMAKE_PREFIX_PATH=/opt/ros/humble /usr/bin/cmake --install /home/user/fprobocon/build/simulasi-2025
[1.324s] Level 1:colcon.colcon_core.environment:checking '/home/user/fprobocon/install/simulasi-2025' for CMake config files
[1.324s] Level 1:colcon.colcon_core.shell:create_environment_hook('simulasi-2025', 'cmake_prefix_path')
[1.324s] INFO:colcon.colcon_core.shell:Creating environment hook '/home/user/fprobocon/install/simulasi-2025/share/simulasi-2025/hook/cmake_prefix_path.ps1'
[1.325s] INFO:colcon.colcon_core.shell:Creating environment descriptor '/home/user/fprobocon/install/simulasi-2025/share/simulasi-2025/hook/cmake_prefix_path.dsv'
[1.325s] INFO:colcon.colcon_core.shell:Creating environment hook '/home/user/fprobocon/install/simulasi-2025/share/simulasi-2025/hook/cmake_prefix_path.sh'
[1.325s] Level 1:colcon.colcon_core.environment:checking '/home/user/fprobocon/install/simulasi-2025/bin'
[1.325s] Level 1:colcon.colcon_core.environment:checking '/home/user/fprobocon/install/simulasi-2025/lib/pkgconfig/simulasi-2025.pc'
[1.326s] Level 1:colcon.colcon_core.environment:checking '/home/user/fprobocon/install/simulasi-2025/lib/python3.10/site-packages'
[1.326s] Level 1:colcon.colcon_core.environment:checking '/home/user/fprobocon/install/simulasi-2025/bin'
[1.326s] INFO:colcon.colcon_core.shell:Creating package script '/home/user/fprobocon/install/simulasi-2025/share/simulasi-2025/package.ps1'
[1.326s] INFO:colcon.colcon_core.shell:Creating package descriptor '/home/user/fprobocon/install/simulasi-2025/share/simulasi-2025/package.dsv'
[1.326s] INFO:colcon.colcon_core.shell:Creating package script '/home/user/fprobocon/install/simulasi-2025/share/simulasi-2025/package.sh'
[1.327s] INFO:colcon.colcon_core.shell:Creating package script '/home/user/fprobocon/install/simulasi-2025/share/simulasi-2025/package.bash'
[1.327s] INFO:colcon.colcon_core.shell:Creating package script '/home/user/fprobocon/install/simulasi-2025/share/simulasi-2025/package.zsh'
[1.327s] Level 1:colcon.colcon_core.environment:create_file_with_runtime_dependencies(/home/user/fprobocon/install/simulasi-2025/share/colcon-core/packages/simulasi-2025)
[1.347s] Level 1:colcon.colcon_core.environment:create_environment_scripts_only(simulasi-2025)
[1.347s] Level 1:colcon.colcon_core.environment:checking '/home/user/fprobocon/install/simulasi-2025' for CMake module files
[1.347s] Level 1:colcon.colcon_core.environment:checking '/home/user/fprobocon/install/simulasi-2025' for CMake config files
[1.347s] Level 1:colcon.colcon_core.shell:create_environment_hook('simulasi-2025', 'cmake_prefix_path')
[1.348s] INFO:colcon.colcon_core.shell:Creating environment hook '/home/user/fprobocon/install/simulasi-2025/share/simulasi-2025/hook/cmake_prefix_path.ps1'
[1.348s] INFO:colcon.colcon_core.shell:Creating environment descriptor '/home/user/fprobocon/install/simulasi-2025/share/simulasi-2025/hook/cmake_prefix_path.dsv'
[1.348s] INFO:colcon.colcon_core.shell:Creating environment hook '/home/user/fprobocon/install/simulasi-2025/share/simulasi-2025/hook/cmake_prefix_path.sh'
[1.349s] Level 1:colcon.colcon_core.environment:checking '/home/user/fprobocon/install/simulasi-2025/bin'
[1.349s] Level 1:colcon.colcon_core.environment:checking '/home/user/fprobocon/install/simulasi-2025/lib/pkgconfig/simulasi-2025.pc'
[1.349s] Level 1:colcon.colcon_core.environment:checking '/home/user/fprobocon/install/simulasi-2025/lib/python3.10/site-packages'
[1.349s] Level 1:colcon.colcon_core.environment:checking '/home/user/fprobocon/install/simulasi-2025/bin'
[1.349s] INFO:colcon.colcon_core.shell:Creating package script '/home/user/fprobocon/install/simulasi-2025/share/simulasi-2025/package.ps1'
[1.350s] INFO:colcon.colcon_core.shell:Creating package descriptor '/home/user/fprobocon/install/simulasi-2025/share/simulasi-2025/package.dsv'
[1.350s] INFO:colcon.colcon_core.shell:Creating package script '/home/user/fprobocon/install/simulasi-2025/share/simulasi-2025/package.sh'
[1.350s] INFO:colcon.colcon_core.shell:Creating package script '/home/user/fprobocon/install/simulasi-2025/share/simulasi-2025/package.bash'
[1.350s] INFO:colcon.colcon_core.shell:Creating package script '/home/user/fprobocon/install/simulasi-2025/share/simulasi-2025/package.zsh'
[1.351s] Level 1:colcon.colcon_core.environment:create_file_with_runtime_dependencies(/home/user/fprobocon/install/simulasi-2025/share/colcon-core/packages/simulasi-2025)
[1.458s] Level 1:colcon.colcon_core.environment:checking '/home/user/fprobocon/install/ball_detector' for CMake module files
[1.459s] DEBUG:colcon.colcon_core.event_handler.log_command:Invoked command in '/home/user/fprobocon/src/ball_detector' returned '0': PYTHONPATH=/home/user/fprobocon/build/ball_detector/prefix_override:/usr/lib/python3/dist-packages/colcon_core/task/python/colcon_distutils_commands:/home/user/fprobocon/install/ball_detector/lib/python3.10/site-packages:${PYTHONPATH} /usr/bin/python3 -W ignore:setup.py install is deprecated setup.py egg_info --egg-base ../../build/ball_detector build --build-base /home/user/fprobocon/build/ball_detector/build install --record /home/user/fprobocon/build/ball_detector/install.log --single-version-externally-managed install_data
[1.459s] Level 1:colcon.colcon_core.environment:checking '/home/user/fprobocon/install/ball_detector' for CMake config files
[1.459s] Level 1:colcon.colcon_core.environment:checking '/home/user/fprobocon/install/ball_detector/lib'
[1.459s] Level 1:colcon.colcon_core.environment:checking '/home/user/fprobocon/install/ball_detector/bin'
[1.459s] Level 1:colcon.colcon_core.environment:checking '/home/user/fprobocon/install/ball_detector/lib/pkgconfig/ball_detector.pc'
[1.460s] Level 1:colcon.colcon_core.environment:checking '/home/user/fprobocon/install/ball_detector/lib/python3.10/site-packages'
[1.460s] Level 1:colcon.colcon_core.shell:create_environment_hook('ball_detector', 'pythonpath')
[1.460s] INFO:colcon.colcon_core.shell:Creating environment hook '/home/user/fprobocon/install/ball_detector/share/ball_detector/hook/pythonpath.ps1'
[1.460s] INFO:colcon.colcon_core.shell:Creating environment descriptor '/home/user/fprobocon/install/ball_detector/share/ball_detector/hook/pythonpath.dsv'
[1.460s] INFO:colcon.colcon_core.shell:Creating environment hook '/home/user/fprobocon/install/ball_detector/share/ball_detector/hook/pythonpath.sh'
[1.461s] Level 1:colcon.colcon_core.environment:checking '/home/user/fprobocon/install/ball_detector/bin'
[1.461s] Level 1:colcon.colcon_core.environment:create_environment_scripts_only(ball_detector)
[1.461s] INFO:colcon.colcon_core.shell:Creating package script '/home/user/fprobocon/install/ball_detector/share/ball_detector/package.ps1'
[1.461s] INFO:colcon.colcon_core.shell:Creating package descriptor '/home/user/fprobocon/install/ball_detector/share/ball_detector/package.dsv'
[1.461s] INFO:colcon.colcon_core.shell:Creating package script '/home/user/fprobocon/install/ball_detector/share/ball_detector/package.sh'
[1.462s] INFO:colcon.colcon_core.shell:Creating package script '/home/user/fprobocon/install/ball_detector/share/ball_detector/package.bash'
[1.462s] INFO:colcon.colcon_core.shell:Creating package script '/home/user/fprobocon/install/ball_detector/share/ball_detector/package.zsh'
[1.462s] Level 1:colcon.colcon_core.environment:create_file_with_runtime_dependencies(/home/user/fprobocon/install/ball_detector/share/colcon-core/packages/ball_detector)
[1.563s] DEBUG:colcon.colcon_core.event_handler.log_command:Invoked command in '/home/user/fprobocon/build/keyboard_controller' returned '0': PYTHONPATH=/home/user/fprobocon/build/keyboard_controller/prefix_override:/usr/lib/python3/dist-packages/colcon_core/task/python/colcon_distutils_commands:/home/user/fprobocon/install/keyboard_controller/lib/python3.10/site-packages:${PYTHONPATH} /usr/bin/python3 -W ignore:setup.py install is deprecated setup.py develop --uninstall --editable --build-directory /home/user/fprobocon/build/keyboard_controller/build
[1.564s] DEBUG:colcon.colcon_core.event_handler.log_command:Invoking command in '/home/user/fprobocon/src/keyboard_controller': PYTHONPATH=/home/user/fprobocon/build/keyboard_controller/prefix_override:/usr/lib/python3/dist-packages/colcon_core/task/python/colcon_distutils_commands:/home/user/fprobocon/install/keyboard_controller/lib/python3.10/site-packages:${PYTHONPATH} /usr/bin/python3 -W ignore:setup.py install is deprecated setup.py egg_info --egg-base ../../build/keyboard_controller build --build-base /home/user/fprobocon/build/keyboard_controller/build install --record /home/user/fprobocon/build/keyboard_controller/install.log --single-version-externally-managed install_data --force
[1.576s] DEBUG:colcon.colcon_core.event_handler.log_command:Invoked command in '/home/user/fprobocon/build/joystick_controller' returned '0': PYTHONPATH=/home/user/fprobocon/build/joystick_controller/prefix_override:/usr/lib/python3/dist-packages/colcon_core/task/python/colcon_distutils_commands:/home/user/fprobocon/install/joystick_controller/lib/python3.10/site-packages:${PYTHONPATH} /usr/bin/python3 -W ignore:setup.py install is deprecated setup.py develop --uninstall --editable --build-directory /home/user/fprobocon/build/joystick_controller/build
[1.578s] DEBUG:colcon.colcon_core.event_handler.log_command:Invoking command in '/home/user/fprobocon/src/joystick_controller': PYTHONPATH=/home/user/fprobocon/build/joystick_controller/prefix_override:/usr/lib/python3/dist-packages/colcon_core/task/python/colcon_distutils_commands:/home/user/fprobocon/install/joystick_controller/lib/python3.10/site-packages:${PYTHONPATH} /usr/bin/python3 -W ignore:setup.py install is deprecated setup.py egg_info --egg-base ../../build/joystick_controller build --build-base /home/user/fprobocon/build/joystick_controller/build install --record /home/user/fprobocon/build/joystick_controller/install.log --single-version-externally-managed install_data --force
[1.779s] Level 1:colcon.colcon_core.environment:checking '/home/user/fprobocon/install/keyboard_controller' for CMake module files
[1.780s] DEBUG:colcon.colcon_core.event_handler.log_command:Invoked command in '/home/user/fprobocon/src/keyboard_controller' returned '0': PYTHONPATH=/home/user/fprobocon/build/keyboard_controller/prefix_override:/usr/lib/python3/dist-packages/colcon_core/task/python/colcon_distutils_commands:/home/user/fprobocon/install/keyboard_controller/lib/python3.10/site-packages:${PYTHONPATH} /usr/bin/python3 -W ignore:setup.py install is deprecated setup.py egg_info --egg-base ../../build/keyboard_controller build --build-base /home/user/fprobocon/build/keyboard_controller/build install --record /home/user/fprobocon/build/keyboard_controller/install.log --single-version-externally-managed install_data --force
[1.780s] Level 1:colcon.colcon_core.environment:checking '/home/user/fprobocon/install/keyboard_controller' for CMake config files
[1.780s] Level 1:colcon.colcon_core.environment:checking '/home/user/fprobocon/install/keyboard_controller/lib'
[1.781s] Level 1:colcon.colcon_core.environment:checking '/home/user/fprobocon/install/keyboard_controller/bin'
[1.781s] Level 1:colcon.colcon_core.environment:checking '/home/user/fprobocon/install/keyboard_controller/lib/pkgconfig/keyboard_controller.pc'
[1.781s] Level 1:colcon.colcon_core.environment:checking '/home/user/fprobocon/install/keyboard_controller/lib/python3.10/site-packages'
[1.781s] Level 1:colcon.colcon_core.shell:create_environment_hook('keyboard_controller', 'pythonpath')
[1.781s] INFO:colcon.colcon_core.shell:Creating environment hook '/home/user/fprobocon/install/keyboard_controller/share/keyboard_controller/hook/pythonpath.ps1'
[1.781s] INFO:colcon.colcon_core.shell:Creating environment descriptor '/home/user/fprobocon/install/keyboard_controller/share/keyboard_controller/hook/pythonpath.dsv'
[1.782s] INFO:colcon.colcon_core.shell:Creating environment hook '/home/user/fprobocon/install/keyboard_controller/share/keyboard_controller/hook/pythonpath.sh'
[1.782s] Level 1:colcon.colcon_core.environment:checking '/home/user/fprobocon/install/keyboard_controller/bin'
[1.782s] Level 1:colcon.colcon_core.environment:create_environment_scripts_only(keyboard_controller)
[1.782s] INFO:colcon.colcon_core.shell:Creating package script '/home/user/fprobocon/install/keyboard_controller/share/keyboard_controller/package.ps1'
[1.783s] INFO:colcon.colcon_core.shell:Creating package descriptor '/home/user/fprobocon/install/keyboard_controller/share/keyboard_controller/package.dsv'
[1.783s] INFO:colcon.colcon_core.shell:Creating package script '/home/user/fprobocon/install/keyboard_controller/share/keyboard_controller/package.sh'
[1.783s] INFO:colcon.colcon_core.shell:Creating package script '/home/user/fprobocon/install/keyboard_controller/share/keyboard_controller/package.bash'
[1.783s] INFO:colcon.colcon_core.shell:Creating package script '/home/user/fprobocon/install/keyboard_controller/share/keyboard_controller/package.zsh'
[1.784s] Level 1:colcon.colcon_core.environment:create_file_with_runtime_dependencies(/home/user/fprobocon/install/keyboard_controller/share/colcon-core/packages/keyboard_controller)
[1.803s] Level 1:colcon.colcon_core.environment:checking '/home/user/fprobocon/install/joystick_controller' for CMake module files
[1.803s] DEBUG:colcon.colcon_core.event_handler.log_command:Invoked command in '/home/user/fprobocon/src/joystick_controller' returned '0': PYTHONPATH=/home/user/fprobocon/build/joystick_controller/prefix_override:/usr/lib/python3/dist-packages/colcon_core/task/python/colcon_distutils_commands:/home/user/fprobocon/install/joystick_controller/lib/python3.10/site-packages:${PYTHONPATH} /usr/bin/python3 -W ignore:setup.py install is deprecated setup.py egg_info --egg-base ../../build/joystick_controller build --build-base /home/user/fprobocon/build/joystick_controller/build install --record /home/user/fprobocon/build/joystick_controller/install.log --single-version-externally-managed install_data --force
[1.804s] Level 1:colcon.colcon_core.environment:checking '/home/user/fprobocon/install/joystick_controller' for CMake config files
[1.804s] Level 1:colcon.colcon_core.environment:checking '/home/user/fprobocon/install/joystick_controller/lib'
[1.804s] Level 1:colcon.colcon_core.environment:checking '/home/user/fprobocon/install/joystick_controller/bin'
[1.804s] Level 1:colcon.colcon_core.environment:checking '/home/user/fprobocon/install/joystick_controller/lib/pkgconfig/joystick_controller.pc'
[1.804s] Level 1:colcon.colcon_core.environment:checking '/home/user/fprobocon/install/joystick_controller/lib/python3.10/site-packages'
[1.804s] Level 1:colcon.colcon_core.shell:create_environment_hook('joystick_controller', 'pythonpath')
[1.805s] INFO:colcon.colcon_core.shell:Creating environment hook '/home/user/fprobocon/install/joystick_controller/share/joystick_controller/hook/pythonpath.ps1'
[1.805s] INFO:colcon.colcon_core.shell:Creating environment descriptor '/home/user/fprobocon/install/joystick_controller/share/joystick_controller/hook/pythonpath.dsv'
[1.805s] INFO:colcon.colcon_core.shell:Creating environment hook '/home/user/fprobocon/install/joystick_controller/share/joystick_controller/hook/pythonpath.sh'
[1.806s] Level 1:colcon.colcon_core.environment:checking '/home/user/fprobocon/install/joystick_controller/bin'
[1.806s] Level 1:colcon.colcon_core.environment:create_environment_scripts_only(joystick_controller)
[1.806s] INFO:colcon.colcon_core.shell:Creating package script '/home/user/fprobocon/install/joystick_controller/share/joystick_controller/package.ps1'
[1.806s] INFO:colcon.colcon_core.shell:Creating package descriptor '/home/user/fprobocon/install/joystick_controller/share/joystick_controller/package.dsv'
[1.807s] INFO:colcon.colcon_core.shell:Creating package script '/home/user/fprobocon/install/joystick_controller/share/joystick_controller/package.sh'
[1.807s] INFO:colcon.colcon_core.shell:Creating package script '/home/user/fprobocon/install/joystick_controller/share/joystick_controller/package.bash'
[1.807s] INFO:colcon.colcon_core.shell:Creating package script '/home/user/fprobocon/install/joystick_controller/share/joystick_controller/package.zsh'
[1.807s] Level 1:colcon.colcon_core.environment:create_file_with_runtime_dependencies(/home/user/fprobocon/install/joystick_controller/share/colcon-core/packages/joystick_controller)
[4.372s] DEBUG:colcon.colcon_core.event_handler.log_command:Invoked command in '/home/user/fprobocon/build/file_handling' returned '2': CMAKE_PREFIX_PATH=/opt/ros/humble /usr/bin/cmake --build /home/user/fprobocon/build/file_handling -- -j16 -l16
[4.395s] Level 1:colcon.colcon_core.environment:create_environment_scripts_only(file_handling)
[4.395s] Level 1:colcon.colcon_core.environment:checking '/home/user/fprobocon/install/file_handling' for CMake module files
[4.396s] Level 1:colcon.colcon_core.environment:checking '/home/user/fprobocon/install/file_handling' for CMake config files
[4.396s] Level 1:colcon.colcon_core.shell:create_environment_hook('file_handling', 'cmake_prefix_path')
[4.396s] INFO:colcon.colcon_core.shell:Creating environment hook '/home/user/fprobocon/install/file_handling/share/file_handling/hook/cmake_prefix_path.ps1'
[4.396s] INFO:colcon.colcon_core.shell:Creating environment descriptor '/home/user/fprobocon/install/file_handling/share/file_handling/hook/cmake_prefix_path.dsv'
[4.397s] INFO:colcon.colcon_core.shell:Creating environment hook '/home/user/fprobocon/install/file_handling/share/file_handling/hook/cmake_prefix_path.sh'
[4.397s] Level 1:colcon.colcon_core.environment:checking '/home/user/fprobocon/install/file_handling/lib'
[4.397s] Level 1:colcon.colcon_core.environment:checking '/home/user/fprobocon/install/file_handling/bin'
[4.397s] Level 1:colcon.colcon_core.environment:checking '/home/user/fprobocon/install/file_handling/lib/pkgconfig/file_handling.pc'
[4.397s] Level 1:colcon.colcon_core.environment:checking '/home/user/fprobocon/install/file_handling/lib/python3.10/site-packages'
[4.398s] Level 1:colcon.colcon_core.environment:checking '/home/user/fprobocon/install/file_handling/bin'
[4.398s] INFO:colcon.colcon_core.shell:Creating package script '/home/user/fprobocon/install/file_handling/share/file_handling/package.ps1'
[4.398s] INFO:colcon.colcon_core.shell:Creating package descriptor '/home/user/fprobocon/install/file_handling/share/file_handling/package.dsv'
[4.398s] INFO:colcon.colcon_core.shell:Creating package script '/home/user/fprobocon/install/file_handling/share/file_handling/package.sh'
[4.399s] INFO:colcon.colcon_core.shell:Creating package script '/home/user/fprobocon/install/file_handling/share/file_handling/package.bash'
[4.399s] INFO:colcon.colcon_core.shell:Creating package script '/home/user/fprobocon/install/file_handling/share/file_handling/package.zsh'
[4.399s] Level 1:colcon.colcon_core.environment:create_file_with_runtime_dependencies(/home/user/fprobocon/install/file_handling/share/colcon-core/packages/file_handling)
[4.400s] DEBUG:colcon.colcon_parallel_executor.executor.parallel:closing loop
[4.400s] DEBUG:colcon.colcon_parallel_executor.executor.parallel:loop closed
[4.400s] DEBUG:colcon.colcon_parallel_executor.executor.parallel:run_until_complete finished with '2'
[4.400s] DEBUG:colcon.colcon_core.event_reactor:joining thread
[4.405s] INFO:colcon.colcon_core.plugin_system:Skipping extension 'colcon_notification.desktop_notification.terminal_notifier': Not used on non-Darwin systems
[4.405s] INFO:colcon.colcon_core.plugin_system:Skipping extension 'colcon_notification.desktop_notification.win32': Not used on non-Windows systems
[4.405s] INFO:colcon.colcon_notification.desktop_notification:Sending desktop notification using 'notify2'
[4.413s] DEBUG:colcon.colcon_core.event_reactor:joined thread
[4.413s] INFO:colcon.colcon_core.shell:Creating prefix script '/home/user/fprobocon/install/local_setup.ps1'
[4.414s] INFO:colcon.colcon_core.shell:Creating prefix util module '/home/user/fprobocon/install/_local_setup_util_ps1.py'
[4.415s] INFO:colcon.colcon_core.shell:Creating prefix chain script '/home/user/fprobocon/install/setup.ps1'
[4.416s] INFO:colcon.colcon_core.shell:Creating prefix script '/home/user/fprobocon/install/local_setup.sh'
[4.416s] INFO:colcon.colcon_core.shell:Creating prefix util module '/home/user/fprobocon/install/_local_setup_util_sh.py'
[4.417s] INFO:colcon.colcon_core.shell:Creating prefix chain script '/home/user/fprobocon/install/setup.sh'
[4.417s] INFO:colcon.colcon_core.shell:Creating prefix script '/home/user/fprobocon/install/local_setup.bash'
[4.418s] INFO:colcon.colcon_core.shell:Creating prefix chain script '/home/user/fprobocon/install/setup.bash'
[4.418s] INFO:colcon.colcon_core.shell:Creating prefix script '/home/user/fprobocon/install/local_setup.zsh'
[4.419s] INFO:colcon.colcon_core.shell:Creating prefix chain script '/home/user/fprobocon/install/setup.zsh'
