[0.114s] DEBUG:colcon:Command line arguments: ['/usr/bin/colcon', 'build', '--symlink-install']
[0.114s] DEBUG:colcon:Parsed command line arguments: Namespace(log_base=None, log_level=None, verb_name='build', build_base='build', install_base='install', merge_install=False, symlink_install=True, test_result_base=None, continue_on_error=False, executor='parallel', parallel_workers=16, event_handlers=None, ignore_user_meta=False, metas=['./colcon.meta'], base_paths=['.'], packages_ignore=None, packages_ignore_regex=None, paths=None, packages_up_to=None, packages_up_to_regex=None, packages_above=None, packages_above_and_dependencies=None, packages_above_depth=None, packages_select_by_dep=None, packages_skip_by_dep=None, packages_skip_up_to=None, packages_select_build_failed=False, packages_skip_build_finished=False, packages_select_test_failures=False, packages_skip_test_passed=False, packages_select=None, packages_skip=None, packages_select_regex=None, packages_skip_regex=None, packages_start=None, packages_end=None, allow_overriding=[], cmake_args=None, cmake_target=None, cmake_target_skip_unavailable=False, cmake_clean_cache=False, cmake_clean_first=False, cmake_force_configure=False, ament_cmake_args=None, catkin_cmake_args=None, catkin_skip_building_tests=False, verb_parser=<colcon_defaults.argument_parser.defaults.DefaultArgumentsDecorator object at 0x7c3195f060b0>, verb_extension=<colcon_core.verb.build.BuildVerb object at 0x7c3195f05ba0>, main=<bound method BuildVerb.main of <colcon_core.verb.build.BuildVerb object at 0x7c3195f05ba0>>)
[0.304s] Level 1:colcon.colcon_core.package_discovery:discover_packages(colcon_meta) check parameters
[0.304s] Level 1:colcon.colcon_core.package_discovery:discover_packages(recursive) check parameters
[0.304s] Level 1:colcon.colcon_core.package_discovery:discover_packages(ignore) check parameters
[0.304s] Level 1:colcon.colcon_core.package_discovery:discover_packages(path) check parameters
[0.304s] Level 1:colcon.colcon_core.package_discovery:discover_packages(colcon_meta) discover
[0.304s] Level 1:colcon.colcon_core.package_discovery:discover_packages(recursive) discover
[0.304s] INFO:colcon.colcon_core.package_discovery:Crawling recursively for packages in '/home/user/fprobocon'
[0.305s] Level 1:colcon.colcon_core.package_identification:_identify(.) by extensions ['ignore', 'ignore_ament_install']
[0.305s] Level 1:colcon.colcon_core.package_identification:_identify(.) by extension 'ignore'
[0.305s] Level 1:colcon.colcon_core.package_identification:_identify(.) by extension 'ignore_ament_install'
[0.305s] Level 1:colcon.colcon_core.package_identification:_identify(.) by extensions ['colcon_pkg']
[0.305s] Level 1:colcon.colcon_core.package_identification:_identify(.) by extension 'colcon_pkg'
[0.305s] Level 1:colcon.colcon_core.package_identification:_identify(.) by extensions ['colcon_meta']
[0.305s] Level 1:colcon.colcon_core.package_identification:_identify(.) by extension 'colcon_meta'
[0.305s] Level 1:colcon.colcon_core.package_identification:_identify(.) by extensions ['ros']
[0.305s] Level 1:colcon.colcon_core.package_identification:_identify(.) by extension 'ros'
[0.317s] Level 1:colcon.colcon_core.package_identification:_identify(.) by extensions ['cmake', 'python']
[0.317s] Level 1:colcon.colcon_core.package_identification:_identify(.) by extension 'cmake'
[0.317s] Level 1:colcon.colcon_core.package_identification:_identify(.) by extension 'python'
[0.317s] Level 1:colcon.colcon_core.package_identification:_identify(.) by extensions ['python_setup_py']
[0.317s] Level 1:colcon.colcon_core.package_identification:_identify(.) by extension 'python_setup_py'
[0.317s] Level 1:colcon.colcon_core.package_identification:_identify(build) by extensions ['ignore', 'ignore_ament_install']
[0.317s] Level 1:colcon.colcon_core.package_identification:_identify(build) by extension 'ignore'
[0.317s] Level 1:colcon.colcon_core.package_identification:_identify(build) ignored
[0.317s] Level 1:colcon.colcon_core.package_identification:_identify(install) by extensions ['ignore', 'ignore_ament_install']
[0.317s] Level 1:colcon.colcon_core.package_identification:_identify(install) by extension 'ignore'
[0.317s] Level 1:colcon.colcon_core.package_identification:_identify(install) ignored
[0.317s] Level 1:colcon.colcon_core.package_identification:_identify(log) by extensions ['ignore', 'ignore_ament_install']
[0.318s] Level 1:colcon.colcon_core.package_identification:_identify(log) by extension 'ignore'
[0.318s] Level 1:colcon.colcon_core.package_identification:_identify(log) ignored
[0.318s] Level 1:colcon.colcon_core.package_identification:_identify(src) by extensions ['ignore', 'ignore_ament_install']
[0.318s] Level 1:colcon.colcon_core.package_identification:_identify(src) by extension 'ignore'
[0.318s] Level 1:colcon.colcon_core.package_identification:_identify(src) by extension 'ignore_ament_install'
[0.318s] Level 1:colcon.colcon_core.package_identification:_identify(src) by extensions ['colcon_pkg']
[0.318s] Level 1:colcon.colcon_core.package_identification:_identify(src) by extension 'colcon_pkg'
[0.318s] Level 1:colcon.colcon_core.package_identification:_identify(src) by extensions ['colcon_meta']
[0.318s] Level 1:colcon.colcon_core.package_identification:_identify(src) by extension 'colcon_meta'
[0.318s] Level 1:colcon.colcon_core.package_identification:_identify(src) by extensions ['ros']
[0.318s] Level 1:colcon.colcon_core.package_identification:_identify(src) by extension 'ros'
[0.318s] Level 1:colcon.colcon_core.package_identification:_identify(src) by extensions ['cmake', 'python']
[0.318s] Level 1:colcon.colcon_core.package_identification:_identify(src) by extension 'cmake'
[0.318s] Level 1:colcon.colcon_core.package_identification:_identify(src) by extension 'python'
[0.318s] Level 1:colcon.colcon_core.package_identification:_identify(src) by extensions ['python_setup_py']
[0.318s] Level 1:colcon.colcon_core.package_identification:_identify(src) by extension 'python_setup_py'
[0.318s] Level 1:colcon.colcon_core.package_identification:_identify(src/sim2025_key) by extensions ['ignore', 'ignore_ament_install']
[0.318s] Level 1:colcon.colcon_core.package_identification:_identify(src/sim2025_key) by extension 'ignore'
[0.319s] Level 1:colcon.colcon_core.package_identification:_identify(src/sim2025_key) by extension 'ignore_ament_install'
[0.319s] Level 1:colcon.colcon_core.package_identification:_identify(src/sim2025_key) by extensions ['colcon_pkg']
[0.319s] Level 1:colcon.colcon_core.package_identification:_identify(src/sim2025_key) by extension 'colcon_pkg'
[0.319s] Level 1:colcon.colcon_core.package_identification:_identify(src/sim2025_key) by extensions ['colcon_meta']
[0.319s] Level 1:colcon.colcon_core.package_identification:_identify(src/sim2025_key) by extension 'colcon_meta'
[0.319s] Level 1:colcon.colcon_core.package_identification:_identify(src/sim2025_key) by extensions ['ros']
[0.319s] Level 1:colcon.colcon_core.package_identification:_identify(src/sim2025_key) by extension 'ros'
[0.321s] DEBUG:colcon.colcon_core.package_identification:Package 'src/sim2025_key' with type 'ros.ament_python' and name 'sim2025_key'
[0.321s] Level 1:colcon.colcon_core.package_identification:_identify(src/simulasi-2025) by extensions ['ignore', 'ignore_ament_install']
[0.322s] Level 1:colcon.colcon_core.package_identification:_identify(src/simulasi-2025) by extension 'ignore'
[0.322s] Level 1:colcon.colcon_core.package_identification:_identify(src/simulasi-2025) by extension 'ignore_ament_install'
[0.322s] Level 1:colcon.colcon_core.package_identification:_identify(src/simulasi-2025) by extensions ['colcon_pkg']
[0.322s] Level 1:colcon.colcon_core.package_identification:_identify(src/simulasi-2025) by extension 'colcon_pkg'
[0.322s] Level 1:colcon.colcon_core.package_identification:_identify(src/simulasi-2025) by extensions ['colcon_meta']
[0.322s] Level 1:colcon.colcon_core.package_identification:_identify(src/simulasi-2025) by extension 'colcon_meta'
[0.322s] Level 1:colcon.colcon_core.package_identification:_identify(src/simulasi-2025) by extensions ['ros']
[0.322s] Level 1:colcon.colcon_core.package_identification:_identify(src/simulasi-2025) by extension 'ros'
[0.323s] DEBUG:colcon.colcon_core.package_identification:Package 'src/simulasi-2025' with type 'ros.ament_cmake' and name 'simulasi-2025'
[0.323s] Level 1:colcon.colcon_core.package_discovery:discover_packages(recursive) using defaults
[0.323s] Level 1:colcon.colcon_core.package_discovery:discover_packages(ignore) discover
[0.323s] Level 1:colcon.colcon_core.package_discovery:discover_packages(ignore) using defaults
[0.323s] Level 1:colcon.colcon_core.package_discovery:discover_packages(path) discover
[0.323s] Level 1:colcon.colcon_core.package_discovery:discover_packages(path) using defaults
[0.359s] Level 1:colcon.colcon_core.package_discovery:discover_packages(prefix_path) check parameters
[0.359s] Level 1:colcon.colcon_core.package_discovery:discover_packages(prefix_path) discover
[0.360s] WARNING:colcon.colcon_ros.prefix_path.ament:The path '/home/user/fprobocon/install/simulasi-2025' in the environment variable AMENT_PREFIX_PATH doesn't exist
[0.360s] WARNING:colcon.colcon_ros.prefix_path.ament:The path '/home/user/fprobocon/install/sim2025_key' in the environment variable AMENT_PREFIX_PATH doesn't exist
[0.360s] WARNING:colcon.colcon_ros.prefix_path.catkin:The path '/home/user/fprobocon/install/simulasi-2025' in the environment variable CMAKE_PREFIX_PATH doesn't exist
[0.361s] DEBUG:colcon.colcon_installed_package_information.package_discovery:Found 0 installed packages in /home/user/fprobocon/install
[0.361s] DEBUG:colcon.colcon_installed_package_information.package_discovery:Found 1 installed packages in /home/user/fprobocon/src/simulasi-2025/src/sim2025_key/install
[0.363s] DEBUG:colcon.colcon_installed_package_information.package_discovery:Found 403 installed packages in /opt/ros/humble
[0.365s] Level 1:colcon.colcon_core.package_discovery:discover_packages(prefix_path) using defaults
[0.422s] Level 5:colcon.colcon_core.verb:set package 'sim2025_key' build argument 'cmake_args' from command line to 'None'
[0.422s] Level 5:colcon.colcon_core.verb:set package 'sim2025_key' build argument 'cmake_target' from command line to 'None'
[0.422s] Level 5:colcon.colcon_core.verb:set package 'sim2025_key' build argument 'cmake_target_skip_unavailable' from command line to 'False'
[0.422s] Level 5:colcon.colcon_core.verb:set package 'sim2025_key' build argument 'cmake_clean_cache' from command line to 'False'
[0.423s] Level 5:colcon.colcon_core.verb:set package 'sim2025_key' build argument 'cmake_clean_first' from command line to 'False'
[0.423s] Level 5:colcon.colcon_core.verb:set package 'sim2025_key' build argument 'cmake_force_configure' from command line to 'False'
[0.423s] Level 5:colcon.colcon_core.verb:set package 'sim2025_key' build argument 'ament_cmake_args' from command line to 'None'
[0.423s] Level 5:colcon.colcon_core.verb:set package 'sim2025_key' build argument 'catkin_cmake_args' from command line to 'None'
[0.423s] Level 5:colcon.colcon_core.verb:set package 'sim2025_key' build argument 'catkin_skip_building_tests' from command line to 'False'
[0.423s] DEBUG:colcon.colcon_core.verb:Building package 'sim2025_key' with the following arguments: {'ament_cmake_args': None, 'build_base': '/home/user/fprobocon/build/sim2025_key', 'catkin_cmake_args': None, 'catkin_skip_building_tests': False, 'cmake_args': None, 'cmake_clean_cache': False, 'cmake_clean_first': False, 'cmake_force_configure': False, 'cmake_target': None, 'cmake_target_skip_unavailable': False, 'install_base': '/home/user/fprobocon/install/sim2025_key', 'merge_install': False, 'path': '/home/user/fprobocon/src/sim2025_key', 'symlink_install': True, 'test_result_base': None}
[0.423s] Level 5:colcon.colcon_core.verb:set package 'simulasi-2025' build argument 'cmake_args' from command line to 'None'
[0.423s] Level 5:colcon.colcon_core.verb:set package 'simulasi-2025' build argument 'cmake_target' from command line to 'None'
[0.423s] Level 5:colcon.colcon_core.verb:set package 'simulasi-2025' build argument 'cmake_target_skip_unavailable' from command line to 'False'
[0.423s] Level 5:colcon.colcon_core.verb:set package 'simulasi-2025' build argument 'cmake_clean_cache' from command line to 'False'
[0.423s] Level 5:colcon.colcon_core.verb:set package 'simulasi-2025' build argument 'cmake_clean_first' from command line to 'False'
[0.423s] Level 5:colcon.colcon_core.verb:set package 'simulasi-2025' build argument 'cmake_force_configure' from command line to 'False'
[0.423s] Level 5:colcon.colcon_core.verb:set package 'simulasi-2025' build argument 'ament_cmake_args' from command line to 'None'
[0.423s] Level 5:colcon.colcon_core.verb:set package 'simulasi-2025' build argument 'catkin_cmake_args' from command line to 'None'
[0.423s] Level 5:colcon.colcon_core.verb:set package 'simulasi-2025' build argument 'catkin_skip_building_tests' from command line to 'False'
[0.423s] DEBUG:colcon.colcon_core.verb:Building package 'simulasi-2025' with the following arguments: {'ament_cmake_args': None, 'build_base': '/home/user/fprobocon/build/simulasi-2025', 'catkin_cmake_args': None, 'catkin_skip_building_tests': False, 'cmake_args': None, 'cmake_clean_cache': False, 'cmake_clean_first': False, 'cmake_force_configure': False, 'cmake_target': None, 'cmake_target_skip_unavailable': False, 'install_base': '/home/user/fprobocon/install/simulasi-2025', 'merge_install': False, 'path': '/home/user/fprobocon/src/simulasi-2025', 'symlink_install': True, 'test_result_base': None}
[0.423s] INFO:colcon.colcon_core.executor:Executing jobs using 'parallel' executor
[0.425s] DEBUG:colcon.colcon_parallel_executor.executor.parallel:run_until_complete
[0.425s] INFO:colcon.colcon_ros.task.ament_python.build:Building ROS package in '/home/user/fprobocon/src/sim2025_key' with build type 'ament_python'
[0.425s] Level 1:colcon.colcon_core.shell:create_environment_hook('sim2025_key', 'ament_prefix_path')
[0.427s] INFO:colcon.colcon_core.plugin_system:Skipping extension 'colcon_core.shell.bat': Not used on non-Windows systems
[0.428s] INFO:colcon.colcon_core.shell:Creating environment hook '/home/user/fprobocon/install/sim2025_key/share/sim2025_key/hook/ament_prefix_path.ps1'
[0.428s] INFO:colcon.colcon_core.shell:Creating environment descriptor '/home/user/fprobocon/install/sim2025_key/share/sim2025_key/hook/ament_prefix_path.dsv'
[0.429s] INFO:colcon.colcon_core.shell:Creating environment hook '/home/user/fprobocon/install/sim2025_key/share/sim2025_key/hook/ament_prefix_path.sh'
[0.430s] INFO:colcon.colcon_core.shell:Skip shell extension 'powershell' for command environment: Not usable outside of PowerShell
[0.430s] DEBUG:colcon.colcon_core.shell:Skip shell extension 'dsv' for command environment
[0.750s] INFO:colcon.colcon_core.task.python.build:Building Python package in '/home/user/fprobocon/src/sim2025_key'
[0.751s] INFO:colcon.colcon_core.shell:Skip shell extension 'powershell' for command environment: Not usable outside of PowerShell
[0.751s] DEBUG:colcon.colcon_core.shell:Skip shell extension 'dsv' for command environment
[1.194s] DEBUG:colcon.colcon_core.event_handler.log_command:Invoking command in '/home/user/fprobocon/build/sim2025_key': PYTHONPATH=/home/user/fprobocon/build/sim2025_key/prefix_override:/usr/lib/python3/dist-packages/colcon_core/task/python/colcon_distutils_commands:/home/user/fprobocon/install/sim2025_key/lib/python3.10/site-packages:${PYTHONPATH} /usr/bin/python3 -W ignore:setup.py install is deprecated setup.py develop --editable --build-directory /home/user/fprobocon/build/sim2025_key/build --no-deps symlink_data
[1.816s] Level 1:colcon.colcon_core.shell:create_environment_hook('sim2025_key', 'pythonpath_develop')
[1.817s] INFO:colcon.colcon_core.shell:Creating environment hook '/home/user/fprobocon/build/sim2025_key/share/sim2025_key/hook/pythonpath_develop.ps1'
[1.817s] DEBUG:colcon.colcon_core.event_handler.log_command:Invoked command in '/home/user/fprobocon/build/sim2025_key' returned '0': PYTHONPATH=/home/user/fprobocon/build/sim2025_key/prefix_override:/usr/lib/python3/dist-packages/colcon_core/task/python/colcon_distutils_commands:/home/user/fprobocon/install/sim2025_key/lib/python3.10/site-packages:${PYTHONPATH} /usr/bin/python3 -W ignore:setup.py install is deprecated setup.py develop --editable --build-directory /home/user/fprobocon/build/sim2025_key/build --no-deps symlink_data
[1.818s] INFO:colcon.colcon_core.shell:Creating environment descriptor '/home/user/fprobocon/build/sim2025_key/share/sim2025_key/hook/pythonpath_develop.dsv'
[1.819s] INFO:colcon.colcon_core.shell:Creating environment hook '/home/user/fprobocon/build/sim2025_key/share/sim2025_key/hook/pythonpath_develop.sh'
[1.822s] Level 1:colcon.colcon_core.environment:checking '/home/user/fprobocon/install/sim2025_key' for CMake module files
[1.822s] Level 1:colcon.colcon_core.environment:checking '/home/user/fprobocon/install/sim2025_key' for CMake config files
[1.823s] Level 1:colcon.colcon_core.environment:checking '/home/user/fprobocon/install/sim2025_key/lib'
[1.824s] Level 1:colcon.colcon_core.environment:checking '/home/user/fprobocon/install/sim2025_key/bin'
[1.824s] Level 1:colcon.colcon_core.environment:checking '/home/user/fprobocon/install/sim2025_key/lib/pkgconfig/sim2025_key.pc'
[1.824s] Level 1:colcon.colcon_core.environment:checking '/home/user/fprobocon/install/sim2025_key/lib/python3.10/site-packages'
[1.824s] Level 1:colcon.colcon_core.shell:create_environment_hook('sim2025_key', 'pythonpath')
[1.825s] INFO:colcon.colcon_core.shell:Creating environment hook '/home/user/fprobocon/install/sim2025_key/share/sim2025_key/hook/pythonpath.ps1'
[1.825s] INFO:colcon.colcon_core.shell:Creating environment descriptor '/home/user/fprobocon/install/sim2025_key/share/sim2025_key/hook/pythonpath.dsv'
[1.825s] INFO:colcon.colcon_core.shell:Creating environment hook '/home/user/fprobocon/install/sim2025_key/share/sim2025_key/hook/pythonpath.sh'
[1.826s] Level 1:colcon.colcon_core.environment:checking '/home/user/fprobocon/install/sim2025_key/bin'
[1.826s] Level 1:colcon.colcon_core.environment:create_environment_scripts_only(sim2025_key)
[1.826s] INFO:colcon.colcon_core.shell:Creating package script '/home/user/fprobocon/install/sim2025_key/share/sim2025_key/package.ps1'
[1.827s] INFO:colcon.colcon_core.shell:Creating package descriptor '/home/user/fprobocon/install/sim2025_key/share/sim2025_key/package.dsv'
[1.828s] INFO:colcon.colcon_core.shell:Creating package script '/home/user/fprobocon/install/sim2025_key/share/sim2025_key/package.sh'
[1.829s] INFO:colcon.colcon_core.shell:Creating package script '/home/user/fprobocon/install/sim2025_key/share/sim2025_key/package.bash'
[1.830s] INFO:colcon.colcon_core.shell:Creating package script '/home/user/fprobocon/install/sim2025_key/share/sim2025_key/package.zsh'
[1.831s] Level 1:colcon.colcon_core.environment:create_file_with_runtime_dependencies(/home/user/fprobocon/install/sim2025_key/share/colcon-core/packages/sim2025_key)
[1.831s] INFO:colcon.colcon_ros.task.ament_cmake.build:Building ROS package in '/home/user/fprobocon/src/simulasi-2025' with build type 'ament_cmake'
[1.832s] INFO:colcon.colcon_cmake.task.cmake.build:Building CMake package in '/home/user/fprobocon/src/simulasi-2025'
[1.832s] INFO:colcon.colcon_core.shell:Skip shell extension 'powershell' for command environment: Not usable outside of PowerShell
[1.832s] DEBUG:colcon.colcon_core.shell:Skip shell extension 'dsv' for command environment
[1.848s] DEBUG:colcon.colcon_core.event_handler.log_command:Invoking command in '/home/user/fprobocon/build/simulasi-2025': AMENT_PREFIX_PATH=/home/user/fprobocon/install/sim2025_key:/home/user/fprobocon/install/simulasi-2025:/opt/ros/humble CMAKE_PREFIX_PATH=${CMAKE_PREFIX_PATH}:/home/user/fprobocon/install/sim2025_key:/opt/ros/humble PYTHONPATH=/home/user/fprobocon/build/sim2025_key:${PYTHONPATH} /usr/bin/cmake /home/user/fprobocon/src/simulasi-2025 -DAMENT_CMAKE_SYMLINK_INSTALL=1 -DCMAKE_INSTALL_PREFIX=/home/user/fprobocon/install/simulasi-2025
[3.008s] DEBUG:colcon.colcon_core.event_handler.log_command:Invoked command in '/home/user/fprobocon/build/simulasi-2025' returned '0': AMENT_PREFIX_PATH=/home/user/fprobocon/install/sim2025_key:/home/user/fprobocon/install/simulasi-2025:/opt/ros/humble CMAKE_PREFIX_PATH=${CMAKE_PREFIX_PATH}:/home/user/fprobocon/install/sim2025_key:/opt/ros/humble PYTHONPATH=/home/user/fprobocon/build/sim2025_key:${PYTHONPATH} /usr/bin/cmake /home/user/fprobocon/src/simulasi-2025 -DAMENT_CMAKE_SYMLINK_INSTALL=1 -DCMAKE_INSTALL_PREFIX=/home/user/fprobocon/install/simulasi-2025
[3.010s] DEBUG:colcon.colcon_core.event_handler.log_command:Invoking command in '/home/user/fprobocon/build/simulasi-2025': AMENT_PREFIX_PATH=/home/user/fprobocon/install/sim2025_key:/home/user/fprobocon/install/simulasi-2025:/opt/ros/humble CMAKE_PREFIX_PATH=${CMAKE_PREFIX_PATH}:/home/user/fprobocon/install/sim2025_key:/opt/ros/humble PYTHONPATH=/home/user/fprobocon/build/sim2025_key:${PYTHONPATH} /usr/bin/cmake --build /home/user/fprobocon/build/simulasi-2025 -- -j16 -l16
[3.062s] DEBUG:colcon.colcon_core.event_handler.log_command:Invoked command in '/home/user/fprobocon/build/simulasi-2025' returned '0': AMENT_PREFIX_PATH=/home/user/fprobocon/install/sim2025_key:/home/user/fprobocon/install/simulasi-2025:/opt/ros/humble CMAKE_PREFIX_PATH=${CMAKE_PREFIX_PATH}:/home/user/fprobocon/install/sim2025_key:/opt/ros/humble PYTHONPATH=/home/user/fprobocon/build/sim2025_key:${PYTHONPATH} /usr/bin/cmake --build /home/user/fprobocon/build/simulasi-2025 -- -j16 -l16
[3.108s] DEBUG:colcon.colcon_core.event_handler.log_command:Invoking command in '/home/user/fprobocon/build/simulasi-2025': AMENT_PREFIX_PATH=/home/user/fprobocon/install/sim2025_key:/home/user/fprobocon/install/simulasi-2025:/opt/ros/humble CMAKE_PREFIX_PATH=${CMAKE_PREFIX_PATH}:/home/user/fprobocon/install/sim2025_key:/opt/ros/humble PYTHONPATH=/home/user/fprobocon/build/sim2025_key:${PYTHONPATH} /usr/bin/cmake --install /home/user/fprobocon/build/simulasi-2025
[3.491s] Level 1:colcon.colcon_core.environment:create_environment_scripts_only(simulasi-2025)
[3.491s] Level 1:colcon.colcon_core.environment:checking '/home/user/fprobocon/install/simulasi-2025' for CMake module files
[3.492s] DEBUG:colcon.colcon_core.event_handler.log_command:Invoked command in '/home/user/fprobocon/build/simulasi-2025' returned '0': AMENT_PREFIX_PATH=/home/user/fprobocon/install/sim2025_key:/home/user/fprobocon/install/simulasi-2025:/opt/ros/humble CMAKE_PREFIX_PATH=${CMAKE_PREFIX_PATH}:/home/user/fprobocon/install/sim2025_key:/opt/ros/humble PYTHONPATH=/home/user/fprobocon/build/sim2025_key:${PYTHONPATH} /usr/bin/cmake --install /home/user/fprobocon/build/simulasi-2025
[3.493s] Level 1:colcon.colcon_core.environment:checking '/home/user/fprobocon/install/simulasi-2025' for CMake config files
[3.493s] Level 1:colcon.colcon_core.shell:create_environment_hook('simulasi-2025', 'cmake_prefix_path')
[3.493s] INFO:colcon.colcon_core.shell:Creating environment hook '/home/user/fprobocon/install/simulasi-2025/share/simulasi-2025/hook/cmake_prefix_path.ps1'
[3.494s] INFO:colcon.colcon_core.shell:Creating environment descriptor '/home/user/fprobocon/install/simulasi-2025/share/simulasi-2025/hook/cmake_prefix_path.dsv'
[3.494s] INFO:colcon.colcon_core.shell:Creating environment hook '/home/user/fprobocon/install/simulasi-2025/share/simulasi-2025/hook/cmake_prefix_path.sh'
[3.494s] Level 1:colcon.colcon_core.environment:checking '/home/user/fprobocon/install/simulasi-2025/bin'
[3.495s] Level 1:colcon.colcon_core.environment:checking '/home/user/fprobocon/install/simulasi-2025/lib/pkgconfig/simulasi-2025.pc'
[3.495s] Level 1:colcon.colcon_core.environment:checking '/home/user/fprobocon/install/simulasi-2025/lib/python3.10/site-packages'
[3.495s] Level 1:colcon.colcon_core.environment:checking '/home/user/fprobocon/install/simulasi-2025/bin'
[3.495s] INFO:colcon.colcon_core.shell:Creating package script '/home/user/fprobocon/install/simulasi-2025/share/simulasi-2025/package.ps1'
[3.496s] INFO:colcon.colcon_core.shell:Creating package descriptor '/home/user/fprobocon/install/simulasi-2025/share/simulasi-2025/package.dsv'
[3.496s] INFO:colcon.colcon_core.shell:Creating package script '/home/user/fprobocon/install/simulasi-2025/share/simulasi-2025/package.sh'
[3.497s] INFO:colcon.colcon_core.shell:Creating package script '/home/user/fprobocon/install/simulasi-2025/share/simulasi-2025/package.bash'
[3.497s] INFO:colcon.colcon_core.shell:Creating package script '/home/user/fprobocon/install/simulasi-2025/share/simulasi-2025/package.zsh'
[3.497s] Level 1:colcon.colcon_core.environment:create_file_with_runtime_dependencies(/home/user/fprobocon/install/simulasi-2025/share/colcon-core/packages/simulasi-2025)
[3.529s] Level 1:colcon.colcon_core.environment:create_environment_scripts_only(simulasi-2025)
[3.529s] Level 1:colcon.colcon_core.environment:checking '/home/user/fprobocon/install/simulasi-2025' for CMake module files
[3.530s] Level 1:colcon.colcon_core.environment:checking '/home/user/fprobocon/install/simulasi-2025' for CMake config files
[3.531s] Level 1:colcon.colcon_core.shell:create_environment_hook('simulasi-2025', 'cmake_prefix_path')
[3.531s] INFO:colcon.colcon_core.shell:Creating environment hook '/home/user/fprobocon/install/simulasi-2025/share/simulasi-2025/hook/cmake_prefix_path.ps1'
[3.532s] INFO:colcon.colcon_core.shell:Creating environment descriptor '/home/user/fprobocon/install/simulasi-2025/share/simulasi-2025/hook/cmake_prefix_path.dsv'
[3.532s] INFO:colcon.colcon_core.shell:Creating environment hook '/home/user/fprobocon/install/simulasi-2025/share/simulasi-2025/hook/cmake_prefix_path.sh'
[3.533s] Level 1:colcon.colcon_core.environment:checking '/home/user/fprobocon/install/simulasi-2025/bin'
[3.533s] Level 1:colcon.colcon_core.environment:checking '/home/user/fprobocon/install/simulasi-2025/lib/pkgconfig/simulasi-2025.pc'
[3.533s] Level 1:colcon.colcon_core.environment:checking '/home/user/fprobocon/install/simulasi-2025/lib/python3.10/site-packages'
[3.533s] Level 1:colcon.colcon_core.environment:checking '/home/user/fprobocon/install/simulasi-2025/bin'
[3.534s] INFO:colcon.colcon_core.shell:Creating package script '/home/user/fprobocon/install/simulasi-2025/share/simulasi-2025/package.ps1'
[3.534s] INFO:colcon.colcon_core.shell:Creating package descriptor '/home/user/fprobocon/install/simulasi-2025/share/simulasi-2025/package.dsv'
[3.535s] INFO:colcon.colcon_core.shell:Creating package script '/home/user/fprobocon/install/simulasi-2025/share/simulasi-2025/package.sh'
[3.535s] INFO:colcon.colcon_core.shell:Creating package script '/home/user/fprobocon/install/simulasi-2025/share/simulasi-2025/package.bash'
[3.535s] INFO:colcon.colcon_core.shell:Creating package script '/home/user/fprobocon/install/simulasi-2025/share/simulasi-2025/package.zsh'
[3.536s] Level 1:colcon.colcon_core.environment:create_file_with_runtime_dependencies(/home/user/fprobocon/install/simulasi-2025/share/colcon-core/packages/simulasi-2025)
[3.536s] DEBUG:colcon.colcon_parallel_executor.executor.parallel:closing loop
[3.536s] DEBUG:colcon.colcon_parallel_executor.executor.parallel:loop closed
[3.537s] DEBUG:colcon.colcon_parallel_executor.executor.parallel:run_until_complete finished with '0'
[3.537s] DEBUG:colcon.colcon_core.event_reactor:joining thread
[3.542s] INFO:colcon.colcon_core.plugin_system:Skipping extension 'colcon_notification.desktop_notification.terminal_notifier': Not used on non-Darwin systems
[3.543s] INFO:colcon.colcon_core.plugin_system:Skipping extension 'colcon_notification.desktop_notification.win32': Not used on non-Windows systems
[3.543s] INFO:colcon.colcon_notification.desktop_notification:Sending desktop notification using 'notify2'
[3.554s] DEBUG:colcon.colcon_core.event_reactor:joined thread
[3.555s] INFO:colcon.colcon_core.shell:Creating prefix script '/home/user/fprobocon/install/local_setup.ps1'
[3.556s] INFO:colcon.colcon_core.shell:Creating prefix util module '/home/user/fprobocon/install/_local_setup_util_ps1.py'
[3.558s] INFO:colcon.colcon_core.shell:Creating prefix chain script '/home/user/fprobocon/install/setup.ps1'
[3.559s] INFO:colcon.colcon_core.shell:Creating prefix script '/home/user/fprobocon/install/local_setup.sh'
[3.560s] INFO:colcon.colcon_core.shell:Creating prefix util module '/home/user/fprobocon/install/_local_setup_util_sh.py'
[3.560s] INFO:colcon.colcon_core.shell:Creating prefix chain script '/home/user/fprobocon/install/setup.sh'
[3.561s] INFO:colcon.colcon_core.shell:Creating prefix script '/home/user/fprobocon/install/local_setup.bash'
[3.562s] INFO:colcon.colcon_core.shell:Creating prefix chain script '/home/user/fprobocon/install/setup.bash'
[3.563s] INFO:colcon.colcon_core.shell:Creating prefix script '/home/user/fprobocon/install/local_setup.zsh'
[3.563s] INFO:colcon.colcon_core.shell:Creating prefix chain script '/home/user/fprobocon/install/setup.zsh'
