-- Install configuration: ""
-- Execute custom install script
-- Up-to-date symlink: /home/user/fprobocon/install/simulasi-2025/share/simulasi-2025/launch/display.launch.py
-- Up-to-date symlink: /home/user/fprobocon/install/simulasi-2025/share/simulasi-2025/rviz/navigation.rviz
-- Up-to-date symlink: /home/user/fprobocon/install/simulasi-2025/share/simulasi-2025/rviz/rvizconfig.rviz
-- Up-to-date symlink: /home/user/fprobocon/install/simulasi-2025/share/simulasi-2025/rviz/urdf_config.rviz
-- Up-to-date symlink: /home/user/fprobocon/install/simulasi-2025/share/simulasi-2025/config/localization/ekf.yaml
-- Up-to-date symlink: /home/user/fprobocon/install/simulasi-2025/share/simulasi-2025/config/localization/online_async_slam.yaml
-- Up-to-date symlink: /home/user/fprobocon/install/simulasi-2025/share/simulasi-2025/config/nav2_params.yaml
-- Up-to-date symlink: /home/user/fprobocon/install/simulasi-2025/share/simulasi-2025/worlds/my_world.sdf
-- Up-to-date symlink: /home/user/fprobocon/install/simulasi-2025/share/simulasi-2025/models/lapangan/lapangan.sdf
-- Up-to-date symlink: /home/user/fprobocon/install/simulasi-2025/share/simulasi-2025/models/lapangan/meshes/lapangan.dae
-- Up-to-date symlink: /home/user/fprobocon/install/simulasi-2025/share/simulasi-2025/models/lapangan/model.config
-- Up-to-date symlink: /home/user/fprobocon/install/simulasi-2025/share/simulasi-2025/description/diff_drive_description.urdf
-- Up-to-date symlink: /home/user/fprobocon/install/simulasi-2025/share/simulasi-2025/maps/mapku.data
-- Up-to-date symlink: /home/user/fprobocon/install/simulasi-2025/share/simulasi-2025/maps/mapku.posegraph
-- Up-to-date symlink: /home/user/fprobocon/install/simulasi-2025/share/simulasi-2025/maps/mapkuh.pgm
-- Up-to-date symlink: /home/user/fprobocon/install/simulasi-2025/share/simulasi-2025/maps/mapkuh.yaml
-- Up-to-date symlink: /home/user/fprobocon/install/simulasi-2025/share/simulasi-2025/environment/simulasi-2025.dsv
-- Up-to-date symlink: /home/user/fprobocon/install/simulasi-2025/share/simulasi-2025/environment/simulasi-2025.sh
-- Up-to-date symlink: /home/user/fprobocon/install/simulasi-2025/share/ament_index/resource_index/package_run_dependencies/simulasi-2025
-- Up-to-date symlink: /home/user/fprobocon/install/simulasi-2025/share/ament_index/resource_index/parent_prefix_path/simulasi-2025
-- Up-to-date symlink: /home/user/fprobocon/install/simulasi-2025/share/simulasi-2025/environment/ament_prefix_path.sh
-- Up-to-date symlink: /home/user/fprobocon/install/simulasi-2025/share/simulasi-2025/environment/ament_prefix_path.dsv
-- Up-to-date symlink: /home/user/fprobocon/install/simulasi-2025/share/simulasi-2025/environment/path.sh
-- Up-to-date symlink: /home/user/fprobocon/install/simulasi-2025/share/simulasi-2025/environment/path.dsv
-- Up-to-date symlink: /home/user/fprobocon/install/simulasi-2025/share/simulasi-2025/local_setup.bash
-- Up-to-date symlink: /home/user/fprobocon/install/simulasi-2025/share/simulasi-2025/local_setup.sh
-- Up-to-date symlink: /home/user/fprobocon/install/simulasi-2025/share/simulasi-2025/local_setup.zsh
-- Up-to-date symlink: /home/user/fprobocon/install/simulasi-2025/share/simulasi-2025/local_setup.dsv
-- Symlinking: /home/user/fprobocon/install/simulasi-2025/share/simulasi-2025/package.dsv
-- Up-to-date symlink: /home/user/fprobocon/install/simulasi-2025/share/ament_index/resource_index/packages/simulasi-2025
-- Up-to-date symlink: /home/user/fprobocon/install/simulasi-2025/share/simulasi-2025/cmake/ament_cmake_export_dependencies-extras.cmake
-- Up-to-date symlink: /home/user/fprobocon/install/simulasi-2025/share/simulasi-2025/cmake/simulasi-2025Config.cmake
-- Up-to-date symlink: /home/user/fprobocon/install/simulasi-2025/share/simulasi-2025/cmake/simulasi-2025Config-version.cmake
-- Up-to-date symlink: /home/user/fprobocon/install/simulasi-2025/share/simulasi-2025/package.xml
