running develop
/usr/lib/python3/dist-packages/setuptools/command/easy_install.py:158: EasyInstallDeprecationWarning: easy_install command is deprecated. Use build and pip and other standards-based tools.
  warnings.warn(
running egg_info
creating sim2025_key.egg-info
writing sim2025_key.egg-info/PKG-INFO
writing dependency_links to sim2025_key.egg-info/dependency_links.txt
writing entry points to sim2025_key.egg-info/entry_points.txt
writing requirements to sim2025_key.egg-info/requires.txt
writing top-level names to sim2025_key.egg-info/top_level.txt
writing manifest file 'sim2025_key.egg-info/SOURCES.txt'
reading manifest file 'sim2025_key.egg-info/SOURCES.txt'
writing manifest file 'sim2025_key.egg-info/SOURCES.txt'
running build_ext
Creating /home/user/fprobocon/install/sim2025_key/lib/python3.10/site-packages/sim2025-key.egg-link (link to .)
Installing keyboard_teleop script to /home/user/fprobocon/install/sim2025_key/lib/sim2025_key

Installed /home/user/fprobocon/build/sim2025_key
running symlink_data
creating /home/user/fprobocon/install/sim2025_key/share/ament_index
creating /home/user/fprobocon/install/sim2025_key/share/ament_index/resource_index
creating /home/user/fprobocon/install/sim2025_key/share/ament_index/resource_index/packages
symbolically linking /home/user/fprobocon/build/sim2025_key/resource/sim2025_key -> /home/user/fprobocon/install/sim2025_key/share/ament_index/resource_index/packages
symbolically linking /home/user/fprobocon/build/sim2025_key/package.xml -> /home/user/fprobocon/install/sim2025_key/share/sim2025_key
