[0.768s] Invoking command in '/home/user/fprobocon/build/sim2025_key': PYTHONPATH=/home/user/fprobocon/build/sim2025_key/prefix_override:/usr/lib/python3/dist-packages/colcon_core/task/python/colcon_distutils_commands:/home/user/fprobocon/install/sim2025_key/lib/python3.10/site-packages:${PYTHONPATH} /usr/bin/python3 -W ignore:setup.py install is deprecated setup.py develop --editable --build-directory /home/user/fprobocon/build/sim2025_key/build --no-deps symlink_data
[1.091s] running develop
[1.091s] /usr/lib/python3/dist-packages/setuptools/command/easy_install.py:158: EasyInstallDeprecationWarning: easy_install command is deprecated. Use build and pip and other standards-based tools.
[1.091s]   warnings.warn(
[1.301s] running egg_info
[1.301s] creating sim2025_key.egg-info
[1.301s] writing sim2025_key.egg-info/PKG-INFO
[1.302s] writing dependency_links to sim2025_key.egg-info/dependency_links.txt
[1.302s] writing entry points to sim2025_key.egg-info/entry_points.txt
[1.302s] writing requirements to sim2025_key.egg-info/requires.txt
[1.302s] writing top-level names to sim2025_key.egg-info/top_level.txt
[1.303s] writing manifest file 'sim2025_key.egg-info/SOURCES.txt'
[1.305s] reading manifest file 'sim2025_key.egg-info/SOURCES.txt'
[1.306s] writing manifest file 'sim2025_key.egg-info/SOURCES.txt'
[1.308s] running build_ext
[1.309s] Creating /home/user/fprobocon/install/sim2025_key/lib/python3.10/site-packages/sim2025-key.egg-link (link to .)
[1.310s] Installing keyboard_teleop script to /home/user/fprobocon/install/sim2025_key/lib/sim2025_key
[1.310s] 
[1.310s] Installed /home/user/fprobocon/build/sim2025_key
[1.310s] running symlink_data
[1.311s] creating /home/user/fprobocon/install/sim2025_key/share/ament_index
[1.311s] creating /home/user/fprobocon/install/sim2025_key/share/ament_index/resource_index
[1.311s] creating /home/user/fprobocon/install/sim2025_key/share/ament_index/resource_index/packages
[1.311s] symbolically linking /home/user/fprobocon/build/sim2025_key/resource/sim2025_key -> /home/user/fprobocon/install/sim2025_key/share/ament_index/resource_index/packages
[1.311s] symbolically linking /home/user/fprobocon/build/sim2025_key/package.xml -> /home/user/fprobocon/install/sim2025_key/share/sim2025_key
[1.392s] Invoked command in '/home/user/fprobocon/build/sim2025_key' returned '0': PYTHONPATH=/home/user/fprobocon/build/sim2025_key/prefix_override:/usr/lib/python3/dist-packages/colcon_core/task/python/colcon_distutils_commands:/home/user/fprobocon/install/sim2025_key/lib/python3.10/site-packages:${PYTHONPATH} /usr/bin/python3 -W ignore:setup.py install is deprecated setup.py develop --editable --build-directory /home/user/fprobocon/build/sim2025_key/build --no-deps symlink_data
