[0.369s] DEBUG:colcon:Command line arguments: ['/usr/bin/colcon', 'build', '--packages-select', 'file_handling']
[0.369s] DEBUG:colcon:Parsed command line arguments: Namespace(log_base=None, log_level=None, verb_name='build', build_base='build', install_base='install', merge_install=False, symlink_install=False, test_result_base=None, continue_on_error=False, executor='parallel', parallel_workers=16, event_handlers=None, ignore_user_meta=False, metas=['./colcon.meta'], base_paths=['.'], packages_ignore=None, packages_ignore_regex=None, paths=None, packages_up_to=None, packages_up_to_regex=None, packages_above=None, packages_above_and_dependencies=None, packages_above_depth=None, packages_select_by_dep=None, packages_skip_by_dep=None, packages_skip_up_to=None, packages_select_build_failed=False, packages_skip_build_finished=False, packages_select_test_failures=False, packages_skip_test_passed=False, packages_select=['file_handling'], packages_skip=None, packages_select_regex=None, packages_skip_regex=None, packages_start=None, packages_end=None, allow_overriding=[], cmake_args=None, cmake_target=None, cmake_target_skip_unavailable=False, cmake_clean_cache=False, cmake_clean_first=False, cmake_force_configure=False, ament_cmake_args=None, catkin_cmake_args=None, catkin_skip_building_tests=False, verb_parser=<colcon_defaults.argument_parser.defaults.DefaultArgumentsDecorator object at 0x74c693d49ba0>, verb_extension=<colcon_core.verb.build.BuildVerb object at 0x74c693d49690>, main=<bound method BuildVerb.main of <colcon_core.verb.build.BuildVerb object at 0x74c693d49690>>)
[0.512s] Level 1:colcon.colcon_core.package_discovery:discover_packages(colcon_meta) check parameters
[0.512s] Level 1:colcon.colcon_core.package_discovery:discover_packages(recursive) check parameters
[0.512s] Level 1:colcon.colcon_core.package_discovery:discover_packages(ignore) check parameters
[0.512s] Level 1:colcon.colcon_core.package_discovery:discover_packages(path) check parameters
[0.512s] Level 1:colcon.colcon_core.package_discovery:discover_packages(colcon_meta) discover
[0.512s] Level 1:colcon.colcon_core.package_discovery:discover_packages(recursive) discover
[0.512s] INFO:colcon.colcon_core.package_discovery:Crawling recursively for packages in '/home/user/fprobocon'
[0.513s] Level 1:colcon.colcon_core.package_identification:_identify(.) by extensions ['ignore', 'ignore_ament_install']
[0.513s] Level 1:colcon.colcon_core.package_identification:_identify(.) by extension 'ignore'
[0.513s] Level 1:colcon.colcon_core.package_identification:_identify(.) by extension 'ignore_ament_install'
[0.513s] Level 1:colcon.colcon_core.package_identification:_identify(.) by extensions ['colcon_pkg']
[0.513s] Level 1:colcon.colcon_core.package_identification:_identify(.) by extension 'colcon_pkg'
[0.513s] Level 1:colcon.colcon_core.package_identification:_identify(.) by extensions ['colcon_meta']
[0.513s] Level 1:colcon.colcon_core.package_identification:_identify(.) by extension 'colcon_meta'
[0.513s] Level 1:colcon.colcon_core.package_identification:_identify(.) by extensions ['ros']
[0.513s] Level 1:colcon.colcon_core.package_identification:_identify(.) by extension 'ros'
[0.524s] Level 1:colcon.colcon_core.package_identification:_identify(.) by extensions ['cmake', 'python']
[0.524s] Level 1:colcon.colcon_core.package_identification:_identify(.) by extension 'cmake'
[0.524s] Level 1:colcon.colcon_core.package_identification:_identify(.) by extension 'python'
[0.524s] Level 1:colcon.colcon_core.package_identification:_identify(.) by extensions ['python_setup_py']
[0.524s] Level 1:colcon.colcon_core.package_identification:_identify(.) by extension 'python_setup_py'
[0.524s] Level 1:colcon.colcon_core.package_identification:_identify(build) by extensions ['ignore', 'ignore_ament_install']
[0.524s] Level 1:colcon.colcon_core.package_identification:_identify(build) by extension 'ignore'
[0.524s] Level 1:colcon.colcon_core.package_identification:_identify(build) ignored
[0.524s] Level 1:colcon.colcon_core.package_identification:_identify(config) by extensions ['ignore', 'ignore_ament_install']
[0.524s] Level 1:colcon.colcon_core.package_identification:_identify(config) by extension 'ignore'
[0.524s] Level 1:colcon.colcon_core.package_identification:_identify(config) by extension 'ignore_ament_install'
[0.524s] Level 1:colcon.colcon_core.package_identification:_identify(config) by extensions ['colcon_pkg']
[0.524s] Level 1:colcon.colcon_core.package_identification:_identify(config) by extension 'colcon_pkg'
[0.524s] Level 1:colcon.colcon_core.package_identification:_identify(config) by extensions ['colcon_meta']
[0.524s] Level 1:colcon.colcon_core.package_identification:_identify(config) by extension 'colcon_meta'
[0.524s] Level 1:colcon.colcon_core.package_identification:_identify(config) by extensions ['ros']
[0.524s] Level 1:colcon.colcon_core.package_identification:_identify(config) by extension 'ros'
[0.525s] Level 1:colcon.colcon_core.package_identification:_identify(config) by extensions ['cmake', 'python']
[0.525s] Level 1:colcon.colcon_core.package_identification:_identify(config) by extension 'cmake'
[0.525s] Level 1:colcon.colcon_core.package_identification:_identify(config) by extension 'python'
[0.525s] Level 1:colcon.colcon_core.package_identification:_identify(config) by extensions ['python_setup_py']
[0.525s] Level 1:colcon.colcon_core.package_identification:_identify(config) by extension 'python_setup_py'
[0.525s] Level 1:colcon.colcon_core.package_identification:_identify(install) by extensions ['ignore', 'ignore_ament_install']
[0.525s] Level 1:colcon.colcon_core.package_identification:_identify(install) by extension 'ignore'
[0.525s] Level 1:colcon.colcon_core.package_identification:_identify(install) ignored
[0.525s] Level 1:colcon.colcon_core.package_identification:_identify(log) by extensions ['ignore', 'ignore_ament_install']
[0.525s] Level 1:colcon.colcon_core.package_identification:_identify(log) by extension 'ignore'
[0.525s] Level 1:colcon.colcon_core.package_identification:_identify(log) ignored
[0.525s] Level 1:colcon.colcon_core.package_identification:_identify(src) by extensions ['ignore', 'ignore_ament_install']
[0.525s] Level 1:colcon.colcon_core.package_identification:_identify(src) by extension 'ignore'
[0.525s] Level 1:colcon.colcon_core.package_identification:_identify(src) by extension 'ignore_ament_install'
[0.525s] Level 1:colcon.colcon_core.package_identification:_identify(src) by extensions ['colcon_pkg']
[0.525s] Level 1:colcon.colcon_core.package_identification:_identify(src) by extension 'colcon_pkg'
[0.525s] Level 1:colcon.colcon_core.package_identification:_identify(src) by extensions ['colcon_meta']
[0.525s] Level 1:colcon.colcon_core.package_identification:_identify(src) by extension 'colcon_meta'
[0.525s] Level 1:colcon.colcon_core.package_identification:_identify(src) by extensions ['ros']
[0.525s] Level 1:colcon.colcon_core.package_identification:_identify(src) by extension 'ros'
[0.525s] Level 1:colcon.colcon_core.package_identification:_identify(src) by extensions ['cmake', 'python']
[0.526s] Level 1:colcon.colcon_core.package_identification:_identify(src) by extension 'cmake'
[0.526s] Level 1:colcon.colcon_core.package_identification:_identify(src) by extension 'python'
[0.526s] Level 1:colcon.colcon_core.package_identification:_identify(src) by extensions ['python_setup_py']
[0.526s] Level 1:colcon.colcon_core.package_identification:_identify(src) by extension 'python_setup_py'
[0.526s] Level 1:colcon.colcon_core.package_identification:_identify(src/build) by extensions ['ignore', 'ignore_ament_install']
[0.526s] Level 1:colcon.colcon_core.package_identification:_identify(src/build) by extension 'ignore'
[0.526s] Level 1:colcon.colcon_core.package_identification:_identify(src/build) ignored
[0.526s] Level 1:colcon.colcon_core.package_identification:_identify(src/file_handling) by extensions ['ignore', 'ignore_ament_install']
[0.526s] Level 1:colcon.colcon_core.package_identification:_identify(src/file_handling) by extension 'ignore'
[0.526s] Level 1:colcon.colcon_core.package_identification:_identify(src/file_handling) by extension 'ignore_ament_install'
[0.526s] Level 1:colcon.colcon_core.package_identification:_identify(src/file_handling) by extensions ['colcon_pkg']
[0.526s] Level 1:colcon.colcon_core.package_identification:_identify(src/file_handling) by extension 'colcon_pkg'
[0.526s] Level 1:colcon.colcon_core.package_identification:_identify(src/file_handling) by extensions ['colcon_meta']
[0.526s] Level 1:colcon.colcon_core.package_identification:_identify(src/file_handling) by extension 'colcon_meta'
[0.526s] Level 1:colcon.colcon_core.package_identification:_identify(src/file_handling) by extensions ['ros']
[0.526s] Level 1:colcon.colcon_core.package_identification:_identify(src/file_handling) by extension 'ros'
[0.528s] DEBUG:colcon.colcon_core.package_identification:Package 'src/file_handling' with type 'ros.ament_cmake' and name 'file_handling'
[0.528s] Level 1:colcon.colcon_core.package_identification:_identify(src/install) by extensions ['ignore', 'ignore_ament_install']
[0.528s] Level 1:colcon.colcon_core.package_identification:_identify(src/install) by extension 'ignore'
[0.529s] Level 1:colcon.colcon_core.package_identification:_identify(src/install) ignored
[0.529s] Level 1:colcon.colcon_core.package_identification:_identify(src/joystick_controller) by extensions ['ignore', 'ignore_ament_install']
[0.529s] Level 1:colcon.colcon_core.package_identification:_identify(src/joystick_controller) by extension 'ignore'
[0.529s] Level 1:colcon.colcon_core.package_identification:_identify(src/joystick_controller) by extension 'ignore_ament_install'
[0.529s] Level 1:colcon.colcon_core.package_identification:_identify(src/joystick_controller) by extensions ['colcon_pkg']
[0.529s] Level 1:colcon.colcon_core.package_identification:_identify(src/joystick_controller) by extension 'colcon_pkg'
[0.529s] Level 1:colcon.colcon_core.package_identification:_identify(src/joystick_controller) by extensions ['colcon_meta']
[0.529s] Level 1:colcon.colcon_core.package_identification:_identify(src/joystick_controller) by extension 'colcon_meta'
[0.529s] Level 1:colcon.colcon_core.package_identification:_identify(src/joystick_controller) by extensions ['ros']
[0.529s] Level 1:colcon.colcon_core.package_identification:_identify(src/joystick_controller) by extension 'ros'
[0.529s] DEBUG:colcon.colcon_core.package_identification:Package 'src/joystick_controller' with type 'ros.ament_python' and name 'joystick_controller'
[0.529s] Level 1:colcon.colcon_core.package_identification:_identify(src/keyboard_controller) by extensions ['ignore', 'ignore_ament_install']
[0.530s] Level 1:colcon.colcon_core.package_identification:_identify(src/keyboard_controller) by extension 'ignore'
[0.530s] Level 1:colcon.colcon_core.package_identification:_identify(src/keyboard_controller) by extension 'ignore_ament_install'
[0.530s] Level 1:colcon.colcon_core.package_identification:_identify(src/keyboard_controller) by extensions ['colcon_pkg']
[0.530s] Level 1:colcon.colcon_core.package_identification:_identify(src/keyboard_controller) by extension 'colcon_pkg'
[0.530s] Level 1:colcon.colcon_core.package_identification:_identify(src/keyboard_controller) by extensions ['colcon_meta']
[0.530s] Level 1:colcon.colcon_core.package_identification:_identify(src/keyboard_controller) by extension 'colcon_meta'
[0.530s] Level 1:colcon.colcon_core.package_identification:_identify(src/keyboard_controller) by extensions ['ros']
[0.530s] Level 1:colcon.colcon_core.package_identification:_identify(src/keyboard_controller) by extension 'ros'
[0.530s] DEBUG:colcon.colcon_core.package_identification:Package 'src/keyboard_controller' with type 'ros.ament_python' and name 'keyboard_controller'
[0.530s] Level 1:colcon.colcon_core.package_identification:_identify(src/log) by extensions ['ignore', 'ignore_ament_install']
[0.530s] Level 1:colcon.colcon_core.package_identification:_identify(src/log) by extension 'ignore'
[0.530s] Level 1:colcon.colcon_core.package_identification:_identify(src/log) ignored
[0.531s] Level 1:colcon.colcon_core.package_identification:_identify(src/move_to_target) by extensions ['ignore', 'ignore_ament_install']
[0.531s] Level 1:colcon.colcon_core.package_identification:_identify(src/move_to_target) by extension 'ignore'
[0.531s] Level 1:colcon.colcon_core.package_identification:_identify(src/move_to_target) by extension 'ignore_ament_install'
[0.531s] Level 1:colcon.colcon_core.package_identification:_identify(src/move_to_target) by extensions ['colcon_pkg']
[0.531s] Level 1:colcon.colcon_core.package_identification:_identify(src/move_to_target) by extension 'colcon_pkg'
[0.531s] Level 1:colcon.colcon_core.package_identification:_identify(src/move_to_target) by extensions ['colcon_meta']
[0.531s] Level 1:colcon.colcon_core.package_identification:_identify(src/move_to_target) by extension 'colcon_meta'
[0.531s] Level 1:colcon.colcon_core.package_identification:_identify(src/move_to_target) by extensions ['ros']
[0.531s] Level 1:colcon.colcon_core.package_identification:_identify(src/move_to_target) by extension 'ros'
[0.531s] DEBUG:colcon.colcon_core.package_identification:Package 'src/move_to_target' with type 'ros.ament_cmake' and name 'move_to_target'
[0.532s] Level 1:colcon.colcon_core.package_identification:_identify(src/simulasi-2025) by extensions ['ignore', 'ignore_ament_install']
[0.532s] Level 1:colcon.colcon_core.package_identification:_identify(src/simulasi-2025) by extension 'ignore'
[0.532s] Level 1:colcon.colcon_core.package_identification:_identify(src/simulasi-2025) by extension 'ignore_ament_install'
[0.532s] Level 1:colcon.colcon_core.package_identification:_identify(src/simulasi-2025) by extensions ['colcon_pkg']
[0.532s] Level 1:colcon.colcon_core.package_identification:_identify(src/simulasi-2025) by extension 'colcon_pkg'
[0.532s] Level 1:colcon.colcon_core.package_identification:_identify(src/simulasi-2025) by extensions ['colcon_meta']
[0.532s] Level 1:colcon.colcon_core.package_identification:_identify(src/simulasi-2025) by extension 'colcon_meta'
[0.532s] Level 1:colcon.colcon_core.package_identification:_identify(src/simulasi-2025) by extensions ['ros']
[0.532s] Level 1:colcon.colcon_core.package_identification:_identify(src/simulasi-2025) by extension 'ros'
[0.532s] DEBUG:colcon.colcon_core.package_identification:Package 'src/simulasi-2025' with type 'ros.ament_cmake' and name 'simulasi-2025'
[0.532s] Level 1:colcon.colcon_core.package_discovery:discover_packages(recursive) using defaults
[0.532s] Level 1:colcon.colcon_core.package_discovery:discover_packages(ignore) discover
[0.532s] Level 1:colcon.colcon_core.package_discovery:discover_packages(ignore) using defaults
[0.532s] Level 1:colcon.colcon_core.package_discovery:discover_packages(path) discover
[0.532s] Level 1:colcon.colcon_core.package_discovery:discover_packages(path) using defaults
[0.571s] INFO:colcon.colcon_core.package_selection:Skipping not selected package 'joystick_controller' in 'src/joystick_controller'
[0.571s] INFO:colcon.colcon_core.package_selection:Skipping not selected package 'keyboard_controller' in 'src/keyboard_controller'
[0.571s] INFO:colcon.colcon_core.package_selection:Skipping not selected package 'move_to_target' in 'src/move_to_target'
[0.571s] INFO:colcon.colcon_core.package_selection:Skipping not selected package 'simulasi-2025' in 'src/simulasi-2025'
[0.571s] Level 1:colcon.colcon_core.package_discovery:discover_packages(prefix_path) check parameters
[0.572s] Level 1:colcon.colcon_core.package_discovery:discover_packages(prefix_path) discover
[0.574s] DEBUG:colcon.colcon_installed_package_information.package_discovery:Found 403 installed packages in /opt/ros/humble
[0.575s] Level 1:colcon.colcon_core.package_discovery:discover_packages(prefix_path) using defaults
[0.618s] Level 5:colcon.colcon_core.verb:set package 'file_handling' build argument 'cmake_args' from command line to 'None'
[0.618s] Level 5:colcon.colcon_core.verb:set package 'file_handling' build argument 'cmake_target' from command line to 'None'
[0.618s] Level 5:colcon.colcon_core.verb:set package 'file_handling' build argument 'cmake_target_skip_unavailable' from command line to 'False'
[0.618s] Level 5:colcon.colcon_core.verb:set package 'file_handling' build argument 'cmake_clean_cache' from command line to 'False'
[0.618s] Level 5:colcon.colcon_core.verb:set package 'file_handling' build argument 'cmake_clean_first' from command line to 'False'
[0.618s] Level 5:colcon.colcon_core.verb:set package 'file_handling' build argument 'cmake_force_configure' from command line to 'False'
[0.618s] Level 5:colcon.colcon_core.verb:set package 'file_handling' build argument 'ament_cmake_args' from command line to 'None'
[0.618s] Level 5:colcon.colcon_core.verb:set package 'file_handling' build argument 'catkin_cmake_args' from command line to 'None'
[0.618s] Level 5:colcon.colcon_core.verb:set package 'file_handling' build argument 'catkin_skip_building_tests' from command line to 'False'
[0.618s] DEBUG:colcon.colcon_core.verb:Building package 'file_handling' with the following arguments: {'ament_cmake_args': None, 'build_base': '/home/user/fprobocon/build/file_handling', 'catkin_cmake_args': None, 'catkin_skip_building_tests': False, 'cmake_args': None, 'cmake_clean_cache': False, 'cmake_clean_first': False, 'cmake_force_configure': False, 'cmake_target': None, 'cmake_target_skip_unavailable': False, 'install_base': '/home/user/fprobocon/install/file_handling', 'merge_install': False, 'path': '/home/user/fprobocon/src/file_handling', 'symlink_install': False, 'test_result_base': None}
[0.619s] INFO:colcon.colcon_core.executor:Executing jobs using 'parallel' executor
[0.619s] DEBUG:colcon.colcon_parallel_executor.executor.parallel:run_until_complete
[0.620s] INFO:colcon.colcon_ros.task.ament_cmake.build:Building ROS package in '/home/user/fprobocon/src/file_handling' with build type 'ament_cmake'
[0.620s] INFO:colcon.colcon_cmake.task.cmake.build:Building CMake package in '/home/user/fprobocon/src/file_handling'
[0.621s] INFO:colcon.colcon_core.plugin_system:Skipping extension 'colcon_core.shell.bat': Not used on non-Windows systems
[0.622s] INFO:colcon.colcon_core.shell:Skip shell extension 'powershell' for command environment: Not usable outside of PowerShell
[0.622s] DEBUG:colcon.colcon_core.shell:Skip shell extension 'dsv' for command environment
[0.633s] DEBUG:colcon.colcon_core.event_handler.log_command:Invoking command in '/home/user/fprobocon/build/file_handling': CMAKE_PREFIX_PATH=/opt/ros/humble /usr/bin/cmake --build /home/user/fprobocon/build/file_handling -- -j16 -l16
[13.440s] DEBUG:colcon.colcon_core.event_handler.log_command:Invoked command in '/home/user/fprobocon/build/file_handling' returned '0': CMAKE_PREFIX_PATH=/opt/ros/humble /usr/bin/cmake --build /home/user/fprobocon/build/file_handling -- -j16 -l16
[13.482s] DEBUG:colcon.colcon_core.event_handler.log_command:Invoking command in '/home/user/fprobocon/build/file_handling': CMAKE_PREFIX_PATH=/opt/ros/humble /usr/bin/cmake --install /home/user/fprobocon/build/file_handling
[13.498s] Level 1:colcon.colcon_core.environment:create_environment_scripts_only(file_handling)
[13.499s] DEBUG:colcon.colcon_core.event_handler.log_command:Invoked command in '/home/user/fprobocon/build/file_handling' returned '0': CMAKE_PREFIX_PATH=/opt/ros/humble /usr/bin/cmake --install /home/user/fprobocon/build/file_handling
[13.501s] Level 1:colcon.colcon_core.environment:checking '/home/user/fprobocon/install/file_handling' for CMake module files
[13.501s] Level 1:colcon.colcon_core.environment:checking '/home/user/fprobocon/install/file_handling' for CMake config files
[13.501s] Level 1:colcon.colcon_core.shell:create_environment_hook('file_handling', 'cmake_prefix_path')
[13.502s] INFO:colcon.colcon_core.shell:Creating environment hook '/home/user/fprobocon/install/file_handling/share/file_handling/hook/cmake_prefix_path.ps1'
[13.502s] INFO:colcon.colcon_core.shell:Creating environment descriptor '/home/user/fprobocon/install/file_handling/share/file_handling/hook/cmake_prefix_path.dsv'
[13.503s] INFO:colcon.colcon_core.shell:Creating environment hook '/home/user/fprobocon/install/file_handling/share/file_handling/hook/cmake_prefix_path.sh'
[13.504s] Level 1:colcon.colcon_core.environment:checking '/home/user/fprobocon/install/file_handling/lib'
[13.504s] Level 1:colcon.colcon_core.environment:checking '/home/user/fprobocon/install/file_handling/bin'
[13.504s] Level 1:colcon.colcon_core.environment:checking '/home/user/fprobocon/install/file_handling/lib/pkgconfig/file_handling.pc'
[13.504s] Level 1:colcon.colcon_core.environment:checking '/home/user/fprobocon/install/file_handling/lib/python3.10/site-packages'
[13.504s] Level 1:colcon.colcon_core.environment:checking '/home/user/fprobocon/install/file_handling/bin'
[13.504s] INFO:colcon.colcon_core.shell:Creating package script '/home/user/fprobocon/install/file_handling/share/file_handling/package.ps1'
[13.505s] INFO:colcon.colcon_core.shell:Creating package descriptor '/home/user/fprobocon/install/file_handling/share/file_handling/package.dsv'
[13.505s] INFO:colcon.colcon_core.shell:Creating package script '/home/user/fprobocon/install/file_handling/share/file_handling/package.sh'
[13.506s] INFO:colcon.colcon_core.shell:Creating package script '/home/user/fprobocon/install/file_handling/share/file_handling/package.bash'
[13.507s] INFO:colcon.colcon_core.shell:Creating package script '/home/user/fprobocon/install/file_handling/share/file_handling/package.zsh'
[13.507s] Level 1:colcon.colcon_core.environment:create_file_with_runtime_dependencies(/home/user/fprobocon/install/file_handling/share/colcon-core/packages/file_handling)
[13.536s] Level 1:colcon.colcon_core.environment:create_environment_scripts_only(file_handling)
[13.537s] Level 1:colcon.colcon_core.environment:checking '/home/user/fprobocon/install/file_handling' for CMake module files
[13.537s] Level 1:colcon.colcon_core.environment:checking '/home/user/fprobocon/install/file_handling' for CMake config files
[13.537s] Level 1:colcon.colcon_core.shell:create_environment_hook('file_handling', 'cmake_prefix_path')
[13.538s] INFO:colcon.colcon_core.shell:Creating environment hook '/home/user/fprobocon/install/file_handling/share/file_handling/hook/cmake_prefix_path.ps1'
[13.538s] INFO:colcon.colcon_core.shell:Creating environment descriptor '/home/user/fprobocon/install/file_handling/share/file_handling/hook/cmake_prefix_path.dsv'
[13.538s] INFO:colcon.colcon_core.shell:Creating environment hook '/home/user/fprobocon/install/file_handling/share/file_handling/hook/cmake_prefix_path.sh'
[13.539s] Level 1:colcon.colcon_core.environment:checking '/home/user/fprobocon/install/file_handling/lib'
[13.539s] Level 1:colcon.colcon_core.environment:checking '/home/user/fprobocon/install/file_handling/bin'
[13.539s] Level 1:colcon.colcon_core.environment:checking '/home/user/fprobocon/install/file_handling/lib/pkgconfig/file_handling.pc'
[13.539s] Level 1:colcon.colcon_core.environment:checking '/home/user/fprobocon/install/file_handling/lib/python3.10/site-packages'
[13.539s] Level 1:colcon.colcon_core.environment:checking '/home/user/fprobocon/install/file_handling/bin'
[13.539s] INFO:colcon.colcon_core.shell:Creating package script '/home/user/fprobocon/install/file_handling/share/file_handling/package.ps1'
[13.540s] INFO:colcon.colcon_core.shell:Creating package descriptor '/home/user/fprobocon/install/file_handling/share/file_handling/package.dsv'
[13.540s] INFO:colcon.colcon_core.shell:Creating package script '/home/user/fprobocon/install/file_handling/share/file_handling/package.sh'
[13.541s] INFO:colcon.colcon_core.shell:Creating package script '/home/user/fprobocon/install/file_handling/share/file_handling/package.bash'
[13.541s] INFO:colcon.colcon_core.shell:Creating package script '/home/user/fprobocon/install/file_handling/share/file_handling/package.zsh'
[13.541s] Level 1:colcon.colcon_core.environment:create_file_with_runtime_dependencies(/home/user/fprobocon/install/file_handling/share/colcon-core/packages/file_handling)
[13.542s] DEBUG:colcon.colcon_parallel_executor.executor.parallel:closing loop
[13.542s] DEBUG:colcon.colcon_parallel_executor.executor.parallel:loop closed
[13.542s] DEBUG:colcon.colcon_parallel_executor.executor.parallel:run_until_complete finished with '0'
[13.542s] DEBUG:colcon.colcon_core.event_reactor:joining thread
[13.548s] INFO:colcon.colcon_core.plugin_system:Skipping extension 'colcon_notification.desktop_notification.terminal_notifier': Not used on non-Darwin systems
[13.548s] INFO:colcon.colcon_core.plugin_system:Skipping extension 'colcon_notification.desktop_notification.win32': Not used on non-Windows systems
[13.548s] INFO:colcon.colcon_notification.desktop_notification:Sending desktop notification using 'notify2'
[13.552s] DEBUG:colcon.colcon_core.event_reactor:joined thread
[13.552s] INFO:colcon.colcon_core.shell:Creating prefix script '/home/user/fprobocon/install/local_setup.ps1'
[13.553s] INFO:colcon.colcon_core.shell:Creating prefix util module '/home/user/fprobocon/install/_local_setup_util_ps1.py'
[13.554s] INFO:colcon.colcon_core.shell:Creating prefix chain script '/home/user/fprobocon/install/setup.ps1'
[13.555s] INFO:colcon.colcon_core.shell:Creating prefix script '/home/user/fprobocon/install/local_setup.sh'
[13.555s] INFO:colcon.colcon_core.shell:Creating prefix util module '/home/user/fprobocon/install/_local_setup_util_sh.py'
[13.556s] INFO:colcon.colcon_core.shell:Creating prefix chain script '/home/user/fprobocon/install/setup.sh'
[13.557s] INFO:colcon.colcon_core.shell:Creating prefix script '/home/user/fprobocon/install/local_setup.bash'
[13.557s] INFO:colcon.colcon_core.shell:Creating prefix chain script '/home/user/fprobocon/install/setup.bash'
[13.558s] INFO:colcon.colcon_core.shell:Creating prefix script '/home/user/fprobocon/install/local_setup.zsh'
[13.559s] INFO:colcon.colcon_core.shell:Creating prefix chain script '/home/user/fprobocon/install/setup.zsh'
