[0.454s] Invoking command in '/home/user/fprobocon/src/joystick_controller': PYTHONPATH=/home/user/fprobocon/build/joystick_controller/prefix_override:/usr/lib/python3/dist-packages/colcon_core/task/python/colcon_distutils_commands:/home/user/fprobocon/install/joystick_controller/lib/python3.10/site-packages:${PYTHONPATH} /usr/bin/python3 -W ignore:setup.py install is deprecated setup.py egg_info --egg-base ../../build/joystick_controller build --build-base /home/user/fprobocon/build/joystick_controller/build install --record /home/user/fprobocon/build/joystick_controller/install.log --single-version-externally-managed install_data
[0.624s] running egg_info
[0.624s] writing ../../build/joystick_controller/joystick_controller.egg-info/PKG-INFO
[0.624s] writing dependency_links to ../../build/joystick_controller/joystick_controller.egg-info/dependency_links.txt
[0.625s] writing entry points to ../../build/joystick_controller/joystick_controller.egg-info/entry_points.txt
[0.625s] writing requirements to ../../build/joystick_controller/joystick_controller.egg-info/requires.txt
[0.625s] writing top-level names to ../../build/joystick_controller/joystick_controller.egg-info/top_level.txt
[0.626s] reading manifest file '../../build/joystick_controller/joystick_controller.egg-info/SOURCES.txt'
[0.626s] adding license file 'LICENSE'
[0.626s] writing manifest file '../../build/joystick_controller/joystick_controller.egg-info/SOURCES.txt'
[0.627s] running build
[0.627s] running build_py
[0.628s] running install
[0.628s] running install_lib
[0.629s] running install_data
[0.629s] running install_egg_info
[0.631s] removing '/home/user/fprobocon/install/joystick_controller/lib/python3.10/site-packages/joystick_controller-0.0.0-py3.10.egg-info' (and everything under it)
[0.631s] Copying ../../build/joystick_controller/joystick_controller.egg-info to /home/user/fprobocon/install/joystick_controller/lib/python3.10/site-packages/joystick_controller-0.0.0-py3.10.egg-info
[0.632s] running install_scripts
[0.646s] writing list of installed files to '/home/user/fprobocon/build/joystick_controller/install.log'
[0.664s] Invoked command in '/home/user/fprobocon/src/joystick_controller' returned '0': PYTHONPATH=/home/user/fprobocon/build/joystick_controller/prefix_override:/usr/lib/python3/dist-packages/colcon_core/task/python/colcon_distutils_commands:/home/user/fprobocon/install/joystick_controller/lib/python3.10/site-packages:${PYTHONPATH} /usr/bin/python3 -W ignore:setup.py install is deprecated setup.py egg_info --egg-base ../../build/joystick_controller build --build-base /home/user/fprobocon/build/joystick_controller/build install --record /home/user/fprobocon/build/joystick_controller/install.log --single-version-externally-managed install_data
